2023-02-05 23:21:04,101 - INFO - Generated token eyJ0eXAiOiJKV1QiLCJhbGciOiJIUzI1NiJ9.eyJ1c2VybmFtZSI6Ikplc3NpY2EgVGVtcG9yYWwiLCJwYXNzd29yZCI6Ikplc3NQYXNzIn0.B1_JPd1f0CSeSSniCqeq7y-vNbYDEuCkHpIbD_N9wcY for customer Jessica Temporal
2023-02-05 23:21:23,320 - INFO - Decoded token b'eyJ0eXAiOiJKV1QiLCJhbGciOiJIUzI1NiJ9.eyJ1c2VybmFtZSI6Ikplc3NpY2EgVGVtcG9yYWwiLCJwYXNzd29yZCI6Ikplc3NQYXNzIn0.B1_JPd1f0CSeSSniCqeq7y-vNbYDEuCkHpIbD_N9wcY' to get {'username': 'Jessica Temporal', 'password': 'JessPass'}
2023-02-06 22:41:26,490 - INFO - Trying to add a new customer dayeemparkar
2023-02-06 22:41:26,793 - INFO - Customer dayeemparkar created
2023-02-06 22:42:13,058 - INFO - Trying to add a new customer dayeemparkar
2023-02-06 22:42:13,323 - INFO - Customer dayeemparkar created
2023-02-06 22:44:30,614 - INFO - Trying to add a new customer dayeemparkar
2023-02-06 22:44:30,643 - WARNING - Username dayeemparkar is already taken
2023-02-06 22:44:52,583 - INFO - Trying to add a new customer shivamtr
2023-02-06 22:44:52,851 - INFO - Customer shivamtr created
2023-02-06 22:46:51,268 - INFO - Trying to add a new customer fwazergxdtf
2023-02-06 22:46:51,568 - WARNING - Mobile number 1234568907 already registered
2023-02-06 22:47:11,376 - INFO - Trying to add a new customer fwazergxdtf
2023-02-06 22:47:11,643 - INFO - Customer fwazergxdtf created
2023-02-06 22:48:53,811 - INFO - Trying to add a new customer fwazergxdtr
2023-02-06 22:48:54,129 - INFO - Customer fwazergxdtr created
2023-02-07 12:30:21,319 - INFO - Generated token eyJ0eXAiOiJKV1QiLCJhbGciOiJIUzI1NiJ9.eyJ1c2VybmFtZSI6ImRheWVlbSIsInBhc3N3b3JkIjoicGFzc3dvcmQifQ.6nzB_m0uzUudC5O8PiZxQvh4LZ2b3rr93i7sx3YtQ3I for {'username': 'dayeem', 'password': 'password'}
2023-02-07 14:52:27,263 - INFO - Customer Login info: Customer dayeemparkar verified
2023-02-07 14:52:27,263 - INFO - Customer dayeemparkar logged in with token eyJ0eXAiOiJKV1QiLCJhbGciOiJIUzI1NiJ9.eyJ1c2VybmFtZSI6ImRheWVlbXBhcmthciIsInBhc3N3b3JkIjoiJDJiJDEyJGJnYmxBNHhzMlRFczBrOGhqajQuZi5TSzlRU1RpL3QueE9JSjZpNzBCM0lONU05VE8ya2tlIiwidGltZXN0YW1wIjoiMjAyMy0wMi0wNyAxNDo1MjoyNy4yNjM3NTUifQ.zRJeKqHeqPYbghBPNiuf-cWsfpBE17tFMHP80K9OBRE
2023-02-07 14:53:07,774 - INFO - Clearing session variables for user dayeemparkar
2023-02-07 14:53:07,774 - INFO - Session variables cleared
2023-02-07 14:56:54,079 - INFO - Customer Login info: Customer dayeemparkar verified
2023-02-07 14:56:54,079 - INFO - Customer dayeemparkar logged in with token eyJ0eXAiOiJKV1QiLCJhbGciOiJIUzI1NiJ9.eyJ1c2VybmFtZSI6ImRheWVlbXBhcmthciIsInBhc3N3b3JkIjoiJDJiJDEyJGJnYmxBNHhzMlRFczBrOGhqajQuZi5TSzlRU1RpL3QueE9JSjZpNzBCM0lONU05VE8ya2tlIiwidGltZXN0YW1wIjoiMjAyMy0wMi0wNyAxNDo1Njo1NC4wNzkyNzYifQ.THpjEc7tnNqd0IErd9tHw4-bxHF1l0OwViDG_8XhvIY
2023-02-07 14:57:10,907 - INFO - Clearing session variables for user dayeemparkar
2023-02-07 14:57:10,907 - INFO - Session variables cleared
2023-02-07 14:57:22,500 - WARNING - Customer Login warning: Invalid password sdjhcbsjdhv for customer dayeemparkar
IndexError: string index out of range
2023-02-07 15:07:57,153 - WARNING - Customer Login warning: Customer dayeemparkar2sd does not exist
2023-02-07 15:15:09,252 - INFO - Customer Login info: Customer dayeemparkar verified
2023-02-07 15:15:09,252 - INFO - Customer dayeemparkar logged in with token eyJ0eXAiOiJKV1QiLCJhbGciOiJIUzI1NiJ9.eyJ1c2VybmFtZSI6ImRheWVlbXBhcmthciIsInBhc3N3b3JkIjoiJDJiJDEyJGJnYmxBNHhzMlRFczBrOGhqajQuZi5TSzlRU1RpL3QueE9JSjZpNzBCM0lONU05VE8ya2tlIiwidGltZXN0YW1wIjoiMjAyMy0wMi0wNyAxNToxNTowOS4yNTI4MDEifQ.cy0BWBYoyqEetcR0DzKSw-C7O3Yqga7UM0yX4J6CMlc
2023-02-07 15:15:19,551 - INFO - Clearing session variables for user dayeemparkar
2023-02-07 15:15:19,551 - INFO - Session variables cleared
2023-02-07 15:15:37,248 - INFO - Customer Login info: Customer dayeemparkar verified
2023-02-07 15:15:37,248 - INFO - Customer dayeemparkar logged in with token eyJ0eXAiOiJKV1QiLCJhbGciOiJIUzI1NiJ9.eyJ1c2VybmFtZSI6ImRheWVlbXBhcmthciIsInBhc3N3b3JkIjoiJDJiJDEyJGJnYmxBNHhzMlRFczBrOGhqajQuZi5TSzlRU1RpL3QueE9JSjZpNzBCM0lONU05VE8ya2tlIiwidGltZXN0YW1wIjoiMjAyMy0wMi0wNyAxNToxNTozNy4yNDgyNzgifQ.DNedWIbEnQplI-Ug3T-7qaV_93uZQ8JiY-WQPblJhM4
2023-02-07 15:15:48,525 - INFO - Clearing session variables for user dayeemparkar
2023-02-07 15:15:48,526 - INFO - Session variables cleared
2023-02-07 15:23:42,700 - INFO - Customer Login info: Customer dayeemparkar verified
2023-02-07 15:23:42,701 - INFO - Customer dayeemparkar logged in with token eyJ0eXAiOiJKV1QiLCJhbGciOiJIUzI1NiJ9.eyJ1c2VybmFtZSI6ImRheWVlbXBhcmthciIsInBhc3N3b3JkIjoiJDJiJDEyJGJnYmxBNHhzMlRFczBrOGhqajQuZi5TSzlRU1RpL3QueE9JSjZpNzBCM0lONU05VE8ya2tlIiwidGltZXN0YW1wIjoiMjAyMy0wMi0wNyAxNToyMzo0Mi43MDA5OTcifQ.jcZX__fsjnDEzp3sqHv_YtCH0oLElayo6m6vxggugo4
2023-02-07 15:23:57,104 - INFO - Clearing session variables for user dayeemparkar
2023-02-07 15:23:57,104 - INFO - Session variables cleared
2023-02-07 15:46:52,989 - INFO - Generated token eyJ0eXAiOiJKV1QiLCJhbGciOiJIUzI1NiJ9.eyJ1c2VybmFtZSI6ImRheWVlbXBhcmthciIsInBhc3N3b3JkIjoiZGF5ZWVtIn0.pmULJvjDaoN4ippmiKCiHsJeWs5DXnPfN5ZWtUNYylw for {'username': 'dayeemparkar', 'password': 'dayeem'}
2023-02-07 16:58:34,647 - WARNING - Customer Login warning: Invalid password random for customer dayeemparkar
2023-02-07 16:58:34,648 - WARNING - Invalid credentials: Username dayeemparkar, Password random
2023-02-07 16:58:45,449 - INFO - Customer Login info: Customer dayeemparkar verified
2023-02-07 16:58:45,449 - INFO - Generated token eyJ0eXAiOiJKV1QiLCJhbGciOiJIUzI1NiJ9.eyJ1c2VybmFtZSI6ImRheWVlbXBhcmthciIsInBhc3N3b3JkIjoiZGF5ZWVtIiwidGltZXN0YW1wIjoiMjAyMy0wMi0wNyAxNjo1ODo0NS40NDk4MTQifQ.BQ9EsUBtsSOky0nFRjO6VZPZAdaI3E2e68Res0sK7RA for {'username': 'dayeemparkar', 'password': 'dayeem', 'timestamp': '2023-02-07 16:58:45.449814'}
2023-02-07 16:59:28,158 - INFO - Decoded token b'eyJ0eXAiOiJKV1QiLCJhbGciOiJIUzI1NiJ9.eyJ1c2VybmFtZSI6ImRheWVlbXBhcmthciIsInBhc3N3b3JkIjoiZGF5ZWVtIiwidGltZXN0YW1wIjoiMjAyMy0wMi0wNyAxNjo1ODo0NS40NDk4MTQifQ.BQ9EsUBtsSOky0nFRjO6VZPZAdaI3E2e68Res0sK7RA' to get {'username': 'dayeemparkar', 'password': 'dayeem', 'timestamp': '2023-02-07 16:58:45.449814'}
2023-02-07 16:59:28,419 - INFO - Customer Login info: Customer dayeemparkar verified
2023-02-07 17:10:26,174 - INFO - Customer Login info: Customer dayeemparkar verified
2023-02-07 17:10:26,174 - INFO - Customer dayeemparkar logged in with token eyJ0eXAiOiJKV1QiLCJhbGciOiJIUzI1NiJ9.eyJ1c2VybmFtZSI6ImRheWVlbXBhcmthciIsInBhc3N3b3JkIjoiJDJiJDEyJGJnYmxBNHhzMlRFczBrOGhqajQuZi5TSzlRU1RpL3QueE9JSjZpNzBCM0lONU05VE8ya2tlIiwidGltZXN0YW1wIjoiMjAyMy0wMi0wNyAxNzoxMDoyNi4xNzQ1NDMifQ.YLPM72Z2Kn7DLqXSrTiVUjAAUaxoEx9LZOUwyZK0hH4
2023-02-07 17:10:44,322 - INFO - Clearing session variables for user dayeemparkar
2023-02-07 17:10:44,322 - INFO - Session variables cleared
2023-02-07 21:00:24,277 - ERROR - Error while inserting row with params ['1', '1000', "'2023-02-07 21:00:24.275526+05:30'"] in table transactions
Traceback (most recent call last):
  File "/Users/dayeemparkar/Desktop/Training/BajajMarketsTrainingCaseStudy/db_connector_class.py", line 130, in insertRow
    cls.cur.execute(cls.generateInsertQuery(table_name, params, TRANSACTION_TABLE_COLS[1:]))
psycopg2.errors.SyntaxError: INSERT has more target columns than expressions
LINE 1: ...sactions (from_account_no, to_account_no, amount, transactio...
                                                             ^

2023-02-07 21:00:24,278 - ERROR - Error while creating tables
Traceback (most recent call last):
  File "/Users/dayeemparkar/Desktop/Training/BajajMarketsTrainingCaseStudy/db_connector_class.py", line 87, in createTables
    cls.cur.execute(cls.generateCreateQuery(CUSTOMER_TABLE, CUSTOMER_TABLE_COLS))
psycopg2.errors.InFailedSqlTransaction: current transaction is aborted, commands ignored until end of transaction block

2023-02-07 21:00:24,278 - ERROR - Error while selecting rows of table transactions
Traceback (most recent call last):
  File "/Users/dayeemparkar/Desktop/Training/BajajMarketsTrainingCaseStudy/db_connector_class.py", line 108, in selectRows
    cls.cur.execute(f"SELECT {select_rows} FROM {table_name} {additions};")
psycopg2.errors.InFailedSqlTransaction: current transaction is aborted, commands ignored until end of transaction block

2023-02-07 21:01:50,359 - ERROR - Error while inserting row with params ['1', '1000', "'2023-02-07 21:01:50.357982+05:30'"] in table transactions
Traceback (most recent call last):
  File "/Users/dayeemparkar/Desktop/Training/BajajMarketsTrainingCaseStudy/db_connector_class.py", line 130, in insertRow
    cls.cur.execute(cls.generateInsertQuery(table_name, params, cols))
psycopg2.errors.UndefinedColumn: column "t" of relation "transactions" does not exist
LINE 1: INSERT INTO transactions (t, a, t)  VALUES (1, 1000, '2023-0...
                                  ^

2023-02-07 21:01:50,360 - ERROR - Error while creating tables
Traceback (most recent call last):
  File "/Users/dayeemparkar/Desktop/Training/BajajMarketsTrainingCaseStudy/db_connector_class.py", line 87, in createTables
    cls.cur.execute(cls.generateCreateQuery(CUSTOMER_TABLE, CUSTOMER_TABLE_COLS))
psycopg2.errors.InFailedSqlTransaction: current transaction is aborted, commands ignored until end of transaction block

2023-02-07 21:01:50,360 - ERROR - Error while selecting rows of table transactions
Traceback (most recent call last):
  File "/Users/dayeemparkar/Desktop/Training/BajajMarketsTrainingCaseStudy/db_connector_class.py", line 108, in selectRows
    cls.cur.execute(f"SELECT {select_rows} FROM {table_name} {additions};")
psycopg2.errors.InFailedSqlTransaction: current transaction is aborted, commands ignored until end of transaction block

2023-02-07 22:51:39,737 - INFO - Customer Login info: Customer uname verified
2023-02-07 22:51:39,737 - INFO - Customer uname logged in with token eyJ0eXAiOiJKV1QiLCJhbGciOiJIUzI1NiJ9.eyJ1c2VybmFtZSI6InVuYW1lIiwicGFzc3dvcmQiOiIkMmIkMTIkZjNWZjNyOWFZRE5KTGZRUHVOM3hEZS9GanVDalZEMy9CU2Q4alBwclJIcWZiTkIvZ3I0RDIiLCJ0aW1lc3RhbXAiOiIyMDIzLTAyLTA3IDIyOjUxOjM5LjczNzc5NSJ9.l7nyxkPL8YOVxjCdGHn4-jTINaQmn0nZM4UmWVsdhK4
2023-02-08 14:36:02,094 - INFO - Clearing session variables for user uname
2023-02-08 14:36:02,095 - INFO - Session variables cleared
2023-02-08 14:36:07,622 - INFO - Customer Login info: Customer uname verified
2023-02-08 14:36:07,622 - INFO - Customer uname logged in with token eyJ0eXAiOiJKV1QiLCJhbGciOiJIUzI1NiJ9.eyJ1c2VybmFtZSI6InVuYW1lIiwicGFzc3dvcmQiOiIkMmIkMTIkTlI3clBUZ0ZzbXRCMFRhdzNLNzNsT29yRXl6YVhvSnRjS05RUHBpQ2xsYkgwaHVzZ0ZqNEciLCJ0aW1lc3RhbXAiOiIyMDIzLTAyLTA4IDE0OjM2OjA3LjYyMjcyNCJ9.lFj00LZjcqoSaR3H6E32bnpY2GT5QN8zFLESskvVvaA
2023-02-08 14:36:10,065 - INFO - Decoded token b'eyJ0eXAiOiJKV1QiLCJhbGciOiJIUzI1NiJ9.eyJ1c2VybmFtZSI6InVuYW1lIiwicGFzc3dvcmQiOiIkMmIkMTIkTlI3clBUZ0ZzbXRCMFRhdzNLNzNsT29yRXl6YVhvSnRjS05RUHBpQ2xsYkgwaHVzZ0ZqNEciLCJ0aW1lc3RhbXAiOiIyMDIzLTAyLTA4IDE0OjM2OjA3LjYyMjcyNCJ9.lFj00LZjcqoSaR3H6E32bnpY2GT5QN8zFLESskvVvaA' to get {'username': 'uname', 'password': '$2b$12$NR7rPTgFsmtB0Taw3K73lOorEyzaXoJtcKNQPpiCllbH0husgFj4G', 'timestamp': '2023-02-08 14:36:07.622724'}
2023-02-08 14:36:21,651 - INFO - Decoded token b'eyJ0eXAiOiJKV1QiLCJhbGciOiJIUzI1NiJ9.eyJ1c2VybmFtZSI6InVuYW1lIiwicGFzc3dvcmQiOiIkMmIkMTIkTlI3clBUZ0ZzbXRCMFRhdzNLNzNsT29yRXl6YVhvSnRjS05RUHBpQ2xsYkgwaHVzZ0ZqNEciLCJ0aW1lc3RhbXAiOiIyMDIzLTAyLTA4IDE0OjM2OjA3LjYyMjcyNCJ9.lFj00LZjcqoSaR3H6E32bnpY2GT5QN8zFLESskvVvaA' to get {'username': 'uname', 'password': '$2b$12$NR7rPTgFsmtB0Taw3K73lOorEyzaXoJtcKNQPpiCllbH0husgFj4G', 'timestamp': '2023-02-08 14:36:07.622724'}
2023-02-08 14:36:21,914 - ERROR - Error while inserting row with params ['a1pass', 'Savings Account', 5000] in table accounts
Traceback (most recent call last):
  File "/Users/dayeemparkar/Desktop/Training/BajajMarketsTrainingCaseStudy/db_connector_class.py", line 125, in insertRow
    cls.cur.execute(cls.generateInsertQuery(table_name, [f"'{param}'" for param in params], ACCOUNT_TABLE_COLS[1:]))
psycopg2.errors.StringDataRightTruncation: value too long for type character varying(10)

2023-02-08 14:36:21,915 - INFO - Created new account for customer uname
2023-02-08 14:36:21,920 - INFO - Decoded token b'eyJ0eXAiOiJKV1QiLCJhbGciOiJIUzI1NiJ9.eyJ1c2VybmFtZSI6InVuYW1lIiwicGFzc3dvcmQiOiIkMmIkMTIkTlI3clBUZ0ZzbXRCMFRhdzNLNzNsT29yRXl6YVhvSnRjS05RUHBpQ2xsYkgwaHVzZ0ZqNEciLCJ0aW1lc3RhbXAiOiIyMDIzLTAyLTA4IDE0OjM2OjA3LjYyMjcyNCJ9.lFj00LZjcqoSaR3H6E32bnpY2GT5QN8zFLESskvVvaA' to get {'username': 'uname', 'password': '$2b$12$NR7rPTgFsmtB0Taw3K73lOorEyzaXoJtcKNQPpiCllbH0husgFj4G', 'timestamp': '2023-02-08 14:36:07.622724'}
2023-02-08 14:36:21,920 - ERROR - Error while creating tables
Traceback (most recent call last):
  File "/Users/dayeemparkar/Desktop/Training/BajajMarketsTrainingCaseStudy/db_connector_class.py", line 87, in createTables
    cls.cur.execute(cls.generateCreateQuery(CUSTOMER_TABLE, CUSTOMER_TABLE_COLS))
psycopg2.errors.InFailedSqlTransaction: current transaction is aborted, commands ignored until end of transaction block

2023-02-08 14:36:21,920 - ERROR - Error while selecting rows of table customers
Traceback (most recent call last):
  File "/Users/dayeemparkar/Desktop/Training/BajajMarketsTrainingCaseStudy/db_connector_class.py", line 106, in selectRows
    cls.cur.execute(f"SELECT {select_rows} FROM {table_name} WHERE {condition} {additions};")
psycopg2.errors.InFailedSqlTransaction: current transaction is aborted, commands ignored until end of transaction block

2023-02-08 14:36:21,920 - WARNING - Customer retrieve warning: Username uname not found
2023-02-08 14:36:21,920 - WARNING - View account error: Username uname. Customer not found
2023-02-08 14:38:46,027 - INFO - Clearing session variables for user uname
2023-02-08 14:38:46,028 - INFO - Session variables cleared
2023-02-08 14:38:52,516 - INFO - Customer Login info: Customer uname verified
2023-02-08 14:38:52,516 - INFO - Customer uname logged in with token eyJ0eXAiOiJKV1QiLCJhbGciOiJIUzI1NiJ9.eyJ1c2VybmFtZSI6InVuYW1lIiwicGFzc3dvcmQiOiIkMmIkMTIkTlI3clBUZ0ZzbXRCMFRhdzNLNzNsT29yRXl6YVhvSnRjS05RUHBpQ2xsYkgwaHVzZ0ZqNEciLCJ0aW1lc3RhbXAiOiIyMDIzLTAyLTA4IDE0OjM4OjUyLjUxNjU0OCJ9.MrlMQKPvBWiZZTkLmf8j_zXD2Fpl2ZRECNknw1sHpvQ
2023-02-08 14:38:55,538 - INFO - Decoded token b'eyJ0eXAiOiJKV1QiLCJhbGciOiJIUzI1NiJ9.eyJ1c2VybmFtZSI6InVuYW1lIiwicGFzc3dvcmQiOiIkMmIkMTIkTlI3clBUZ0ZzbXRCMFRhdzNLNzNsT29yRXl6YVhvSnRjS05RUHBpQ2xsYkgwaHVzZ0ZqNEciLCJ0aW1lc3RhbXAiOiIyMDIzLTAyLTA4IDE0OjM4OjUyLjUxNjU0OCJ9.MrlMQKPvBWiZZTkLmf8j_zXD2Fpl2ZRECNknw1sHpvQ' to get {'username': 'uname', 'password': '$2b$12$NR7rPTgFsmtB0Taw3K73lOorEyzaXoJtcKNQPpiCllbH0husgFj4G', 'timestamp': '2023-02-08 14:38:52.516548'}
2023-02-08 14:39:04,149 - INFO - Decoded token b'eyJ0eXAiOiJKV1QiLCJhbGciOiJIUzI1NiJ9.eyJ1c2VybmFtZSI6InVuYW1lIiwicGFzc3dvcmQiOiIkMmIkMTIkTlI3clBUZ0ZzbXRCMFRhdzNLNzNsT29yRXl6YVhvSnRjS05RUHBpQ2xsYkgwaHVzZ0ZqNEciLCJ0aW1lc3RhbXAiOiIyMDIzLTAyLTA4IDE0OjM4OjUyLjUxNjU0OCJ9.MrlMQKPvBWiZZTkLmf8j_zXD2Fpl2ZRECNknw1sHpvQ' to get {'username': 'uname', 'password': '$2b$12$NR7rPTgFsmtB0Taw3K73lOorEyzaXoJtcKNQPpiCllbH0husgFj4G', 'timestamp': '2023-02-08 14:38:52.516548'}
2023-02-08 14:39:04,415 - ERROR - Error while inserting row with params ['a1pass', 'Savings Account', 5000] in table accounts
Traceback (most recent call last):
  File "/Users/dayeemparkar/Desktop/Training/BajajMarketsTrainingCaseStudy/db_connector_class.py", line 126, in insertRow
    cls.cur.execute(cls.generateInsertQuery(table_name, [f"'{param}'" for param in params], ACCOUNT_TABLE_COLS[1:]))
psycopg2.errors.StringDataRightTruncation: value too long for type character varying(10)

2023-02-08 14:39:04,416 - INFO - Created new account for customer uname
2023-02-08 14:39:04,421 - INFO - Decoded token b'eyJ0eXAiOiJKV1QiLCJhbGciOiJIUzI1NiJ9.eyJ1c2VybmFtZSI6InVuYW1lIiwicGFzc3dvcmQiOiIkMmIkMTIkTlI3clBUZ0ZzbXRCMFRhdzNLNzNsT29yRXl6YVhvSnRjS05RUHBpQ2xsYkgwaHVzZ0ZqNEciLCJ0aW1lc3RhbXAiOiIyMDIzLTAyLTA4IDE0OjM4OjUyLjUxNjU0OCJ9.MrlMQKPvBWiZZTkLmf8j_zXD2Fpl2ZRECNknw1sHpvQ' to get {'username': 'uname', 'password': '$2b$12$NR7rPTgFsmtB0Taw3K73lOorEyzaXoJtcKNQPpiCllbH0husgFj4G', 'timestamp': '2023-02-08 14:38:52.516548'}
2023-02-08 14:39:04,421 - ERROR - Error while creating tables
Traceback (most recent call last):
  File "/Users/dayeemparkar/Desktop/Training/BajajMarketsTrainingCaseStudy/db_connector_class.py", line 87, in createTables
    cls.cur.execute(cls.generateCreateQuery(CUSTOMER_TABLE, CUSTOMER_TABLE_COLS))
psycopg2.errors.InFailedSqlTransaction: current transaction is aborted, commands ignored until end of transaction block

2023-02-08 14:39:04,421 - ERROR - Error while selecting rows of table customers
Traceback (most recent call last):
  File "/Users/dayeemparkar/Desktop/Training/BajajMarketsTrainingCaseStudy/db_connector_class.py", line 107, in selectRows
    cls.cur.execute(f"SELECT {select_rows} FROM {table_name} WHERE {condition} {additions};")
psycopg2.errors.InFailedSqlTransaction: current transaction is aborted, commands ignored until end of transaction block

2023-02-08 14:39:04,421 - WARNING - Customer retrieve warning: Username uname not found
2023-02-08 14:39:04,421 - WARNING - View account error: Username uname. Customer not found
2023-02-08 14:40:17,444 - INFO - Clearing session variables for user uname
2023-02-08 14:40:17,444 - INFO - Session variables cleared
2023-02-08 14:40:22,854 - INFO - Customer Login info: Customer uname verified
2023-02-08 14:40:22,855 - INFO - Customer uname logged in with token eyJ0eXAiOiJKV1QiLCJhbGciOiJIUzI1NiJ9.eyJ1c2VybmFtZSI6InVuYW1lIiwicGFzc3dvcmQiOiIkMmIkMTIkTlI3clBUZ0ZzbXRCMFRhdzNLNzNsT29yRXl6YVhvSnRjS05RUHBpQ2xsYkgwaHVzZ0ZqNEciLCJ0aW1lc3RhbXAiOiIyMDIzLTAyLTA4IDE0OjQwOjIyLjg1NDk2NSJ9.pb4OTXn5-fQPsh3LxY9VTq1SiNedVBXhVIeaC-Pstj4
2023-02-08 14:40:25,203 - INFO - Decoded token b'eyJ0eXAiOiJKV1QiLCJhbGciOiJIUzI1NiJ9.eyJ1c2VybmFtZSI6InVuYW1lIiwicGFzc3dvcmQiOiIkMmIkMTIkTlI3clBUZ0ZzbXRCMFRhdzNLNzNsT29yRXl6YVhvSnRjS05RUHBpQ2xsYkgwaHVzZ0ZqNEciLCJ0aW1lc3RhbXAiOiIyMDIzLTAyLTA4IDE0OjQwOjIyLjg1NDk2NSJ9.pb4OTXn5-fQPsh3LxY9VTq1SiNedVBXhVIeaC-Pstj4' to get {'username': 'uname', 'password': '$2b$12$NR7rPTgFsmtB0Taw3K73lOorEyzaXoJtcKNQPpiCllbH0husgFj4G', 'timestamp': '2023-02-08 14:40:22.854965'}
2023-02-08 14:40:35,674 - INFO - Decoded token b'eyJ0eXAiOiJKV1QiLCJhbGciOiJIUzI1NiJ9.eyJ1c2VybmFtZSI6InVuYW1lIiwicGFzc3dvcmQiOiIkMmIkMTIkTlI3clBUZ0ZzbXRCMFRhdzNLNzNsT29yRXl6YVhvSnRjS05RUHBpQ2xsYkgwaHVzZ0ZqNEciLCJ0aW1lc3RhbXAiOiIyMDIzLTAyLTA4IDE0OjQwOjIyLjg1NDk2NSJ9.pb4OTXn5-fQPsh3LxY9VTq1SiNedVBXhVIeaC-Pstj4' to get {'username': 'uname', 'password': '$2b$12$NR7rPTgFsmtB0Taw3K73lOorEyzaXoJtcKNQPpiCllbH0husgFj4G', 'timestamp': '2023-02-08 14:40:22.854965'}
2023-02-08 14:40:35,940 - ERROR - Error while inserting row with params ['a1pass', 'Current Account', 5000] in table accounts
Traceback (most recent call last):
  File "/Users/dayeemparkar/Desktop/Training/BajajMarketsTrainingCaseStudy/db_connector_class.py", line 122, in insertRow
    cls.cur.execute(cls.generateInsertQuery(table_name, [f"'{param}'" for param in params], ACCOUNT_TABLE_COLS[1:]))
psycopg2.errors.StringDataRightTruncation: value too long for type character varying(10)

2023-02-08 14:40:35,940 - INFO - Created new account for customer uname
2023-02-08 14:40:35,944 - INFO - Decoded token b'eyJ0eXAiOiJKV1QiLCJhbGciOiJIUzI1NiJ9.eyJ1c2VybmFtZSI6InVuYW1lIiwicGFzc3dvcmQiOiIkMmIkMTIkTlI3clBUZ0ZzbXRCMFRhdzNLNzNsT29yRXl6YVhvSnRjS05RUHBpQ2xsYkgwaHVzZ0ZqNEciLCJ0aW1lc3RhbXAiOiIyMDIzLTAyLTA4IDE0OjQwOjIyLjg1NDk2NSJ9.pb4OTXn5-fQPsh3LxY9VTq1SiNedVBXhVIeaC-Pstj4' to get {'username': 'uname', 'password': '$2b$12$NR7rPTgFsmtB0Taw3K73lOorEyzaXoJtcKNQPpiCllbH0husgFj4G', 'timestamp': '2023-02-08 14:40:22.854965'}
2023-02-08 14:40:35,944 - ERROR - Error while creating tables
Traceback (most recent call last):
  File "/Users/dayeemparkar/Desktop/Training/BajajMarketsTrainingCaseStudy/db_connector_class.py", line 87, in createTables
    cls.cur.execute(cls.generateCreateQuery(CUSTOMER_TABLE, CUSTOMER_TABLE_COLS))
psycopg2.errors.InFailedSqlTransaction: current transaction is aborted, commands ignored until end of transaction block

2023-02-08 14:40:35,944 - ERROR - Error while selecting rows of table customers
Traceback (most recent call last):
  File "/Users/dayeemparkar/Desktop/Training/BajajMarketsTrainingCaseStudy/db_connector_class.py", line 103, in selectRows
    cls.cur.execute(f"SELECT * FROM {table_name} WHERE {condition} {additions};")
psycopg2.errors.InFailedSqlTransaction: current transaction is aborted, commands ignored until end of transaction block

2023-02-08 14:40:35,945 - WARNING - Customer retrieve warning: Username uname not found
2023-02-08 14:40:35,945 - WARNING - View account error: Username uname. Customer not found
2023-02-08 14:41:20,684 - INFO - Decoded token b'eyJ0eXAiOiJKV1QiLCJhbGciOiJIUzI1NiJ9.eyJ1c2VybmFtZSI6InVuYW1lIiwicGFzc3dvcmQiOiIkMmIkMTIkTlI3clBUZ0ZzbXRCMFRhdzNLNzNsT29yRXl6YVhvSnRjS05RUHBpQ2xsYkgwaHVzZ0ZqNEciLCJ0aW1lc3RhbXAiOiIyMDIzLTAyLTA4IDE0OjQwOjIyLjg1NDk2NSJ9.pb4OTXn5-fQPsh3LxY9VTq1SiNedVBXhVIeaC-Pstj4' to get {'username': 'uname', 'password': '$2b$12$NR7rPTgFsmtB0Taw3K73lOorEyzaXoJtcKNQPpiCllbH0husgFj4G', 'timestamp': '2023-02-08 14:40:22.854965'}
2023-02-08 14:41:20,738 - WARNING - View account error: Username uname. No accounts
2023-02-08 14:41:41,816 - INFO - Decoded token b'eyJ0eXAiOiJKV1QiLCJhbGciOiJIUzI1NiJ9.eyJ1c2VybmFtZSI6InVuYW1lIiwicGFzc3dvcmQiOiIkMmIkMTIkTlI3clBUZ0ZzbXRCMFRhdzNLNzNsT29yRXl6YVhvSnRjS05RUHBpQ2xsYkgwaHVzZ0ZqNEciLCJ0aW1lc3RhbXAiOiIyMDIzLTAyLTA4IDE0OjQwOjIyLjg1NDk2NSJ9.pb4OTXn5-fQPsh3LxY9VTq1SiNedVBXhVIeaC-Pstj4' to get {'username': 'uname', 'password': '$2b$12$NR7rPTgFsmtB0Taw3K73lOorEyzaXoJtcKNQPpiCllbH0husgFj4G', 'timestamp': '2023-02-08 14:40:22.854965'}
2023-02-08 14:41:48,836 - INFO - Decoded token b'eyJ0eXAiOiJKV1QiLCJhbGciOiJIUzI1NiJ9.eyJ1c2VybmFtZSI6InVuYW1lIiwicGFzc3dvcmQiOiIkMmIkMTIkTlI3clBUZ0ZzbXRCMFRhdzNLNzNsT29yRXl6YVhvSnRjS05RUHBpQ2xsYkgwaHVzZ0ZqNEciLCJ0aW1lc3RhbXAiOiIyMDIzLTAyLTA4IDE0OjQwOjIyLjg1NDk2NSJ9.pb4OTXn5-fQPsh3LxY9VTq1SiNedVBXhVIeaC-Pstj4' to get {'username': 'uname', 'password': '$2b$12$NR7rPTgFsmtB0Taw3K73lOorEyzaXoJtcKNQPpiCllbH0husgFj4G', 'timestamp': '2023-02-08 14:40:22.854965'}
2023-02-08 14:41:49,100 - ERROR - Error while inserting row with params ['a1pass', 'Current Account', 5000] in table accounts
Traceback (most recent call last):
  File "/Users/dayeemparkar/Desktop/Training/BajajMarketsTrainingCaseStudy/db_connector_class.py", line 122, in insertRow
    cls.cur.execute(cls.generateInsertQuery(table_name, [f"'{param}'" for param in params], ACCOUNT_TABLE_COLS[1:]))
psycopg2.errors.StringDataRightTruncation: value too long for type character varying(10)

2023-02-08 14:41:49,102 - INFO - Created new account for customer uname
2023-02-08 14:41:49,106 - INFO - Decoded token b'eyJ0eXAiOiJKV1QiLCJhbGciOiJIUzI1NiJ9.eyJ1c2VybmFtZSI6InVuYW1lIiwicGFzc3dvcmQiOiIkMmIkMTIkTlI3clBUZ0ZzbXRCMFRhdzNLNzNsT29yRXl6YVhvSnRjS05RUHBpQ2xsYkgwaHVzZ0ZqNEciLCJ0aW1lc3RhbXAiOiIyMDIzLTAyLTA4IDE0OjQwOjIyLjg1NDk2NSJ9.pb4OTXn5-fQPsh3LxY9VTq1SiNedVBXhVIeaC-Pstj4' to get {'username': 'uname', 'password': '$2b$12$NR7rPTgFsmtB0Taw3K73lOorEyzaXoJtcKNQPpiCllbH0husgFj4G', 'timestamp': '2023-02-08 14:40:22.854965'}
2023-02-08 14:41:49,106 - ERROR - Error while creating tables
Traceback (most recent call last):
  File "/Users/dayeemparkar/Desktop/Training/BajajMarketsTrainingCaseStudy/db_connector_class.py", line 87, in createTables
    cls.cur.execute(cls.generateCreateQuery(CUSTOMER_TABLE, CUSTOMER_TABLE_COLS))
psycopg2.errors.InFailedSqlTransaction: current transaction is aborted, commands ignored until end of transaction block

2023-02-08 14:41:49,106 - ERROR - Error while selecting rows of table customers
Traceback (most recent call last):
  File "/Users/dayeemparkar/Desktop/Training/BajajMarketsTrainingCaseStudy/db_connector_class.py", line 103, in selectRows
    cls.cur.execute(f"SELECT * FROM {table_name} WHERE {condition} {additions};")
psycopg2.errors.InFailedSqlTransaction: current transaction is aborted, commands ignored until end of transaction block

2023-02-08 14:41:49,106 - WARNING - Customer retrieve warning: Username uname not found
2023-02-08 14:41:49,106 - WARNING - View account error: Username uname. Customer not found
2023-02-08 14:42:47,391 - INFO - Decoded token b'eyJ0eXAiOiJKV1QiLCJhbGciOiJIUzI1NiJ9.eyJ1c2VybmFtZSI6InVuYW1lIiwicGFzc3dvcmQiOiIkMmIkMTIkTlI3clBUZ0ZzbXRCMFRhdzNLNzNsT29yRXl6YVhvSnRjS05RUHBpQ2xsYkgwaHVzZ0ZqNEciLCJ0aW1lc3RhbXAiOiIyMDIzLTAyLTA4IDE0OjQwOjIyLjg1NDk2NSJ9.pb4OTXn5-fQPsh3LxY9VTq1SiNedVBXhVIeaC-Pstj4' to get {'username': 'uname', 'password': '$2b$12$NR7rPTgFsmtB0Taw3K73lOorEyzaXoJtcKNQPpiCllbH0husgFj4G', 'timestamp': '2023-02-08 14:40:22.854965'}
2023-02-08 14:42:52,600 - INFO - Decoded token b'eyJ0eXAiOiJKV1QiLCJhbGciOiJIUzI1NiJ9.eyJ1c2VybmFtZSI6InVuYW1lIiwicGFzc3dvcmQiOiIkMmIkMTIkTlI3clBUZ0ZzbXRCMFRhdzNLNzNsT29yRXl6YVhvSnRjS05RUHBpQ2xsYkgwaHVzZ0ZqNEciLCJ0aW1lc3RhbXAiOiIyMDIzLTAyLTA4IDE0OjQwOjIyLjg1NDk2NSJ9.pb4OTXn5-fQPsh3LxY9VTq1SiNedVBXhVIeaC-Pstj4' to get {'username': 'uname', 'password': '$2b$12$NR7rPTgFsmtB0Taw3K73lOorEyzaXoJtcKNQPpiCllbH0husgFj4G', 'timestamp': '2023-02-08 14:40:22.854965'}
2023-02-08 14:42:52,918 - ERROR - Error while inserting row with params ['a1pass', 'Current Account', 500] in table accounts
Traceback (most recent call last):
  File "/Users/dayeemparkar/Desktop/Training/BajajMarketsTrainingCaseStudy/db_connector_class.py", line 122, in insertRow
    cls.cur.execute(cls.generateInsertQuery(table_name, [f"'{param}'" for param in params], ACCOUNT_TABLE_COLS[1:]))
psycopg2.errors.StringDataRightTruncation: value too long for type character varying(10)

2023-02-08 14:42:52,919 - INFO - Created new account for customer uname
2023-02-08 14:42:52,923 - INFO - Decoded token b'eyJ0eXAiOiJKV1QiLCJhbGciOiJIUzI1NiJ9.eyJ1c2VybmFtZSI6InVuYW1lIiwicGFzc3dvcmQiOiIkMmIkMTIkTlI3clBUZ0ZzbXRCMFRhdzNLNzNsT29yRXl6YVhvSnRjS05RUHBpQ2xsYkgwaHVzZ0ZqNEciLCJ0aW1lc3RhbXAiOiIyMDIzLTAyLTA4IDE0OjQwOjIyLjg1NDk2NSJ9.pb4OTXn5-fQPsh3LxY9VTq1SiNedVBXhVIeaC-Pstj4' to get {'username': 'uname', 'password': '$2b$12$NR7rPTgFsmtB0Taw3K73lOorEyzaXoJtcKNQPpiCllbH0husgFj4G', 'timestamp': '2023-02-08 14:40:22.854965'}
2023-02-08 14:42:52,923 - ERROR - Error while creating tables
Traceback (most recent call last):
  File "/Users/dayeemparkar/Desktop/Training/BajajMarketsTrainingCaseStudy/db_connector_class.py", line 87, in createTables
    cls.cur.execute(cls.generateCreateQuery(CUSTOMER_TABLE, CUSTOMER_TABLE_COLS))
psycopg2.errors.InFailedSqlTransaction: current transaction is aborted, commands ignored until end of transaction block

2023-02-08 14:42:52,924 - ERROR - Error while selecting rows of table customers
Traceback (most recent call last):
  File "/Users/dayeemparkar/Desktop/Training/BajajMarketsTrainingCaseStudy/db_connector_class.py", line 103, in selectRows
    cls.cur.execute(f"SELECT * FROM {table_name} WHERE {condition} {additions};")
psycopg2.errors.InFailedSqlTransaction: current transaction is aborted, commands ignored until end of transaction block

2023-02-08 14:42:52,924 - WARNING - Customer retrieve warning: Username uname not found
2023-02-08 14:42:52,924 - WARNING - View account error: Username uname. Customer not found
2023-02-08 14:51:48,020 - INFO - Clearing session variables for user uname
2023-02-08 14:51:48,020 - INFO - Session variables cleared
2023-02-08 14:51:53,579 - INFO - Customer Login info: Customer uname verified
2023-02-08 14:51:53,579 - INFO - Customer uname logged in with token eyJ0eXAiOiJKV1QiLCJhbGciOiJIUzI1NiJ9.eyJ1c2VybmFtZSI6InVuYW1lIiwicGFzc3dvcmQiOiIkMmIkMTIkM0xoSzRCOHh3RGNickhSdmhDdkpXdXBzTUt2cG80eEM4VlN1Si9xMy4wSjAvNmNpemx3N0siLCJ0aW1lc3RhbXAiOiIyMDIzLTAyLTA4IDE0OjUxOjUzLjU3OTM5OCJ9.YpIjWIx_Ulz2FxKXLp5p-NBqHqpg-Wp0tQXNtC7Pihc
2023-02-08 14:51:56,008 - INFO - Decoded token b'eyJ0eXAiOiJKV1QiLCJhbGciOiJIUzI1NiJ9.eyJ1c2VybmFtZSI6InVuYW1lIiwicGFzc3dvcmQiOiIkMmIkMTIkM0xoSzRCOHh3RGNickhSdmhDdkpXdXBzTUt2cG80eEM4VlN1Si9xMy4wSjAvNmNpemx3N0siLCJ0aW1lc3RhbXAiOiIyMDIzLTAyLTA4IDE0OjUxOjUzLjU3OTM5OCJ9.YpIjWIx_Ulz2FxKXLp5p-NBqHqpg-Wp0tQXNtC7Pihc' to get {'username': 'uname', 'password': '$2b$12$3LhK4B8xwDcbrHRvhCvJWupsMKvpo4xC8VSuJ/q3.0J0/6cizlw7K', 'timestamp': '2023-02-08 14:51:53.579398'}
2023-02-08 14:51:56,017 - WARNING - View account error: Username uname. No accounts
2023-02-08 14:52:19,351 - INFO - Decoded token b'eyJ0eXAiOiJKV1QiLCJhbGciOiJIUzI1NiJ9.eyJ1c2VybmFtZSI6InVuYW1lIiwicGFzc3dvcmQiOiIkMmIkMTIkM0xoSzRCOHh3RGNickhSdmhDdkpXdXBzTUt2cG80eEM4VlN1Si9xMy4wSjAvNmNpemx3N0siLCJ0aW1lc3RhbXAiOiIyMDIzLTAyLTA4IDE0OjUxOjUzLjU3OTM5OCJ9.YpIjWIx_Ulz2FxKXLp5p-NBqHqpg-Wp0tQXNtC7Pihc' to get {'username': 'uname', 'password': '$2b$12$3LhK4B8xwDcbrHRvhCvJWupsMKvpo4xC8VSuJ/q3.0J0/6cizlw7K', 'timestamp': '2023-02-08 14:51:53.579398'}
2023-02-08 14:54:54,784 - INFO - Decoded token b'eyJ0eXAiOiJKV1QiLCJhbGciOiJIUzI1NiJ9.eyJ1c2VybmFtZSI6InVuYW1lIiwicGFzc3dvcmQiOiIkMmIkMTIkM0xoSzRCOHh3RGNickhSdmhDdkpXdXBzTUt2cG80eEM4VlN1Si9xMy4wSjAvNmNpemx3N0siLCJ0aW1lc3RhbXAiOiIyMDIzLTAyLTA4IDE0OjUxOjUzLjU3OTM5OCJ9.YpIjWIx_Ulz2FxKXLp5p-NBqHqpg-Wp0tQXNtC7Pihc' to get {'username': 'uname', 'password': '$2b$12$3LhK4B8xwDcbrHRvhCvJWupsMKvpo4xC8VSuJ/q3.0J0/6cizlw7K', 'timestamp': '2023-02-08 14:51:53.579398'}
2023-02-08 14:55:02,660 - INFO - Decoded token b'eyJ0eXAiOiJKV1QiLCJhbGciOiJIUzI1NiJ9.eyJ1c2VybmFtZSI6InVuYW1lIiwicGFzc3dvcmQiOiIkMmIkMTIkM0xoSzRCOHh3RGNickhSdmhDdkpXdXBzTUt2cG80eEM4VlN1Si9xMy4wSjAvNmNpemx3N0siLCJ0aW1lc3RhbXAiOiIyMDIzLTAyLTA4IDE0OjUxOjUzLjU3OTM5OCJ9.YpIjWIx_Ulz2FxKXLp5p-NBqHqpg-Wp0tQXNtC7Pihc' to get {'username': 'uname', 'password': '$2b$12$3LhK4B8xwDcbrHRvhCvJWupsMKvpo4xC8VSuJ/q3.0J0/6cizlw7K', 'timestamp': '2023-02-08 14:51:53.579398'}
2023-02-08 14:55:02,922 - ERROR - Error while accessing add account page. User: uname
Traceback (most recent call last):
  File "/Users/dayeemparkar/Desktop/Training/BajajMarketsTrainingCaseStudy/helpers.py", line 173, in tryToAddAccount
    print('\n\n\n\n\n', session.get(USERNAME, 'no user', '\n\n\n\n'))
TypeError: get() takes from 2 to 3 positional arguments but 4 were given

During handling of the above exception, another exception occurred:

Traceback (most recent call last):
  File "/Users/dayeemparkar/Desktop/Training/BajajMarketsTrainingCaseStudy/app.py", line 95, in addAccount
    res = tryToAddAccount(form)
  File "/Users/dayeemparkar/Desktop/Training/BajajMarketsTrainingCaseStudy/helpers.py", line 182, in tryToAddAccount
    logger.exception(f"Account add error: Customer {session.get(USERNAME, 'no user')}. Error while trying to adding account: {account_type}, {password}, {balance}")
UnboundLocalError: local variable 'balance' referenced before assignment
2023-02-08 14:56:06,899 - INFO - Decoded token b'eyJ0eXAiOiJKV1QiLCJhbGciOiJIUzI1NiJ9.eyJ1c2VybmFtZSI6InVuYW1lIiwicGFzc3dvcmQiOiIkMmIkMTIkM0xoSzRCOHh3RGNickhSdmhDdkpXdXBzTUt2cG80eEM4VlN1Si9xMy4wSjAvNmNpemx3N0siLCJ0aW1lc3RhbXAiOiIyMDIzLTAyLTA4IDE0OjUxOjUzLjU3OTM5OCJ9.YpIjWIx_Ulz2FxKXLp5p-NBqHqpg-Wp0tQXNtC7Pihc' to get {'username': 'uname', 'password': '$2b$12$3LhK4B8xwDcbrHRvhCvJWupsMKvpo4xC8VSuJ/q3.0J0/6cizlw7K', 'timestamp': '2023-02-08 14:51:53.579398'}
2023-02-08 14:56:13,046 - INFO - Decoded token b'eyJ0eXAiOiJKV1QiLCJhbGciOiJIUzI1NiJ9.eyJ1c2VybmFtZSI6InVuYW1lIiwicGFzc3dvcmQiOiIkMmIkMTIkM0xoSzRCOHh3RGNickhSdmhDdkpXdXBzTUt2cG80eEM4VlN1Si9xMy4wSjAvNmNpemx3N0siLCJ0aW1lc3RhbXAiOiIyMDIzLTAyLTA4IDE0OjUxOjUzLjU3OTM5OCJ9.YpIjWIx_Ulz2FxKXLp5p-NBqHqpg-Wp0tQXNtC7Pihc' to get {'username': 'uname', 'password': '$2b$12$3LhK4B8xwDcbrHRvhCvJWupsMKvpo4xC8VSuJ/q3.0J0/6cizlw7K', 'timestamp': '2023-02-08 14:51:53.579398'}
2023-02-08 14:56:13,351 - ERROR - Error while inserting row with params ['a1pass', 'Current Account', 500] in table accounts
Traceback (most recent call last):
  File "/Users/dayeemparkar/Desktop/Training/BajajMarketsTrainingCaseStudy/db_connector_class.py", line 122, in insertRow
    cls.cur.execute(cls.generateInsertQuery(table_name, [f"'{param}'" for param in params], ACCOUNT_TABLE_COLS[1:]))
psycopg2.errors.StringDataRightTruncation: value too long for type character varying(10)

2023-02-08 14:56:13,352 - INFO - Created new account for customer uname
2023-02-08 14:56:13,355 - INFO - Decoded token b'eyJ0eXAiOiJKV1QiLCJhbGciOiJIUzI1NiJ9.eyJ1c2VybmFtZSI6InVuYW1lIiwicGFzc3dvcmQiOiIkMmIkMTIkM0xoSzRCOHh3RGNickhSdmhDdkpXdXBzTUt2cG80eEM4VlN1Si9xMy4wSjAvNmNpemx3N0siLCJ0aW1lc3RhbXAiOiIyMDIzLTAyLTA4IDE0OjUxOjUzLjU3OTM5OCJ9.YpIjWIx_Ulz2FxKXLp5p-NBqHqpg-Wp0tQXNtC7Pihc' to get {'username': 'uname', 'password': '$2b$12$3LhK4B8xwDcbrHRvhCvJWupsMKvpo4xC8VSuJ/q3.0J0/6cizlw7K', 'timestamp': '2023-02-08 14:51:53.579398'}
2023-02-08 14:56:13,355 - ERROR - Error while creating tables
Traceback (most recent call last):
  File "/Users/dayeemparkar/Desktop/Training/BajajMarketsTrainingCaseStudy/db_connector_class.py", line 87, in createTables
    cls.cur.execute(cls.generateCreateQuery(CUSTOMER_TABLE, CUSTOMER_TABLE_COLS))
psycopg2.errors.InFailedSqlTransaction: current transaction is aborted, commands ignored until end of transaction block

2023-02-08 14:56:13,355 - ERROR - Error while selecting rows of table customers
Traceback (most recent call last):
  File "/Users/dayeemparkar/Desktop/Training/BajajMarketsTrainingCaseStudy/db_connector_class.py", line 103, in selectRows
    cls.cur.execute(f"SELECT * FROM {table_name} WHERE {condition} {additions};")
psycopg2.errors.InFailedSqlTransaction: current transaction is aborted, commands ignored until end of transaction block

2023-02-08 14:56:13,355 - WARNING - Customer retrieve warning: Username uname not found
2023-02-08 14:56:13,355 - WARNING - View account error: Username uname. Customer not found
2023-02-08 14:58:50,096 - INFO - Clearing session variables for user uname
2023-02-08 14:58:50,097 - INFO - Session variables cleared
2023-02-08 14:59:06,041 - INFO - Customer Login info: Customer uname verified
2023-02-08 14:59:06,041 - INFO - Customer uname logged in with token eyJ0eXAiOiJKV1QiLCJhbGciOiJIUzI1NiJ9.eyJ1c2VybmFtZSI6InVuYW1lIiwicGFzc3dvcmQiOiIkMmIkMTIkYk1DcEU0OXNVREZlY3hhQVA2bUwwZXlURUJlVDhxMk5PeXdiVlNXbGFscWsxOXFGRzBoQ0MiLCJ0aW1lc3RhbXAiOiIyMDIzLTAyLTA4IDE0OjU5OjA2LjA0MTg3MSJ9.TePZAE2qjQ60jsNfHVBaz2r8F6KnNjfTI8Z-esWvzeI
2023-02-08 14:59:09,337 - INFO - Decoded token b'eyJ0eXAiOiJKV1QiLCJhbGciOiJIUzI1NiJ9.eyJ1c2VybmFtZSI6InVuYW1lIiwicGFzc3dvcmQiOiIkMmIkMTIkYk1DcEU0OXNVREZlY3hhQVA2bUwwZXlURUJlVDhxMk5PeXdiVlNXbGFscWsxOXFGRzBoQ0MiLCJ0aW1lc3RhbXAiOiIyMDIzLTAyLTA4IDE0OjU5OjA2LjA0MTg3MSJ9.TePZAE2qjQ60jsNfHVBaz2r8F6KnNjfTI8Z-esWvzeI' to get {'username': 'uname', 'password': '$2b$12$bMCpE49sUDFecxaAP6mL0eyTEBeT8q2NOywbVSWlalqk19qFG0hCC', 'timestamp': '2023-02-08 14:59:06.041871'}
2023-02-08 14:59:15,917 - INFO - Decoded token b'eyJ0eXAiOiJKV1QiLCJhbGciOiJIUzI1NiJ9.eyJ1c2VybmFtZSI6InVuYW1lIiwicGFzc3dvcmQiOiIkMmIkMTIkYk1DcEU0OXNVREZlY3hhQVA2bUwwZXlURUJlVDhxMk5PeXdiVlNXbGFscWsxOXFGRzBoQ0MiLCJ0aW1lc3RhbXAiOiIyMDIzLTAyLTA4IDE0OjU5OjA2LjA0MTg3MSJ9.TePZAE2qjQ60jsNfHVBaz2r8F6KnNjfTI8Z-esWvzeI' to get {'username': 'uname', 'password': '$2b$12$bMCpE49sUDFecxaAP6mL0eyTEBeT8q2NOywbVSWlalqk19qFG0hCC', 'timestamp': '2023-02-08 14:59:06.041871'}
2023-02-08 14:59:16,179 - INFO - Created new account for customer uname
2023-02-08 14:59:16,182 - INFO - Decoded token b'eyJ0eXAiOiJKV1QiLCJhbGciOiJIUzI1NiJ9.eyJ1c2VybmFtZSI6InVuYW1lIiwicGFzc3dvcmQiOiIkMmIkMTIkYk1DcEU0OXNVREZlY3hhQVA2bUwwZXlURUJlVDhxMk5PeXdiVlNXbGFscWsxOXFGRzBoQ0MiLCJ0aW1lc3RhbXAiOiIyMDIzLTAyLTA4IDE0OjU5OjA2LjA0MTg3MSJ9.TePZAE2qjQ60jsNfHVBaz2r8F6KnNjfTI8Z-esWvzeI' to get {'username': 'uname', 'password': '$2b$12$bMCpE49sUDFecxaAP6mL0eyTEBeT8q2NOywbVSWlalqk19qFG0hCC', 'timestamp': '2023-02-08 14:59:06.041871'}
2023-02-08 14:59:16,185 - WARNING - View account error: Username uname. No accounts
2023-02-08 15:08:08,558 - INFO - Clearing session variables for user uname
2023-02-08 15:08:08,559 - INFO - Session variables cleared
2023-02-08 15:08:14,124 - INFO - Customer Login info: Customer uname verified
2023-02-08 15:08:14,125 - INFO - Customer uname logged in with token eyJ0eXAiOiJKV1QiLCJhbGciOiJIUzI1NiJ9.eyJ1c2VybmFtZSI6InVuYW1lIiwicGFzc3dvcmQiOiIkMmIkMTIkYk1DcEU0OXNVREZlY3hhQVA2bUwwZXlURUJlVDhxMk5PeXdiVlNXbGFscWsxOXFGRzBoQ0MiLCJ0aW1lc3RhbXAiOiIyMDIzLTAyLTA4IDE1OjA4OjE0LjEyNDg1NCJ9.Zygczmir-9K0s_AgVu94oJHNdHfVO4S7XdzvXKsC9bE
2023-02-08 15:08:16,371 - INFO - Decoded token b'eyJ0eXAiOiJKV1QiLCJhbGciOiJIUzI1NiJ9.eyJ1c2VybmFtZSI6InVuYW1lIiwicGFzc3dvcmQiOiIkMmIkMTIkYk1DcEU0OXNVREZlY3hhQVA2bUwwZXlURUJlVDhxMk5PeXdiVlNXbGFscWsxOXFGRzBoQ0MiLCJ0aW1lc3RhbXAiOiIyMDIzLTAyLTA4IDE1OjA4OjE0LjEyNDg1NCJ9.Zygczmir-9K0s_AgVu94oJHNdHfVO4S7XdzvXKsC9bE' to get {'username': 'uname', 'password': '$2b$12$bMCpE49sUDFecxaAP6mL0eyTEBeT8q2NOywbVSWlalqk19qFG0hCC', 'timestamp': '2023-02-08 15:08:14.124854'}
2023-02-08 15:08:16,376 - WARNING - View account error: Username uname. No accounts
2023-02-08 15:08:32,700 - INFO - Decoded token b'eyJ0eXAiOiJKV1QiLCJhbGciOiJIUzI1NiJ9.eyJ1c2VybmFtZSI6InVuYW1lIiwicGFzc3dvcmQiOiIkMmIkMTIkYk1DcEU0OXNVREZlY3hhQVA2bUwwZXlURUJlVDhxMk5PeXdiVlNXbGFscWsxOXFGRzBoQ0MiLCJ0aW1lc3RhbXAiOiIyMDIzLTAyLTA4IDE1OjA4OjE0LjEyNDg1NCJ9.Zygczmir-9K0s_AgVu94oJHNdHfVO4S7XdzvXKsC9bE' to get {'username': 'uname', 'password': '$2b$12$bMCpE49sUDFecxaAP6mL0eyTEBeT8q2NOywbVSWlalqk19qFG0hCC', 'timestamp': '2023-02-08 15:08:14.124854'}
2023-02-08 15:08:40,067 - INFO - Decoded token b'eyJ0eXAiOiJKV1QiLCJhbGciOiJIUzI1NiJ9.eyJ1c2VybmFtZSI6InVuYW1lIiwicGFzc3dvcmQiOiIkMmIkMTIkYk1DcEU0OXNVREZlY3hhQVA2bUwwZXlURUJlVDhxMk5PeXdiVlNXbGFscWsxOXFGRzBoQ0MiLCJ0aW1lc3RhbXAiOiIyMDIzLTAyLTA4IDE1OjA4OjE0LjEyNDg1NCJ9.Zygczmir-9K0s_AgVu94oJHNdHfVO4S7XdzvXKsC9bE' to get {'username': 'uname', 'password': '$2b$12$bMCpE49sUDFecxaAP6mL0eyTEBeT8q2NOywbVSWlalqk19qFG0hCC', 'timestamp': '2023-02-08 15:08:14.124854'}
2023-02-08 15:08:40,336 - ERROR - Account add error: Customer uname. Error while trying to adding account: Current Account, a2pass, 5000
Traceback (most recent call last):
  File "/Users/dayeemparkar/Desktop/Training/BajajMarketsTrainingCaseStudy/helpers.py", line 185, in tryToAddAccount
    DBConnection.insertRow(ACCOUNT_MAPPING_TABLE, [account_no, customer[0]])
  File "/Users/dayeemparkar/Desktop/Training/BajajMarketsTrainingCaseStudy/db_connector_class.py", line 124, in insertRow
    cls.cur.execute(cls.generateInsertQuery(table_name, params))
  File "/Users/dayeemparkar/Desktop/Training/BajajMarketsTrainingCaseStudy/db_connector_class.py", line 50, in generateInsertQuery
    return query + " VALUES (" + ", ".join(params) + ");"
TypeError: sequence item 0: expected str instance, int found
2023-02-08 15:10:19,658 - INFO - Decoded token b'eyJ0eXAiOiJKV1QiLCJhbGciOiJIUzI1NiJ9.eyJ1c2VybmFtZSI6InVuYW1lIiwicGFzc3dvcmQiOiIkMmIkMTIkYk1DcEU0OXNVREZlY3hhQVA2bUwwZXlURUJlVDhxMk5PeXdiVlNXbGFscWsxOXFGRzBoQ0MiLCJ0aW1lc3RhbXAiOiIyMDIzLTAyLTA4IDE1OjA4OjE0LjEyNDg1NCJ9.Zygczmir-9K0s_AgVu94oJHNdHfVO4S7XdzvXKsC9bE' to get {'username': 'uname', 'password': '$2b$12$bMCpE49sUDFecxaAP6mL0eyTEBeT8q2NOywbVSWlalqk19qFG0hCC', 'timestamp': '2023-02-08 15:08:14.124854'}
2023-02-08 15:10:29,338 - INFO - Decoded token b'eyJ0eXAiOiJKV1QiLCJhbGciOiJIUzI1NiJ9.eyJ1c2VybmFtZSI6InVuYW1lIiwicGFzc3dvcmQiOiIkMmIkMTIkYk1DcEU0OXNVREZlY3hhQVA2bUwwZXlURUJlVDhxMk5PeXdiVlNXbGFscWsxOXFGRzBoQ0MiLCJ0aW1lc3RhbXAiOiIyMDIzLTAyLTA4IDE1OjA4OjE0LjEyNDg1NCJ9.Zygczmir-9K0s_AgVu94oJHNdHfVO4S7XdzvXKsC9bE' to get {'username': 'uname', 'password': '$2b$12$bMCpE49sUDFecxaAP6mL0eyTEBeT8q2NOywbVSWlalqk19qFG0hCC', 'timestamp': '2023-02-08 15:08:14.124854'}
2023-02-08 15:10:29,637 - ERROR - Account add error: Customer uname. Error while trying to adding account: Current Account, a2pass, 5000
Traceback (most recent call last):
  File "/Users/dayeemparkar/Desktop/Training/BajajMarketsTrainingCaseStudy/helpers.py", line 186, in tryToAddAccount
    DBConnection.insertRow(ACCOUNT_MAPPING_TABLE, params=[account_no, customer[0]])
  File "/Users/dayeemparkar/Desktop/Training/BajajMarketsTrainingCaseStudy/db_connector_class.py", line 124, in insertRow
    cls.cur.execute(cls.generateInsertQuery(table_name, params))
  File "/Users/dayeemparkar/Desktop/Training/BajajMarketsTrainingCaseStudy/db_connector_class.py", line 50, in generateInsertQuery
    return query + " VALUES (" + ", ".join(params) + ");"
TypeError: sequence item 0: expected str instance, int found
2023-02-08 15:11:42,608 - INFO - Decoded token b'eyJ0eXAiOiJKV1QiLCJhbGciOiJIUzI1NiJ9.eyJ1c2VybmFtZSI6InVuYW1lIiwicGFzc3dvcmQiOiIkMmIkMTIkYk1DcEU0OXNVREZlY3hhQVA2bUwwZXlURUJlVDhxMk5PeXdiVlNXbGFscWsxOXFGRzBoQ0MiLCJ0aW1lc3RhbXAiOiIyMDIzLTAyLTA4IDE1OjA4OjE0LjEyNDg1NCJ9.Zygczmir-9K0s_AgVu94oJHNdHfVO4S7XdzvXKsC9bE' to get {'username': 'uname', 'password': '$2b$12$bMCpE49sUDFecxaAP6mL0eyTEBeT8q2NOywbVSWlalqk19qFG0hCC', 'timestamp': '2023-02-08 15:08:14.124854'}
2023-02-08 15:11:52,456 - INFO - Decoded token b'eyJ0eXAiOiJKV1QiLCJhbGciOiJIUzI1NiJ9.eyJ1c2VybmFtZSI6InVuYW1lIiwicGFzc3dvcmQiOiIkMmIkMTIkYk1DcEU0OXNVREZlY3hhQVA2bUwwZXlURUJlVDhxMk5PeXdiVlNXbGFscWsxOXFGRzBoQ0MiLCJ0aW1lc3RhbXAiOiIyMDIzLTAyLTA4IDE1OjA4OjE0LjEyNDg1NCJ9.Zygczmir-9K0s_AgVu94oJHNdHfVO4S7XdzvXKsC9bE' to get {'username': 'uname', 'password': '$2b$12$bMCpE49sUDFecxaAP6mL0eyTEBeT8q2NOywbVSWlalqk19qFG0hCC', 'timestamp': '2023-02-08 15:08:14.124854'}
2023-02-08 15:11:52,758 - INFO - Created new account for customer uname
2023-02-08 15:11:52,761 - INFO - Decoded token b'eyJ0eXAiOiJKV1QiLCJhbGciOiJIUzI1NiJ9.eyJ1c2VybmFtZSI6InVuYW1lIiwicGFzc3dvcmQiOiIkMmIkMTIkYk1DcEU0OXNVREZlY3hhQVA2bUwwZXlURUJlVDhxMk5PeXdiVlNXbGFscWsxOXFGRzBoQ0MiLCJ0aW1lc3RhbXAiOiIyMDIzLTAyLTA4IDE1OjA4OjE0LjEyNDg1NCJ9.Zygczmir-9K0s_AgVu94oJHNdHfVO4S7XdzvXKsC9bE' to get {'username': 'uname', 'password': '$2b$12$bMCpE49sUDFecxaAP6mL0eyTEBeT8q2NOywbVSWlalqk19qFG0hCC', 'timestamp': '2023-02-08 15:08:14.124854'}
2023-02-08 15:12:04,883 - INFO - Decoded token b'eyJ0eXAiOiJKV1QiLCJhbGciOiJIUzI1NiJ9.eyJ1c2VybmFtZSI6InVuYW1lIiwicGFzc3dvcmQiOiIkMmIkMTIkYk1DcEU0OXNVREZlY3hhQVA2bUwwZXlURUJlVDhxMk5PeXdiVlNXbGFscWsxOXFGRzBoQ0MiLCJ0aW1lc3RhbXAiOiIyMDIzLTAyLTA4IDE1OjA4OjE0LjEyNDg1NCJ9.Zygczmir-9K0s_AgVu94oJHNdHfVO4S7XdzvXKsC9bE' to get {'username': 'uname', 'password': '$2b$12$bMCpE49sUDFecxaAP6mL0eyTEBeT8q2NOywbVSWlalqk19qFG0hCC', 'timestamp': '2023-02-08 15:08:14.124854'}
2023-02-08 15:12:04,883 - ERROR - Error while accessing login. User: uname
Traceback (most recent call last):
  File "/Users/dayeemparkar/Desktop/Training/BajajMarketsTrainingCaseStudy/app.py", line 136, in viewTransactionHistory
    result = tryToViewTransactionHistory(account_no)
TypeError: tryToViewTransactionHistory() missing 1 required positional argument: 'username'
2023-02-08 15:13:19,281 - INFO - Clearing session variables for user uname
2023-02-08 15:13:19,282 - INFO - Session variables cleared
2023-02-08 15:13:43,497 - INFO - Trying to add a new customer dayeemparkar
2023-02-08 15:13:43,793 - INFO - Customer dayeemparkar created
2023-02-08 15:14:03,280 - INFO - Customer Login info: Customer dayeemparkar verified
2023-02-08 15:14:03,280 - INFO - Customer dayeemparkar logged in with token eyJ0eXAiOiJKV1QiLCJhbGciOiJIUzI1NiJ9.eyJ1c2VybmFtZSI6ImRheWVlbXBhcmthciIsInBhc3N3b3JkIjoiJDJiJDEyJENCTE12eHNOdGdaMDlhbUdCU1l2RGVSNlloNzNoNkJrY1c0QW1WTTVQb2NHTTdNaU9tdi4uIiwidGltZXN0YW1wIjoiMjAyMy0wMi0wOCAxNToxNDowMy4yODAyNjMifQ.5jHF1uHDS5rMXkKArYrPpyGfV7SeQbP2B__-0voKc8Q
2023-02-08 15:14:31,471 - INFO - Decoded token b'eyJ0eXAiOiJKV1QiLCJhbGciOiJIUzI1NiJ9.eyJ1c2VybmFtZSI6ImRheWVlbXBhcmthciIsInBhc3N3b3JkIjoiJDJiJDEyJENCTE12eHNOdGdaMDlhbUdCU1l2RGVSNlloNzNoNkJrY1c0QW1WTTVQb2NHTTdNaU9tdi4uIiwidGltZXN0YW1wIjoiMjAyMy0wMi0wOCAxNToxNDowMy4yODAyNjMifQ.5jHF1uHDS5rMXkKArYrPpyGfV7SeQbP2B__-0voKc8Q' to get {'username': 'dayeemparkar', 'password': '$2b$12$CBLMvxsNtgZ09amGBSYvDeR6Yh73h6BkcW4AmVM5PocGM7MiOmv..', 'timestamp': '2023-02-08 15:14:03.280263'}
2023-02-08 15:14:41,053 - INFO - Decoded token b'eyJ0eXAiOiJKV1QiLCJhbGciOiJIUzI1NiJ9.eyJ1c2VybmFtZSI6ImRheWVlbXBhcmthciIsInBhc3N3b3JkIjoiJDJiJDEyJENCTE12eHNOdGdaMDlhbUdCU1l2RGVSNlloNzNoNkJrY1c0QW1WTTVQb2NHTTdNaU9tdi4uIiwidGltZXN0YW1wIjoiMjAyMy0wMi0wOCAxNToxNDowMy4yODAyNjMifQ.5jHF1uHDS5rMXkKArYrPpyGfV7SeQbP2B__-0voKc8Q' to get {'username': 'dayeemparkar', 'password': '$2b$12$CBLMvxsNtgZ09amGBSYvDeR6Yh73h6BkcW4AmVM5PocGM7MiOmv..', 'timestamp': '2023-02-08 15:14:03.280263'}
2023-02-08 15:14:41,327 - INFO - Created new account for customer dayeemparkar
2023-02-08 15:14:41,331 - INFO - Decoded token b'eyJ0eXAiOiJKV1QiLCJhbGciOiJIUzI1NiJ9.eyJ1c2VybmFtZSI6ImRheWVlbXBhcmthciIsInBhc3N3b3JkIjoiJDJiJDEyJENCTE12eHNOdGdaMDlhbUdCU1l2RGVSNlloNzNoNkJrY1c0QW1WTTVQb2NHTTdNaU9tdi4uIiwidGltZXN0YW1wIjoiMjAyMy0wMi0wOCAxNToxNDowMy4yODAyNjMifQ.5jHF1uHDS5rMXkKArYrPpyGfV7SeQbP2B__-0voKc8Q' to get {'username': 'dayeemparkar', 'password': '$2b$12$CBLMvxsNtgZ09amGBSYvDeR6Yh73h6BkcW4AmVM5PocGM7MiOmv..', 'timestamp': '2023-02-08 15:14:03.280263'}
2023-02-08 15:14:48,210 - INFO - Decoded token b'eyJ0eXAiOiJKV1QiLCJhbGciOiJIUzI1NiJ9.eyJ1c2VybmFtZSI6ImRheWVlbXBhcmthciIsInBhc3N3b3JkIjoiJDJiJDEyJENCTE12eHNOdGdaMDlhbUdCU1l2RGVSNlloNzNoNkJrY1c0QW1WTTVQb2NHTTdNaU9tdi4uIiwidGltZXN0YW1wIjoiMjAyMy0wMi0wOCAxNToxNDowMy4yODAyNjMifQ.5jHF1uHDS5rMXkKArYrPpyGfV7SeQbP2B__-0voKc8Q' to get {'username': 'dayeemparkar', 'password': '$2b$12$CBLMvxsNtgZ09amGBSYvDeR6Yh73h6BkcW4AmVM5PocGM7MiOmv..', 'timestamp': '2023-02-08 15:14:03.280263'}
2023-02-08 15:14:58,481 - INFO - Decoded token b'eyJ0eXAiOiJKV1QiLCJhbGciOiJIUzI1NiJ9.eyJ1c2VybmFtZSI6ImRheWVlbXBhcmthciIsInBhc3N3b3JkIjoiJDJiJDEyJENCTE12eHNOdGdaMDlhbUdCU1l2RGVSNlloNzNoNkJrY1c0QW1WTTVQb2NHTTdNaU9tdi4uIiwidGltZXN0YW1wIjoiMjAyMy0wMi0wOCAxNToxNDowMy4yODAyNjMifQ.5jHF1uHDS5rMXkKArYrPpyGfV7SeQbP2B__-0voKc8Q' to get {'username': 'dayeemparkar', 'password': '$2b$12$CBLMvxsNtgZ09amGBSYvDeR6Yh73h6BkcW4AmVM5PocGM7MiOmv..', 'timestamp': '2023-02-08 15:14:03.280263'}
2023-02-08 15:15:04,800 - INFO - Decoded token b'eyJ0eXAiOiJKV1QiLCJhbGciOiJIUzI1NiJ9.eyJ1c2VybmFtZSI6ImRheWVlbXBhcmthciIsInBhc3N3b3JkIjoiJDJiJDEyJENCTE12eHNOdGdaMDlhbUdCU1l2RGVSNlloNzNoNkJrY1c0QW1WTTVQb2NHTTdNaU9tdi4uIiwidGltZXN0YW1wIjoiMjAyMy0wMi0wOCAxNToxNDowMy4yODAyNjMifQ.5jHF1uHDS5rMXkKArYrPpyGfV7SeQbP2B__-0voKc8Q' to get {'username': 'dayeemparkar', 'password': '$2b$12$CBLMvxsNtgZ09amGBSYvDeR6Yh73h6BkcW4AmVM5PocGM7MiOmv..', 'timestamp': '2023-02-08 15:14:03.280263'}
2023-02-08 15:17:00,861 - INFO - Decoded token b'eyJ0eXAiOiJKV1QiLCJhbGciOiJIUzI1NiJ9.eyJ1c2VybmFtZSI6ImRheWVlbXBhcmthciIsInBhc3N3b3JkIjoiJDJiJDEyJENCTE12eHNOdGdaMDlhbUdCU1l2RGVSNlloNzNoNkJrY1c0QW1WTTVQb2NHTTdNaU9tdi4uIiwidGltZXN0YW1wIjoiMjAyMy0wMi0wOCAxNToxNDowMy4yODAyNjMifQ.5jHF1uHDS5rMXkKArYrPpyGfV7SeQbP2B__-0voKc8Q' to get {'username': 'dayeemparkar', 'password': '$2b$12$CBLMvxsNtgZ09amGBSYvDeR6Yh73h6BkcW4AmVM5PocGM7MiOmv..', 'timestamp': '2023-02-08 15:14:03.280263'}
2023-02-08 15:17:03,748 - INFO - Decoded token b'eyJ0eXAiOiJKV1QiLCJhbGciOiJIUzI1NiJ9.eyJ1c2VybmFtZSI6ImRheWVlbXBhcmthciIsInBhc3N3b3JkIjoiJDJiJDEyJENCTE12eHNOdGdaMDlhbUdCU1l2RGVSNlloNzNoNkJrY1c0QW1WTTVQb2NHTTdNaU9tdi4uIiwidGltZXN0YW1wIjoiMjAyMy0wMi0wOCAxNToxNDowMy4yODAyNjMifQ.5jHF1uHDS5rMXkKArYrPpyGfV7SeQbP2B__-0voKc8Q' to get {'username': 'dayeemparkar', 'password': '$2b$12$CBLMvxsNtgZ09amGBSYvDeR6Yh73h6BkcW4AmVM5PocGM7MiOmv..', 'timestamp': '2023-02-08 15:14:03.280263'}
2023-02-08 15:17:24,942 - INFO - Decoded token b'eyJ0eXAiOiJKV1QiLCJhbGciOiJIUzI1NiJ9.eyJ1c2VybmFtZSI6ImRheWVlbXBhcmthciIsInBhc3N3b3JkIjoiJDJiJDEyJENCTE12eHNOdGdaMDlhbUdCU1l2RGVSNlloNzNoNkJrY1c0QW1WTTVQb2NHTTdNaU9tdi4uIiwidGltZXN0YW1wIjoiMjAyMy0wMi0wOCAxNToxNDowMy4yODAyNjMifQ.5jHF1uHDS5rMXkKArYrPpyGfV7SeQbP2B__-0voKc8Q' to get {'username': 'dayeemparkar', 'password': '$2b$12$CBLMvxsNtgZ09amGBSYvDeR6Yh73h6BkcW4AmVM5PocGM7MiOmv..', 'timestamp': '2023-02-08 15:14:03.280263'}
2023-02-08 15:19:03,253 - INFO - Decoded token b'eyJ0eXAiOiJKV1QiLCJhbGciOiJIUzI1NiJ9.eyJ1c2VybmFtZSI6ImRheWVlbXBhcmthciIsInBhc3N3b3JkIjoiJDJiJDEyJENCTE12eHNOdGdaMDlhbUdCU1l2RGVSNlloNzNoNkJrY1c0QW1WTTVQb2NHTTdNaU9tdi4uIiwidGltZXN0YW1wIjoiMjAyMy0wMi0wOCAxNToxNDowMy4yODAyNjMifQ.5jHF1uHDS5rMXkKArYrPpyGfV7SeQbP2B__-0voKc8Q' to get {'username': 'dayeemparkar', 'password': '$2b$12$CBLMvxsNtgZ09amGBSYvDeR6Yh73h6BkcW4AmVM5PocGM7MiOmv..', 'timestamp': '2023-02-08 15:14:03.280263'}
2023-02-08 15:19:19,897 - INFO - Decoded token b'eyJ0eXAiOiJKV1QiLCJhbGciOiJIUzI1NiJ9.eyJ1c2VybmFtZSI6ImRheWVlbXBhcmthciIsInBhc3N3b3JkIjoiJDJiJDEyJENCTE12eHNOdGdaMDlhbUdCU1l2RGVSNlloNzNoNkJrY1c0QW1WTTVQb2NHTTdNaU9tdi4uIiwidGltZXN0YW1wIjoiMjAyMy0wMi0wOCAxNToxNDowMy4yODAyNjMifQ.5jHF1uHDS5rMXkKArYrPpyGfV7SeQbP2B__-0voKc8Q' to get {'username': 'dayeemparkar', 'password': '$2b$12$CBLMvxsNtgZ09amGBSYvDeR6Yh73h6BkcW4AmVM5PocGM7MiOmv..', 'timestamp': '2023-02-08 15:14:03.280263'}
2023-02-08 15:19:22,004 - INFO - Decoded token b'eyJ0eXAiOiJKV1QiLCJhbGciOiJIUzI1NiJ9.eyJ1c2VybmFtZSI6ImRheWVlbXBhcmthciIsInBhc3N3b3JkIjoiJDJiJDEyJENCTE12eHNOdGdaMDlhbUdCU1l2RGVSNlloNzNoNkJrY1c0QW1WTTVQb2NHTTdNaU9tdi4uIiwidGltZXN0YW1wIjoiMjAyMy0wMi0wOCAxNToxNDowMy4yODAyNjMifQ.5jHF1uHDS5rMXkKArYrPpyGfV7SeQbP2B__-0voKc8Q' to get {'username': 'dayeemparkar', 'password': '$2b$12$CBLMvxsNtgZ09amGBSYvDeR6Yh73h6BkcW4AmVM5PocGM7MiOmv..', 'timestamp': '2023-02-08 15:14:03.280263'}
2023-02-08 15:20:08,939 - INFO - Decoded token b'eyJ0eXAiOiJKV1QiLCJhbGciOiJIUzI1NiJ9.eyJ1c2VybmFtZSI6ImRheWVlbXBhcmthciIsInBhc3N3b3JkIjoiJDJiJDEyJENCTE12eHNOdGdaMDlhbUdCU1l2RGVSNlloNzNoNkJrY1c0QW1WTTVQb2NHTTdNaU9tdi4uIiwidGltZXN0YW1wIjoiMjAyMy0wMi0wOCAxNToxNDowMy4yODAyNjMifQ.5jHF1uHDS5rMXkKArYrPpyGfV7SeQbP2B__-0voKc8Q' to get {'username': 'dayeemparkar', 'password': '$2b$12$CBLMvxsNtgZ09amGBSYvDeR6Yh73h6BkcW4AmVM5PocGM7MiOmv..', 'timestamp': '2023-02-08 15:14:03.280263'}
2023-02-08 15:20:24,101 - INFO - Decoded token b'eyJ0eXAiOiJKV1QiLCJhbGciOiJIUzI1NiJ9.eyJ1c2VybmFtZSI6ImRheWVlbXBhcmthciIsInBhc3N3b3JkIjoiJDJiJDEyJENCTE12eHNOdGdaMDlhbUdCU1l2RGVSNlloNzNoNkJrY1c0QW1WTTVQb2NHTTdNaU9tdi4uIiwidGltZXN0YW1wIjoiMjAyMy0wMi0wOCAxNToxNDowMy4yODAyNjMifQ.5jHF1uHDS5rMXkKArYrPpyGfV7SeQbP2B__-0voKc8Q' to get {'username': 'dayeemparkar', 'password': '$2b$12$CBLMvxsNtgZ09amGBSYvDeR6Yh73h6BkcW4AmVM5PocGM7MiOmv..', 'timestamp': '2023-02-08 15:14:03.280263'}
2023-02-08 15:20:30,755 - INFO - Decoded token b'eyJ0eXAiOiJKV1QiLCJhbGciOiJIUzI1NiJ9.eyJ1c2VybmFtZSI6ImRheWVlbXBhcmthciIsInBhc3N3b3JkIjoiJDJiJDEyJENCTE12eHNOdGdaMDlhbUdCU1l2RGVSNlloNzNoNkJrY1c0QW1WTTVQb2NHTTdNaU9tdi4uIiwidGltZXN0YW1wIjoiMjAyMy0wMi0wOCAxNToxNDowMy4yODAyNjMifQ.5jHF1uHDS5rMXkKArYrPpyGfV7SeQbP2B__-0voKc8Q' to get {'username': 'dayeemparkar', 'password': '$2b$12$CBLMvxsNtgZ09amGBSYvDeR6Yh73h6BkcW4AmVM5PocGM7MiOmv..', 'timestamp': '2023-02-08 15:14:03.280263'}
2023-02-08 15:20:30,755 - ERROR - Error while accessing login. User: dayeemparkar
Traceback (most recent call last):
  File "/Users/dayeemparkar/Desktop/Training/BajajMarketsTrainingCaseStudy/app.py", line 136, in viewTransactionHistory
    result = tryToViewTransactionHistory(account_no)
TypeError: tryToViewTransactionHistory() missing 1 required positional argument: 'username'
2023-02-08 15:20:36,862 - INFO - Decoded token b'eyJ0eXAiOiJKV1QiLCJhbGciOiJIUzI1NiJ9.eyJ1c2VybmFtZSI6ImRheWVlbXBhcmthciIsInBhc3N3b3JkIjoiJDJiJDEyJENCTE12eHNOdGdaMDlhbUdCU1l2RGVSNlloNzNoNkJrY1c0QW1WTTVQb2NHTTdNaU9tdi4uIiwidGltZXN0YW1wIjoiMjAyMy0wMi0wOCAxNToxNDowMy4yODAyNjMifQ.5jHF1uHDS5rMXkKArYrPpyGfV7SeQbP2B__-0voKc8Q' to get {'username': 'dayeemparkar', 'password': '$2b$12$CBLMvxsNtgZ09amGBSYvDeR6Yh73h6BkcW4AmVM5PocGM7MiOmv..', 'timestamp': '2023-02-08 15:14:03.280263'}
2023-02-08 15:21:05,853 - INFO - Decoded token b'eyJ0eXAiOiJKV1QiLCJhbGciOiJIUzI1NiJ9.eyJ1c2VybmFtZSI6ImRheWVlbXBhcmthciIsInBhc3N3b3JkIjoiJDJiJDEyJENCTE12eHNOdGdaMDlhbUdCU1l2RGVSNlloNzNoNkJrY1c0QW1WTTVQb2NHTTdNaU9tdi4uIiwidGltZXN0YW1wIjoiMjAyMy0wMi0wOCAxNToxNDowMy4yODAyNjMifQ.5jHF1uHDS5rMXkKArYrPpyGfV7SeQbP2B__-0voKc8Q' to get {'username': 'dayeemparkar', 'password': '$2b$12$CBLMvxsNtgZ09amGBSYvDeR6Yh73h6BkcW4AmVM5PocGM7MiOmv..', 'timestamp': '2023-02-08 15:14:03.280263'}
2023-02-08 15:21:11,152 - INFO - Decoded token b'eyJ0eXAiOiJKV1QiLCJhbGciOiJIUzI1NiJ9.eyJ1c2VybmFtZSI6ImRheWVlbXBhcmthciIsInBhc3N3b3JkIjoiJDJiJDEyJENCTE12eHNOdGdaMDlhbUdCU1l2RGVSNlloNzNoNkJrY1c0QW1WTTVQb2NHTTdNaU9tdi4uIiwidGltZXN0YW1wIjoiMjAyMy0wMi0wOCAxNToxNDowMy4yODAyNjMifQ.5jHF1uHDS5rMXkKArYrPpyGfV7SeQbP2B__-0voKc8Q' to get {'username': 'dayeemparkar', 'password': '$2b$12$CBLMvxsNtgZ09amGBSYvDeR6Yh73h6BkcW4AmVM5PocGM7MiOmv..', 'timestamp': '2023-02-08 15:14:03.280263'}
2023-02-08 15:22:58,166 - INFO - Decoded token b'eyJ0eXAiOiJKV1QiLCJhbGciOiJIUzI1NiJ9.eyJ1c2VybmFtZSI6ImRheWVlbXBhcmthciIsInBhc3N3b3JkIjoiJDJiJDEyJENCTE12eHNOdGdaMDlhbUdCU1l2RGVSNlloNzNoNkJrY1c0QW1WTTVQb2NHTTdNaU9tdi4uIiwidGltZXN0YW1wIjoiMjAyMy0wMi0wOCAxNToxNDowMy4yODAyNjMifQ.5jHF1uHDS5rMXkKArYrPpyGfV7SeQbP2B__-0voKc8Q' to get {'username': 'dayeemparkar', 'password': '$2b$12$CBLMvxsNtgZ09amGBSYvDeR6Yh73h6BkcW4AmVM5PocGM7MiOmv..', 'timestamp': '2023-02-08 15:14:03.280263'}
2023-02-08 15:23:47,749 - INFO - Decoded token b'eyJ0eXAiOiJKV1QiLCJhbGciOiJIUzI1NiJ9.eyJ1c2VybmFtZSI6ImRheWVlbXBhcmthciIsInBhc3N3b3JkIjoiJDJiJDEyJENCTE12eHNOdGdaMDlhbUdCU1l2RGVSNlloNzNoNkJrY1c0QW1WTTVQb2NHTTdNaU9tdi4uIiwidGltZXN0YW1wIjoiMjAyMy0wMi0wOCAxNToxNDowMy4yODAyNjMifQ.5jHF1uHDS5rMXkKArYrPpyGfV7SeQbP2B__-0voKc8Q' to get {'username': 'dayeemparkar', 'password': '$2b$12$CBLMvxsNtgZ09amGBSYvDeR6Yh73h6BkcW4AmVM5PocGM7MiOmv..', 'timestamp': '2023-02-08 15:14:03.280263'}
2023-02-08 15:24:45,408 - INFO - Decoded token b'eyJ0eXAiOiJKV1QiLCJhbGciOiJIUzI1NiJ9.eyJ1c2VybmFtZSI6ImRheWVlbXBhcmthciIsInBhc3N3b3JkIjoiJDJiJDEyJENCTE12eHNOdGdaMDlhbUdCU1l2RGVSNlloNzNoNkJrY1c0QW1WTTVQb2NHTTdNaU9tdi4uIiwidGltZXN0YW1wIjoiMjAyMy0wMi0wOCAxNToxNDowMy4yODAyNjMifQ.5jHF1uHDS5rMXkKArYrPpyGfV7SeQbP2B__-0voKc8Q' to get {'username': 'dayeemparkar', 'password': '$2b$12$CBLMvxsNtgZ09amGBSYvDeR6Yh73h6BkcW4AmVM5PocGM7MiOmv..', 'timestamp': '2023-02-08 15:14:03.280263'}
2023-02-08 15:25:24,982 - INFO - Decoded token b'eyJ0eXAiOiJKV1QiLCJhbGciOiJIUzI1NiJ9.eyJ1c2VybmFtZSI6ImRheWVlbXBhcmthciIsInBhc3N3b3JkIjoiJDJiJDEyJENCTE12eHNOdGdaMDlhbUdCU1l2RGVSNlloNzNoNkJrY1c0QW1WTTVQb2NHTTdNaU9tdi4uIiwidGltZXN0YW1wIjoiMjAyMy0wMi0wOCAxNToxNDowMy4yODAyNjMifQ.5jHF1uHDS5rMXkKArYrPpyGfV7SeQbP2B__-0voKc8Q' to get {'username': 'dayeemparkar', 'password': '$2b$12$CBLMvxsNtgZ09amGBSYvDeR6Yh73h6BkcW4AmVM5PocGM7MiOmv..', 'timestamp': '2023-02-08 15:14:03.280263'}
2023-02-08 15:26:17,557 - INFO - Decoded token b'eyJ0eXAiOiJKV1QiLCJhbGciOiJIUzI1NiJ9.eyJ1c2VybmFtZSI6ImRheWVlbXBhcmthciIsInBhc3N3b3JkIjoiJDJiJDEyJENCTE12eHNOdGdaMDlhbUdCU1l2RGVSNlloNzNoNkJrY1c0QW1WTTVQb2NHTTdNaU9tdi4uIiwidGltZXN0YW1wIjoiMjAyMy0wMi0wOCAxNToxNDowMy4yODAyNjMifQ.5jHF1uHDS5rMXkKArYrPpyGfV7SeQbP2B__-0voKc8Q' to get {'username': 'dayeemparkar', 'password': '$2b$12$CBLMvxsNtgZ09amGBSYvDeR6Yh73h6BkcW4AmVM5PocGM7MiOmv..', 'timestamp': '2023-02-08 15:14:03.280263'}
2023-02-08 15:30:38,791 - INFO - Clearing session variables for user dayeemparkar
2023-02-08 15:30:38,792 - INFO - Session variables cleared
2023-02-08 15:30:45,459 - INFO - Customer Login info: Customer uname verified
2023-02-08 15:30:45,459 - INFO - Customer uname logged in with token eyJ0eXAiOiJKV1QiLCJhbGciOiJIUzI1NiJ9.eyJ1c2VybmFtZSI6InVuYW1lIiwicGFzc3dvcmQiOiIkMmIkMTIkUHBlSjVxZTZlNktQNmNCQk5JcmlpT0VVdzdIbzExNFQwcjNNN081cFNsWC5ONVZEdmV4dWUiLCJ0aW1lc3RhbXAiOiIyMDIzLTAyLTA4IDE1OjMwOjQ1LjQ1OTUyNiJ9.l-0t-Uv7x1j7mDrd4vxH28eHnFGDRSQuoUqT1vKDUB4
2023-02-08 15:30:52,921 - INFO - Decoded token b'eyJ0eXAiOiJKV1QiLCJhbGciOiJIUzI1NiJ9.eyJ1c2VybmFtZSI6InVuYW1lIiwicGFzc3dvcmQiOiIkMmIkMTIkUHBlSjVxZTZlNktQNmNCQk5JcmlpT0VVdzdIbzExNFQwcjNNN081cFNsWC5ONVZEdmV4dWUiLCJ0aW1lc3RhbXAiOiIyMDIzLTAyLTA4IDE1OjMwOjQ1LjQ1OTUyNiJ9.l-0t-Uv7x1j7mDrd4vxH28eHnFGDRSQuoUqT1vKDUB4' to get {'username': 'uname', 'password': '$2b$12$PpeJ5qe6e6KP6cBBNIriiOEUw7Ho114T0r3M7O5pSlX.N5VDvexue', 'timestamp': '2023-02-08 15:30:45.459526'}
2023-02-08 15:31:06,600 - INFO - Decoded token b'eyJ0eXAiOiJKV1QiLCJhbGciOiJIUzI1NiJ9.eyJ1c2VybmFtZSI6InVuYW1lIiwicGFzc3dvcmQiOiIkMmIkMTIkUHBlSjVxZTZlNktQNmNCQk5JcmlpT0VVdzdIbzExNFQwcjNNN081cFNsWC5ONVZEdmV4dWUiLCJ0aW1lc3RhbXAiOiIyMDIzLTAyLTA4IDE1OjMwOjQ1LjQ1OTUyNiJ9.l-0t-Uv7x1j7mDrd4vxH28eHnFGDRSQuoUqT1vKDUB4' to get {'username': 'uname', 'password': '$2b$12$PpeJ5qe6e6KP6cBBNIriiOEUw7Ho114T0r3M7O5pSlX.N5VDvexue', 'timestamp': '2023-02-08 15:30:45.459526'}
2023-02-08 15:31:06,879 - INFO - Created new account for customer uname
2023-02-08 15:31:06,884 - INFO - Decoded token b'eyJ0eXAiOiJKV1QiLCJhbGciOiJIUzI1NiJ9.eyJ1c2VybmFtZSI6InVuYW1lIiwicGFzc3dvcmQiOiIkMmIkMTIkUHBlSjVxZTZlNktQNmNCQk5JcmlpT0VVdzdIbzExNFQwcjNNN081cFNsWC5ONVZEdmV4dWUiLCJ0aW1lc3RhbXAiOiIyMDIzLTAyLTA4IDE1OjMwOjQ1LjQ1OTUyNiJ9.l-0t-Uv7x1j7mDrd4vxH28eHnFGDRSQuoUqT1vKDUB4' to get {'username': 'uname', 'password': '$2b$12$PpeJ5qe6e6KP6cBBNIriiOEUw7Ho114T0r3M7O5pSlX.N5VDvexue', 'timestamp': '2023-02-08 15:30:45.459526'}
2023-02-08 15:31:42,688 - INFO - Decoded token b'eyJ0eXAiOiJKV1QiLCJhbGciOiJIUzI1NiJ9.eyJ1c2VybmFtZSI6InVuYW1lIiwicGFzc3dvcmQiOiIkMmIkMTIkUHBlSjVxZTZlNktQNmNCQk5JcmlpT0VVdzdIbzExNFQwcjNNN081cFNsWC5ONVZEdmV4dWUiLCJ0aW1lc3RhbXAiOiIyMDIzLTAyLTA4IDE1OjMwOjQ1LjQ1OTUyNiJ9.l-0t-Uv7x1j7mDrd4vxH28eHnFGDRSQuoUqT1vKDUB4' to get {'username': 'uname', 'password': '$2b$12$PpeJ5qe6e6KP6cBBNIriiOEUw7Ho114T0r3M7O5pSlX.N5VDvexue', 'timestamp': '2023-02-08 15:30:45.459526'}
2023-02-08 15:31:48,309 - INFO - Decoded token b'eyJ0eXAiOiJKV1QiLCJhbGciOiJIUzI1NiJ9.eyJ1c2VybmFtZSI6InVuYW1lIiwicGFzc3dvcmQiOiIkMmIkMTIkUHBlSjVxZTZlNktQNmNCQk5JcmlpT0VVdzdIbzExNFQwcjNNN081cFNsWC5ONVZEdmV4dWUiLCJ0aW1lc3RhbXAiOiIyMDIzLTAyLTA4IDE1OjMwOjQ1LjQ1OTUyNiJ9.l-0t-Uv7x1j7mDrd4vxH28eHnFGDRSQuoUqT1vKDUB4' to get {'username': 'uname', 'password': '$2b$12$PpeJ5qe6e6KP6cBBNIriiOEUw7Ho114T0r3M7O5pSlX.N5VDvexue', 'timestamp': '2023-02-08 15:30:45.459526'}
2023-02-08 15:32:07,185 - INFO - Decoded token b'eyJ0eXAiOiJKV1QiLCJhbGciOiJIUzI1NiJ9.eyJ1c2VybmFtZSI6InVuYW1lIiwicGFzc3dvcmQiOiIkMmIkMTIkUHBlSjVxZTZlNktQNmNCQk5JcmlpT0VVdzdIbzExNFQwcjNNN081cFNsWC5ONVZEdmV4dWUiLCJ0aW1lc3RhbXAiOiIyMDIzLTAyLTA4IDE1OjMwOjQ1LjQ1OTUyNiJ9.l-0t-Uv7x1j7mDrd4vxH28eHnFGDRSQuoUqT1vKDUB4' to get {'username': 'uname', 'password': '$2b$12$PpeJ5qe6e6KP6cBBNIriiOEUw7Ho114T0r3M7O5pSlX.N5VDvexue', 'timestamp': '2023-02-08 15:30:45.459526'}
2023-02-08 15:33:05,312 - INFO - Decoded token b'eyJ0eXAiOiJKV1QiLCJhbGciOiJIUzI1NiJ9.eyJ1c2VybmFtZSI6InVuYW1lIiwicGFzc3dvcmQiOiIkMmIkMTIkUHBlSjVxZTZlNktQNmNCQk5JcmlpT0VVdzdIbzExNFQwcjNNN081cFNsWC5ONVZEdmV4dWUiLCJ0aW1lc3RhbXAiOiIyMDIzLTAyLTA4IDE1OjMwOjQ1LjQ1OTUyNiJ9.l-0t-Uv7x1j7mDrd4vxH28eHnFGDRSQuoUqT1vKDUB4' to get {'username': 'uname', 'password': '$2b$12$PpeJ5qe6e6KP6cBBNIriiOEUw7Ho114T0r3M7O5pSlX.N5VDvexue', 'timestamp': '2023-02-08 15:30:45.459526'}
2023-02-08 15:33:12,059 - INFO - Decoded token b'eyJ0eXAiOiJKV1QiLCJhbGciOiJIUzI1NiJ9.eyJ1c2VybmFtZSI6InVuYW1lIiwicGFzc3dvcmQiOiIkMmIkMTIkUHBlSjVxZTZlNktQNmNCQk5JcmlpT0VVdzdIbzExNFQwcjNNN081cFNsWC5ONVZEdmV4dWUiLCJ0aW1lc3RhbXAiOiIyMDIzLTAyLTA4IDE1OjMwOjQ1LjQ1OTUyNiJ9.l-0t-Uv7x1j7mDrd4vxH28eHnFGDRSQuoUqT1vKDUB4' to get {'username': 'uname', 'password': '$2b$12$PpeJ5qe6e6KP6cBBNIriiOEUw7Ho114T0r3M7O5pSlX.N5VDvexue', 'timestamp': '2023-02-08 15:30:45.459526'}
2023-02-08 15:35:13,950 - INFO - Clearing session variables for user uname
2023-02-08 15:35:13,951 - INFO - Session variables cleared
2023-02-08 15:35:20,963 - INFO - Customer Login info: Customer uname verified
2023-02-08 15:35:20,964 - INFO - Customer uname logged in with token eyJ0eXAiOiJKV1QiLCJhbGciOiJIUzI1NiJ9.eyJ1c2VybmFtZSI6InVuYW1lIiwicGFzc3dvcmQiOiIkMmIkMTIkUHBlSjVxZTZlNktQNmNCQk5JcmlpT0VVdzdIbzExNFQwcjNNN081cFNsWC5ONVZEdmV4dWUiLCJ0aW1lc3RhbXAiOiIyMDIzLTAyLTA4IDE1OjM1OjIwLjk2Mzg0NiJ9.EzCuR485WtT3TUPHvT0al7cwuYJ4b5wwCHLTTCHMAH8
2023-02-08 15:35:25,829 - INFO - Decoded token b'eyJ0eXAiOiJKV1QiLCJhbGciOiJIUzI1NiJ9.eyJ1c2VybmFtZSI6InVuYW1lIiwicGFzc3dvcmQiOiIkMmIkMTIkUHBlSjVxZTZlNktQNmNCQk5JcmlpT0VVdzdIbzExNFQwcjNNN081cFNsWC5ONVZEdmV4dWUiLCJ0aW1lc3RhbXAiOiIyMDIzLTAyLTA4IDE1OjM1OjIwLjk2Mzg0NiJ9.EzCuR485WtT3TUPHvT0al7cwuYJ4b5wwCHLTTCHMAH8' to get {'username': 'uname', 'password': '$2b$12$PpeJ5qe6e6KP6cBBNIriiOEUw7Ho114T0r3M7O5pSlX.N5VDvexue', 'timestamp': '2023-02-08 15:35:20.963846'}
2023-02-08 15:35:27,349 - INFO - Decoded token b'eyJ0eXAiOiJKV1QiLCJhbGciOiJIUzI1NiJ9.eyJ1c2VybmFtZSI6InVuYW1lIiwicGFzc3dvcmQiOiIkMmIkMTIkUHBlSjVxZTZlNktQNmNCQk5JcmlpT0VVdzdIbzExNFQwcjNNN081cFNsWC5ONVZEdmV4dWUiLCJ0aW1lc3RhbXAiOiIyMDIzLTAyLTA4IDE1OjM1OjIwLjk2Mzg0NiJ9.EzCuR485WtT3TUPHvT0al7cwuYJ4b5wwCHLTTCHMAH8' to get {'username': 'uname', 'password': '$2b$12$PpeJ5qe6e6KP6cBBNIriiOEUw7Ho114T0r3M7O5pSlX.N5VDvexue', 'timestamp': '2023-02-08 15:35:20.963846'}
2023-02-08 15:35:38,349 - INFO - Decoded token b'eyJ0eXAiOiJKV1QiLCJhbGciOiJIUzI1NiJ9.eyJ1c2VybmFtZSI6InVuYW1lIiwicGFzc3dvcmQiOiIkMmIkMTIkUHBlSjVxZTZlNktQNmNCQk5JcmlpT0VVdzdIbzExNFQwcjNNN081cFNsWC5ONVZEdmV4dWUiLCJ0aW1lc3RhbXAiOiIyMDIzLTAyLTA4IDE1OjM1OjIwLjk2Mzg0NiJ9.EzCuR485WtT3TUPHvT0al7cwuYJ4b5wwCHLTTCHMAH8' to get {'username': 'uname', 'password': '$2b$12$PpeJ5qe6e6KP6cBBNIriiOEUw7Ho114T0r3M7O5pSlX.N5VDvexue', 'timestamp': '2023-02-08 15:35:20.963846'}
2023-02-08 15:36:41,899 - INFO - Decoded token b'eyJ0eXAiOiJKV1QiLCJhbGciOiJIUzI1NiJ9.eyJ1c2VybmFtZSI6InVuYW1lIiwicGFzc3dvcmQiOiIkMmIkMTIkUHBlSjVxZTZlNktQNmNCQk5JcmlpT0VVdzdIbzExNFQwcjNNN081cFNsWC5ONVZEdmV4dWUiLCJ0aW1lc3RhbXAiOiIyMDIzLTAyLTA4IDE1OjM1OjIwLjk2Mzg0NiJ9.EzCuR485WtT3TUPHvT0al7cwuYJ4b5wwCHLTTCHMAH8' to get {'username': 'uname', 'password': '$2b$12$PpeJ5qe6e6KP6cBBNIriiOEUw7Ho114T0r3M7O5pSlX.N5VDvexue', 'timestamp': '2023-02-08 15:35:20.963846'}
2023-02-08 15:36:49,937 - INFO - Decoded token b'eyJ0eXAiOiJKV1QiLCJhbGciOiJIUzI1NiJ9.eyJ1c2VybmFtZSI6InVuYW1lIiwicGFzc3dvcmQiOiIkMmIkMTIkUHBlSjVxZTZlNktQNmNCQk5JcmlpT0VVdzdIbzExNFQwcjNNN081cFNsWC5ONVZEdmV4dWUiLCJ0aW1lc3RhbXAiOiIyMDIzLTAyLTA4IDE1OjM1OjIwLjk2Mzg0NiJ9.EzCuR485WtT3TUPHvT0al7cwuYJ4b5wwCHLTTCHMAH8' to get {'username': 'uname', 'password': '$2b$12$PpeJ5qe6e6KP6cBBNIriiOEUw7Ho114T0r3M7O5pSlX.N5VDvexue', 'timestamp': '2023-02-08 15:35:20.963846'}
2023-02-08 15:38:08,829 - INFO - Decoded token b'eyJ0eXAiOiJKV1QiLCJhbGciOiJIUzI1NiJ9.eyJ1c2VybmFtZSI6InVuYW1lIiwicGFzc3dvcmQiOiIkMmIkMTIkUHBlSjVxZTZlNktQNmNCQk5JcmlpT0VVdzdIbzExNFQwcjNNN081cFNsWC5ONVZEdmV4dWUiLCJ0aW1lc3RhbXAiOiIyMDIzLTAyLTA4IDE1OjM1OjIwLjk2Mzg0NiJ9.EzCuR485WtT3TUPHvT0al7cwuYJ4b5wwCHLTTCHMAH8' to get {'username': 'uname', 'password': '$2b$12$PpeJ5qe6e6KP6cBBNIriiOEUw7Ho114T0r3M7O5pSlX.N5VDvexue', 'timestamp': '2023-02-08 15:35:20.963846'}
2023-02-08 15:38:19,579 - INFO - Decoded token b'eyJ0eXAiOiJKV1QiLCJhbGciOiJIUzI1NiJ9.eyJ1c2VybmFtZSI6InVuYW1lIiwicGFzc3dvcmQiOiIkMmIkMTIkUHBlSjVxZTZlNktQNmNCQk5JcmlpT0VVdzdIbzExNFQwcjNNN081cFNsWC5ONVZEdmV4dWUiLCJ0aW1lc3RhbXAiOiIyMDIzLTAyLTA4IDE1OjM1OjIwLjk2Mzg0NiJ9.EzCuR485WtT3TUPHvT0al7cwuYJ4b5wwCHLTTCHMAH8' to get {'username': 'uname', 'password': '$2b$12$PpeJ5qe6e6KP6cBBNIriiOEUw7Ho114T0r3M7O5pSlX.N5VDvexue', 'timestamp': '2023-02-08 15:35:20.963846'}
2023-02-08 15:38:19,850 - ERROR - Deposit error: Failed to deposit 101 into 1
Traceback (most recent call last):
  File "/Users/dayeemparkar/Desktop/Training/BajajMarketsTrainingCaseStudy/helpers.py", line 273, in tryToMakeDeposit
    account_row = res[1][0]
TypeError: 'bool' object is not subscriptable
2023-02-08 15:41:17,097 - INFO - Decoded token b'eyJ0eXAiOiJKV1QiLCJhbGciOiJIUzI1NiJ9.eyJ1c2VybmFtZSI6InVuYW1lIiwicGFzc3dvcmQiOiIkMmIkMTIkUHBlSjVxZTZlNktQNmNCQk5JcmlpT0VVdzdIbzExNFQwcjNNN081cFNsWC5ONVZEdmV4dWUiLCJ0aW1lc3RhbXAiOiIyMDIzLTAyLTA4IDE1OjM1OjIwLjk2Mzg0NiJ9.EzCuR485WtT3TUPHvT0al7cwuYJ4b5wwCHLTTCHMAH8' to get {'username': 'uname', 'password': '$2b$12$PpeJ5qe6e6KP6cBBNIriiOEUw7Ho114T0r3M7O5pSlX.N5VDvexue', 'timestamp': '2023-02-08 15:35:20.963846'}
2023-02-08 15:41:28,658 - INFO - Decoded token b'eyJ0eXAiOiJKV1QiLCJhbGciOiJIUzI1NiJ9.eyJ1c2VybmFtZSI6InVuYW1lIiwicGFzc3dvcmQiOiIkMmIkMTIkUHBlSjVxZTZlNktQNmNCQk5JcmlpT0VVdzdIbzExNFQwcjNNN081cFNsWC5ONVZEdmV4dWUiLCJ0aW1lc3RhbXAiOiIyMDIzLTAyLTA4IDE1OjM1OjIwLjk2Mzg0NiJ9.EzCuR485WtT3TUPHvT0al7cwuYJ4b5wwCHLTTCHMAH8' to get {'username': 'uname', 'password': '$2b$12$PpeJ5qe6e6KP6cBBNIriiOEUw7Ho114T0r3M7O5pSlX.N5VDvexue', 'timestamp': '2023-02-08 15:35:20.963846'}
2023-02-08 15:41:28,945 - INFO - Decoded token b'eyJ0eXAiOiJKV1QiLCJhbGciOiJIUzI1NiJ9.eyJ1c2VybmFtZSI6InVuYW1lIiwicGFzc3dvcmQiOiIkMmIkMTIkUHBlSjVxZTZlNktQNmNCQk5JcmlpT0VVdzdIbzExNFQwcjNNN081cFNsWC5ONVZEdmV4dWUiLCJ0aW1lc3RhbXAiOiIyMDIzLTAyLTA4IDE1OjM1OjIwLjk2Mzg0NiJ9.EzCuR485WtT3TUPHvT0al7cwuYJ4b5wwCHLTTCHMAH8' to get {'username': 'uname', 'password': '$2b$12$PpeJ5qe6e6KP6cBBNIriiOEUw7Ho114T0r3M7O5pSlX.N5VDvexue', 'timestamp': '2023-02-08 15:35:20.963846'}
2023-02-08 15:41:28,945 - ERROR - Error while accessing login. User: uname
Traceback (most recent call last):
  File "/Users/dayeemparkar/Desktop/Training/BajajMarketsTrainingCaseStudy/app.py", line 136, in viewTransactionHistory
    result = tryToViewTransactionHistory(account_no)
TypeError: tryToViewTransactionHistory() missing 1 required positional argument: 'username'
2023-02-08 15:41:41,756 - INFO - Decoded token b'eyJ0eXAiOiJKV1QiLCJhbGciOiJIUzI1NiJ9.eyJ1c2VybmFtZSI6InVuYW1lIiwicGFzc3dvcmQiOiIkMmIkMTIkUHBlSjVxZTZlNktQNmNCQk5JcmlpT0VVdzdIbzExNFQwcjNNN081cFNsWC5ONVZEdmV4dWUiLCJ0aW1lc3RhbXAiOiIyMDIzLTAyLTA4IDE1OjM1OjIwLjk2Mzg0NiJ9.EzCuR485WtT3TUPHvT0al7cwuYJ4b5wwCHLTTCHMAH8' to get {'username': 'uname', 'password': '$2b$12$PpeJ5qe6e6KP6cBBNIriiOEUw7Ho114T0r3M7O5pSlX.N5VDvexue', 'timestamp': '2023-02-08 15:35:20.963846'}
2023-02-08 15:41:56,872 - INFO - Decoded token b'eyJ0eXAiOiJKV1QiLCJhbGciOiJIUzI1NiJ9.eyJ1c2VybmFtZSI6InVuYW1lIiwicGFzc3dvcmQiOiIkMmIkMTIkUHBlSjVxZTZlNktQNmNCQk5JcmlpT0VVdzdIbzExNFQwcjNNN081cFNsWC5ONVZEdmV4dWUiLCJ0aW1lc3RhbXAiOiIyMDIzLTAyLTA4IDE1OjM1OjIwLjk2Mzg0NiJ9.EzCuR485WtT3TUPHvT0al7cwuYJ4b5wwCHLTTCHMAH8' to get {'username': 'uname', 'password': '$2b$12$PpeJ5qe6e6KP6cBBNIriiOEUw7Ho114T0r3M7O5pSlX.N5VDvexue', 'timestamp': '2023-02-08 15:35:20.963846'}
2023-02-08 15:41:56,873 - ERROR - Error while accessing login. User: uname
Traceback (most recent call last):
  File "/Users/dayeemparkar/Desktop/Training/BajajMarketsTrainingCaseStudy/app.py", line 136, in viewTransactionHistory
    result = tryToViewTransactionHistory(account_no)
TypeError: tryToViewTransactionHistory() missing 1 required positional argument: 'username'
2023-02-08 15:45:11,732 - INFO - Decoded token b'eyJ0eXAiOiJKV1QiLCJhbGciOiJIUzI1NiJ9.eyJ1c2VybmFtZSI6InVuYW1lIiwicGFzc3dvcmQiOiIkMmIkMTIkUHBlSjVxZTZlNktQNmNCQk5JcmlpT0VVdzdIbzExNFQwcjNNN081cFNsWC5ONVZEdmV4dWUiLCJ0aW1lc3RhbXAiOiIyMDIzLTAyLTA4IDE1OjM1OjIwLjk2Mzg0NiJ9.EzCuR485WtT3TUPHvT0al7cwuYJ4b5wwCHLTTCHMAH8' to get {'username': 'uname', 'password': '$2b$12$PpeJ5qe6e6KP6cBBNIriiOEUw7Ho114T0r3M7O5pSlX.N5VDvexue', 'timestamp': '2023-02-08 15:35:20.963846'}
2023-02-08 15:45:11,775 - INFO - Displaying transaction history of account 1
2023-02-08 15:48:16,882 - INFO - Decoded token b'eyJ0eXAiOiJKV1QiLCJhbGciOiJIUzI1NiJ9.eyJ1c2VybmFtZSI6InVuYW1lIiwicGFzc3dvcmQiOiIkMmIkMTIkUHBlSjVxZTZlNktQNmNCQk5JcmlpT0VVdzdIbzExNFQwcjNNN081cFNsWC5ONVZEdmV4dWUiLCJ0aW1lc3RhbXAiOiIyMDIzLTAyLTA4IDE1OjM1OjIwLjk2Mzg0NiJ9.EzCuR485WtT3TUPHvT0al7cwuYJ4b5wwCHLTTCHMAH8' to get {'username': 'uname', 'password': '$2b$12$PpeJ5qe6e6KP6cBBNIriiOEUw7Ho114T0r3M7O5pSlX.N5VDvexue', 'timestamp': '2023-02-08 15:35:20.963846'}
2023-02-08 15:48:16,924 - INFO - Displaying transaction history of account 1
2023-02-08 15:49:12,358 - INFO - Decoded token b'eyJ0eXAiOiJKV1QiLCJhbGciOiJIUzI1NiJ9.eyJ1c2VybmFtZSI6InVuYW1lIiwicGFzc3dvcmQiOiIkMmIkMTIkUHBlSjVxZTZlNktQNmNCQk5JcmlpT0VVdzdIbzExNFQwcjNNN081cFNsWC5ONVZEdmV4dWUiLCJ0aW1lc3RhbXAiOiIyMDIzLTAyLTA4IDE1OjM1OjIwLjk2Mzg0NiJ9.EzCuR485WtT3TUPHvT0al7cwuYJ4b5wwCHLTTCHMAH8' to get {'username': 'uname', 'password': '$2b$12$PpeJ5qe6e6KP6cBBNIriiOEUw7Ho114T0r3M7O5pSlX.N5VDvexue', 'timestamp': '2023-02-08 15:35:20.963846'}
2023-02-08 15:49:12,360 - INFO - Displaying transaction history of account 1
2023-02-08 15:50:37,179 - INFO - Decoded token b'eyJ0eXAiOiJKV1QiLCJhbGciOiJIUzI1NiJ9.eyJ1c2VybmFtZSI6InVuYW1lIiwicGFzc3dvcmQiOiIkMmIkMTIkUHBlSjVxZTZlNktQNmNCQk5JcmlpT0VVdzdIbzExNFQwcjNNN081cFNsWC5ONVZEdmV4dWUiLCJ0aW1lc3RhbXAiOiIyMDIzLTAyLTA4IDE1OjM1OjIwLjk2Mzg0NiJ9.EzCuR485WtT3TUPHvT0al7cwuYJ4b5wwCHLTTCHMAH8' to get {'username': 'uname', 'password': '$2b$12$PpeJ5qe6e6KP6cBBNIriiOEUw7Ho114T0r3M7O5pSlX.N5VDvexue', 'timestamp': '2023-02-08 15:35:20.963846'}
2023-02-08 15:50:37,218 - INFO - Displaying transaction history of account 1
2023-02-08 15:50:59,106 - INFO - Decoded token b'eyJ0eXAiOiJKV1QiLCJhbGciOiJIUzI1NiJ9.eyJ1c2VybmFtZSI6InVuYW1lIiwicGFzc3dvcmQiOiIkMmIkMTIkUHBlSjVxZTZlNktQNmNCQk5JcmlpT0VVdzdIbzExNFQwcjNNN081cFNsWC5ONVZEdmV4dWUiLCJ0aW1lc3RhbXAiOiIyMDIzLTAyLTA4IDE1OjM1OjIwLjk2Mzg0NiJ9.EzCuR485WtT3TUPHvT0al7cwuYJ4b5wwCHLTTCHMAH8' to get {'username': 'uname', 'password': '$2b$12$PpeJ5qe6e6KP6cBBNIriiOEUw7Ho114T0r3M7O5pSlX.N5VDvexue', 'timestamp': '2023-02-08 15:35:20.963846'}
2023-02-08 15:50:59,140 - INFO - Displaying transaction history of account 1
2023-02-08 15:52:18,353 - INFO - Decoded token b'eyJ0eXAiOiJKV1QiLCJhbGciOiJIUzI1NiJ9.eyJ1c2VybmFtZSI6InVuYW1lIiwicGFzc3dvcmQiOiIkMmIkMTIkUHBlSjVxZTZlNktQNmNCQk5JcmlpT0VVdzdIbzExNFQwcjNNN081cFNsWC5ONVZEdmV4dWUiLCJ0aW1lc3RhbXAiOiIyMDIzLTAyLTA4IDE1OjM1OjIwLjk2Mzg0NiJ9.EzCuR485WtT3TUPHvT0al7cwuYJ4b5wwCHLTTCHMAH8' to get {'username': 'uname', 'password': '$2b$12$PpeJ5qe6e6KP6cBBNIriiOEUw7Ho114T0r3M7O5pSlX.N5VDvexue', 'timestamp': '2023-02-08 15:35:20.963846'}
2023-02-08 15:52:18,387 - INFO - Displaying transaction history of account 1
2023-02-08 15:54:21,323 - INFO - Decoded token b'eyJ0eXAiOiJKV1QiLCJhbGciOiJIUzI1NiJ9.eyJ1c2VybmFtZSI6InVuYW1lIiwicGFzc3dvcmQiOiIkMmIkMTIkUHBlSjVxZTZlNktQNmNCQk5JcmlpT0VVdzdIbzExNFQwcjNNN081cFNsWC5ONVZEdmV4dWUiLCJ0aW1lc3RhbXAiOiIyMDIzLTAyLTA4IDE1OjM1OjIwLjk2Mzg0NiJ9.EzCuR485WtT3TUPHvT0al7cwuYJ4b5wwCHLTTCHMAH8' to get {'username': 'uname', 'password': '$2b$12$PpeJ5qe6e6KP6cBBNIriiOEUw7Ho114T0r3M7O5pSlX.N5VDvexue', 'timestamp': '2023-02-08 15:35:20.963846'}
2023-02-08 15:54:21,354 - INFO - Displaying transaction history of account 1
2023-02-08 15:54:31,496 - INFO - Decoded token b'eyJ0eXAiOiJKV1QiLCJhbGciOiJIUzI1NiJ9.eyJ1c2VybmFtZSI6InVuYW1lIiwicGFzc3dvcmQiOiIkMmIkMTIkUHBlSjVxZTZlNktQNmNCQk5JcmlpT0VVdzdIbzExNFQwcjNNN081cFNsWC5ONVZEdmV4dWUiLCJ0aW1lc3RhbXAiOiIyMDIzLTAyLTA4IDE1OjM1OjIwLjk2Mzg0NiJ9.EzCuR485WtT3TUPHvT0al7cwuYJ4b5wwCHLTTCHMAH8' to get {'username': 'uname', 'password': '$2b$12$PpeJ5qe6e6KP6cBBNIriiOEUw7Ho114T0r3M7O5pSlX.N5VDvexue', 'timestamp': '2023-02-08 15:35:20.963846'}
2023-02-08 15:54:31,498 - INFO - Displaying transaction history of account 1
2023-02-08 15:54:47,561 - INFO - Decoded token b'eyJ0eXAiOiJKV1QiLCJhbGciOiJIUzI1NiJ9.eyJ1c2VybmFtZSI6InVuYW1lIiwicGFzc3dvcmQiOiIkMmIkMTIkUHBlSjVxZTZlNktQNmNCQk5JcmlpT0VVdzdIbzExNFQwcjNNN081cFNsWC5ONVZEdmV4dWUiLCJ0aW1lc3RhbXAiOiIyMDIzLTAyLTA4IDE1OjM1OjIwLjk2Mzg0NiJ9.EzCuR485WtT3TUPHvT0al7cwuYJ4b5wwCHLTTCHMAH8' to get {'username': 'uname', 'password': '$2b$12$PpeJ5qe6e6KP6cBBNIriiOEUw7Ho114T0r3M7O5pSlX.N5VDvexue', 'timestamp': '2023-02-08 15:35:20.963846'}
2023-02-08 15:57:06,006 - INFO - Decoded token b'eyJ0eXAiOiJKV1QiLCJhbGciOiJIUzI1NiJ9.eyJ1c2VybmFtZSI6InVuYW1lIiwicGFzc3dvcmQiOiIkMmIkMTIkUHBlSjVxZTZlNktQNmNCQk5JcmlpT0VVdzdIbzExNFQwcjNNN081cFNsWC5ONVZEdmV4dWUiLCJ0aW1lc3RhbXAiOiIyMDIzLTAyLTA4IDE1OjM1OjIwLjk2Mzg0NiJ9.EzCuR485WtT3TUPHvT0al7cwuYJ4b5wwCHLTTCHMAH8' to get {'username': 'uname', 'password': '$2b$12$PpeJ5qe6e6KP6cBBNIriiOEUw7Ho114T0r3M7O5pSlX.N5VDvexue', 'timestamp': '2023-02-08 15:35:20.963846'}
2023-02-08 15:57:29,534 - INFO - Decoded token b'eyJ0eXAiOiJKV1QiLCJhbGciOiJIUzI1NiJ9.eyJ1c2VybmFtZSI6InVuYW1lIiwicGFzc3dvcmQiOiIkMmIkMTIkUHBlSjVxZTZlNktQNmNCQk5JcmlpT0VVdzdIbzExNFQwcjNNN081cFNsWC5ONVZEdmV4dWUiLCJ0aW1lc3RhbXAiOiIyMDIzLTAyLTA4IDE1OjM1OjIwLjk2Mzg0NiJ9.EzCuR485WtT3TUPHvT0al7cwuYJ4b5wwCHLTTCHMAH8' to get {'username': 'uname', 'password': '$2b$12$PpeJ5qe6e6KP6cBBNIriiOEUw7Ho114T0r3M7O5pSlX.N5VDvexue', 'timestamp': '2023-02-08 15:35:20.963846'}
2023-02-08 15:57:43,099 - INFO - Decoded token b'eyJ0eXAiOiJKV1QiLCJhbGciOiJIUzI1NiJ9.eyJ1c2VybmFtZSI6InVuYW1lIiwicGFzc3dvcmQiOiIkMmIkMTIkUHBlSjVxZTZlNktQNmNCQk5JcmlpT0VVdzdIbzExNFQwcjNNN081cFNsWC5ONVZEdmV4dWUiLCJ0aW1lc3RhbXAiOiIyMDIzLTAyLTA4IDE1OjM1OjIwLjk2Mzg0NiJ9.EzCuR485WtT3TUPHvT0al7cwuYJ4b5wwCHLTTCHMAH8' to get {'username': 'uname', 'password': '$2b$12$PpeJ5qe6e6KP6cBBNIriiOEUw7Ho114T0r3M7O5pSlX.N5VDvexue', 'timestamp': '2023-02-08 15:35:20.963846'}
2023-02-08 15:57:46,681 - INFO - Decoded token b'eyJ0eXAiOiJKV1QiLCJhbGciOiJIUzI1NiJ9.eyJ1c2VybmFtZSI6InVuYW1lIiwicGFzc3dvcmQiOiIkMmIkMTIkUHBlSjVxZTZlNktQNmNCQk5JcmlpT0VVdzdIbzExNFQwcjNNN081cFNsWC5ONVZEdmV4dWUiLCJ0aW1lc3RhbXAiOiIyMDIzLTAyLTA4IDE1OjM1OjIwLjk2Mzg0NiJ9.EzCuR485WtT3TUPHvT0al7cwuYJ4b5wwCHLTTCHMAH8' to get {'username': 'uname', 'password': '$2b$12$PpeJ5qe6e6KP6cBBNIriiOEUw7Ho114T0r3M7O5pSlX.N5VDvexue', 'timestamp': '2023-02-08 15:35:20.963846'}
2023-02-08 15:57:49,506 - INFO - Decoded token b'eyJ0eXAiOiJKV1QiLCJhbGciOiJIUzI1NiJ9.eyJ1c2VybmFtZSI6InVuYW1lIiwicGFzc3dvcmQiOiIkMmIkMTIkUHBlSjVxZTZlNktQNmNCQk5JcmlpT0VVdzdIbzExNFQwcjNNN081cFNsWC5ONVZEdmV4dWUiLCJ0aW1lc3RhbXAiOiIyMDIzLTAyLTA4IDE1OjM1OjIwLjk2Mzg0NiJ9.EzCuR485WtT3TUPHvT0al7cwuYJ4b5wwCHLTTCHMAH8' to get {'username': 'uname', 'password': '$2b$12$PpeJ5qe6e6KP6cBBNIriiOEUw7Ho114T0r3M7O5pSlX.N5VDvexue', 'timestamp': '2023-02-08 15:35:20.963846'}
2023-02-08 15:59:03,949 - INFO - Decoded token b'eyJ0eXAiOiJKV1QiLCJhbGciOiJIUzI1NiJ9.eyJ1c2VybmFtZSI6InVuYW1lIiwicGFzc3dvcmQiOiIkMmIkMTIkUHBlSjVxZTZlNktQNmNCQk5JcmlpT0VVdzdIbzExNFQwcjNNN081cFNsWC5ONVZEdmV4dWUiLCJ0aW1lc3RhbXAiOiIyMDIzLTAyLTA4IDE1OjM1OjIwLjk2Mzg0NiJ9.EzCuR485WtT3TUPHvT0al7cwuYJ4b5wwCHLTTCHMAH8' to get {'username': 'uname', 'password': '$2b$12$PpeJ5qe6e6KP6cBBNIriiOEUw7Ho114T0r3M7O5pSlX.N5VDvexue', 'timestamp': '2023-02-08 15:35:20.963846'}
2023-02-08 15:59:07,519 - INFO - Decoded token b'eyJ0eXAiOiJKV1QiLCJhbGciOiJIUzI1NiJ9.eyJ1c2VybmFtZSI6InVuYW1lIiwicGFzc3dvcmQiOiIkMmIkMTIkUHBlSjVxZTZlNktQNmNCQk5JcmlpT0VVdzdIbzExNFQwcjNNN081cFNsWC5ONVZEdmV4dWUiLCJ0aW1lc3RhbXAiOiIyMDIzLTAyLTA4IDE1OjM1OjIwLjk2Mzg0NiJ9.EzCuR485WtT3TUPHvT0al7cwuYJ4b5wwCHLTTCHMAH8' to get {'username': 'uname', 'password': '$2b$12$PpeJ5qe6e6KP6cBBNIriiOEUw7Ho114T0r3M7O5pSlX.N5VDvexue', 'timestamp': '2023-02-08 15:35:20.963846'}
2023-02-08 15:59:15,670 - INFO - Decoded token b'eyJ0eXAiOiJKV1QiLCJhbGciOiJIUzI1NiJ9.eyJ1c2VybmFtZSI6InVuYW1lIiwicGFzc3dvcmQiOiIkMmIkMTIkUHBlSjVxZTZlNktQNmNCQk5JcmlpT0VVdzdIbzExNFQwcjNNN081cFNsWC5ONVZEdmV4dWUiLCJ0aW1lc3RhbXAiOiIyMDIzLTAyLTA4IDE1OjM1OjIwLjk2Mzg0NiJ9.EzCuR485WtT3TUPHvT0al7cwuYJ4b5wwCHLTTCHMAH8' to get {'username': 'uname', 'password': '$2b$12$PpeJ5qe6e6KP6cBBNIriiOEUw7Ho114T0r3M7O5pSlX.N5VDvexue', 'timestamp': '2023-02-08 15:35:20.963846'}
2023-02-08 15:59:15,983 - INFO - Decoded token b'eyJ0eXAiOiJKV1QiLCJhbGciOiJIUzI1NiJ9.eyJ1c2VybmFtZSI6InVuYW1lIiwicGFzc3dvcmQiOiIkMmIkMTIkUHBlSjVxZTZlNktQNmNCQk5JcmlpT0VVdzdIbzExNFQwcjNNN081cFNsWC5ONVZEdmV4dWUiLCJ0aW1lc3RhbXAiOiIyMDIzLTAyLTA4IDE1OjM1OjIwLjk2Mzg0NiJ9.EzCuR485WtT3TUPHvT0al7cwuYJ4b5wwCHLTTCHMAH8' to get {'username': 'uname', 'password': '$2b$12$PpeJ5qe6e6KP6cBBNIriiOEUw7Ho114T0r3M7O5pSlX.N5VDvexue', 'timestamp': '2023-02-08 15:35:20.963846'}
2023-02-08 15:59:15,984 - INFO - Displaying transaction history of account 1
2023-02-08 15:59:28,856 - INFO - Decoded token b'eyJ0eXAiOiJKV1QiLCJhbGciOiJIUzI1NiJ9.eyJ1c2VybmFtZSI6InVuYW1lIiwicGFzc3dvcmQiOiIkMmIkMTIkUHBlSjVxZTZlNktQNmNCQk5JcmlpT0VVdzdIbzExNFQwcjNNN081cFNsWC5ONVZEdmV4dWUiLCJ0aW1lc3RhbXAiOiIyMDIzLTAyLTA4IDE1OjM1OjIwLjk2Mzg0NiJ9.EzCuR485WtT3TUPHvT0al7cwuYJ4b5wwCHLTTCHMAH8' to get {'username': 'uname', 'password': '$2b$12$PpeJ5qe6e6KP6cBBNIriiOEUw7Ho114T0r3M7O5pSlX.N5VDvexue', 'timestamp': '2023-02-08 15:35:20.963846'}
2023-02-08 15:59:35,275 - INFO - Decoded token b'eyJ0eXAiOiJKV1QiLCJhbGciOiJIUzI1NiJ9.eyJ1c2VybmFtZSI6InVuYW1lIiwicGFzc3dvcmQiOiIkMmIkMTIkUHBlSjVxZTZlNktQNmNCQk5JcmlpT0VVdzdIbzExNFQwcjNNN081cFNsWC5ONVZEdmV4dWUiLCJ0aW1lc3RhbXAiOiIyMDIzLTAyLTA4IDE1OjM1OjIwLjk2Mzg0NiJ9.EzCuR485WtT3TUPHvT0al7cwuYJ4b5wwCHLTTCHMAH8' to get {'username': 'uname', 'password': '$2b$12$PpeJ5qe6e6KP6cBBNIriiOEUw7Ho114T0r3M7O5pSlX.N5VDvexue', 'timestamp': '2023-02-08 15:35:20.963846'}
2023-02-08 16:01:30,946 - INFO - Decoded token b'eyJ0eXAiOiJKV1QiLCJhbGciOiJIUzI1NiJ9.eyJ1c2VybmFtZSI6InVuYW1lIiwicGFzc3dvcmQiOiIkMmIkMTIkUHBlSjVxZTZlNktQNmNCQk5JcmlpT0VVdzdIbzExNFQwcjNNN081cFNsWC5ONVZEdmV4dWUiLCJ0aW1lc3RhbXAiOiIyMDIzLTAyLTA4IDE1OjM1OjIwLjk2Mzg0NiJ9.EzCuR485WtT3TUPHvT0al7cwuYJ4b5wwCHLTTCHMAH8' to get {'username': 'uname', 'password': '$2b$12$PpeJ5qe6e6KP6cBBNIriiOEUw7Ho114T0r3M7O5pSlX.N5VDvexue', 'timestamp': '2023-02-08 15:35:20.963846'}
2023-02-08 16:01:35,010 - INFO - Decoded token b'eyJ0eXAiOiJKV1QiLCJhbGciOiJIUzI1NiJ9.eyJ1c2VybmFtZSI6InVuYW1lIiwicGFzc3dvcmQiOiIkMmIkMTIkUHBlSjVxZTZlNktQNmNCQk5JcmlpT0VVdzdIbzExNFQwcjNNN081cFNsWC5ONVZEdmV4dWUiLCJ0aW1lc3RhbXAiOiIyMDIzLTAyLTA4IDE1OjM1OjIwLjk2Mzg0NiJ9.EzCuR485WtT3TUPHvT0al7cwuYJ4b5wwCHLTTCHMAH8' to get {'username': 'uname', 'password': '$2b$12$PpeJ5qe6e6KP6cBBNIriiOEUw7Ho114T0r3M7O5pSlX.N5VDvexue', 'timestamp': '2023-02-08 15:35:20.963846'}
2023-02-08 16:02:52,959 - INFO - Decoded token b'eyJ0eXAiOiJKV1QiLCJhbGciOiJIUzI1NiJ9.eyJ1c2VybmFtZSI6InVuYW1lIiwicGFzc3dvcmQiOiIkMmIkMTIkUHBlSjVxZTZlNktQNmNCQk5JcmlpT0VVdzdIbzExNFQwcjNNN081cFNsWC5ONVZEdmV4dWUiLCJ0aW1lc3RhbXAiOiIyMDIzLTAyLTA4IDE1OjM1OjIwLjk2Mzg0NiJ9.EzCuR485WtT3TUPHvT0al7cwuYJ4b5wwCHLTTCHMAH8' to get {'username': 'uname', 'password': '$2b$12$PpeJ5qe6e6KP6cBBNIriiOEUw7Ho114T0r3M7O5pSlX.N5VDvexue', 'timestamp': '2023-02-08 15:35:20.963846'}
2023-02-08 16:02:55,782 - INFO - Decoded token b'eyJ0eXAiOiJKV1QiLCJhbGciOiJIUzI1NiJ9.eyJ1c2VybmFtZSI6InVuYW1lIiwicGFzc3dvcmQiOiIkMmIkMTIkUHBlSjVxZTZlNktQNmNCQk5JcmlpT0VVdzdIbzExNFQwcjNNN081cFNsWC5ONVZEdmV4dWUiLCJ0aW1lc3RhbXAiOiIyMDIzLTAyLTA4IDE1OjM1OjIwLjk2Mzg0NiJ9.EzCuR485WtT3TUPHvT0al7cwuYJ4b5wwCHLTTCHMAH8' to get {'username': 'uname', 'password': '$2b$12$PpeJ5qe6e6KP6cBBNIriiOEUw7Ho114T0r3M7O5pSlX.N5VDvexue', 'timestamp': '2023-02-08 15:35:20.963846'}
2023-02-08 16:03:04,639 - INFO - Decoded token b'eyJ0eXAiOiJKV1QiLCJhbGciOiJIUzI1NiJ9.eyJ1c2VybmFtZSI6InVuYW1lIiwicGFzc3dvcmQiOiIkMmIkMTIkUHBlSjVxZTZlNktQNmNCQk5JcmlpT0VVdzdIbzExNFQwcjNNN081cFNsWC5ONVZEdmV4dWUiLCJ0aW1lc3RhbXAiOiIyMDIzLTAyLTA4IDE1OjM1OjIwLjk2Mzg0NiJ9.EzCuR485WtT3TUPHvT0al7cwuYJ4b5wwCHLTTCHMAH8' to get {'username': 'uname', 'password': '$2b$12$PpeJ5qe6e6KP6cBBNIriiOEUw7Ho114T0r3M7O5pSlX.N5VDvexue', 'timestamp': '2023-02-08 15:35:20.963846'}
2023-02-08 16:03:04,915 - INFO - Decoded token b'eyJ0eXAiOiJKV1QiLCJhbGciOiJIUzI1NiJ9.eyJ1c2VybmFtZSI6InVuYW1lIiwicGFzc3dvcmQiOiIkMmIkMTIkUHBlSjVxZTZlNktQNmNCQk5JcmlpT0VVdzdIbzExNFQwcjNNN081cFNsWC5ONVZEdmV4dWUiLCJ0aW1lc3RhbXAiOiIyMDIzLTAyLTA4IDE1OjM1OjIwLjk2Mzg0NiJ9.EzCuR485WtT3TUPHvT0al7cwuYJ4b5wwCHLTTCHMAH8' to get {'username': 'uname', 'password': '$2b$12$PpeJ5qe6e6KP6cBBNIriiOEUw7Ho114T0r3M7O5pSlX.N5VDvexue', 'timestamp': '2023-02-08 15:35:20.963846'}
2023-02-08 16:03:04,916 - INFO - Displaying transaction history of account 1
2023-02-08 16:05:23,057 - INFO - Decoded token b'eyJ0eXAiOiJKV1QiLCJhbGciOiJIUzI1NiJ9.eyJ1c2VybmFtZSI6InVuYW1lIiwicGFzc3dvcmQiOiIkMmIkMTIkUHBlSjVxZTZlNktQNmNCQk5JcmlpT0VVdzdIbzExNFQwcjNNN081cFNsWC5ONVZEdmV4dWUiLCJ0aW1lc3RhbXAiOiIyMDIzLTAyLTA4IDE1OjM1OjIwLjk2Mzg0NiJ9.EzCuR485WtT3TUPHvT0al7cwuYJ4b5wwCHLTTCHMAH8' to get {'username': 'uname', 'password': '$2b$12$PpeJ5qe6e6KP6cBBNIriiOEUw7Ho114T0r3M7O5pSlX.N5VDvexue', 'timestamp': '2023-02-08 15:35:20.963846'}
2023-02-08 16:05:23,086 - INFO - Displaying transaction history of account 1
2023-02-08 16:07:01,705 - INFO - Decoded token b'eyJ0eXAiOiJKV1QiLCJhbGciOiJIUzI1NiJ9.eyJ1c2VybmFtZSI6InVuYW1lIiwicGFzc3dvcmQiOiIkMmIkMTIkUHBlSjVxZTZlNktQNmNCQk5JcmlpT0VVdzdIbzExNFQwcjNNN081cFNsWC5ONVZEdmV4dWUiLCJ0aW1lc3RhbXAiOiIyMDIzLTAyLTA4IDE1OjM1OjIwLjk2Mzg0NiJ9.EzCuR485WtT3TUPHvT0al7cwuYJ4b5wwCHLTTCHMAH8' to get {'username': 'uname', 'password': '$2b$12$PpeJ5qe6e6KP6cBBNIriiOEUw7Ho114T0r3M7O5pSlX.N5VDvexue', 'timestamp': '2023-02-08 15:35:20.963846'}
2023-02-08 16:07:01,732 - INFO - Displaying transaction history of account 1
2023-02-08 16:08:28,288 - INFO - Decoded token b'eyJ0eXAiOiJKV1QiLCJhbGciOiJIUzI1NiJ9.eyJ1c2VybmFtZSI6InVuYW1lIiwicGFzc3dvcmQiOiIkMmIkMTIkUHBlSjVxZTZlNktQNmNCQk5JcmlpT0VVdzdIbzExNFQwcjNNN081cFNsWC5ONVZEdmV4dWUiLCJ0aW1lc3RhbXAiOiIyMDIzLTAyLTA4IDE1OjM1OjIwLjk2Mzg0NiJ9.EzCuR485WtT3TUPHvT0al7cwuYJ4b5wwCHLTTCHMAH8' to get {'username': 'uname', 'password': '$2b$12$PpeJ5qe6e6KP6cBBNIriiOEUw7Ho114T0r3M7O5pSlX.N5VDvexue', 'timestamp': '2023-02-08 15:35:20.963846'}
2023-02-08 16:08:28,324 - INFO - Displaying transaction history of account 1
2023-02-08 16:09:04,339 - INFO - Decoded token b'eyJ0eXAiOiJKV1QiLCJhbGciOiJIUzI1NiJ9.eyJ1c2VybmFtZSI6InVuYW1lIiwicGFzc3dvcmQiOiIkMmIkMTIkUHBlSjVxZTZlNktQNmNCQk5JcmlpT0VVdzdIbzExNFQwcjNNN081cFNsWC5ONVZEdmV4dWUiLCJ0aW1lc3RhbXAiOiIyMDIzLTAyLTA4IDE1OjM1OjIwLjk2Mzg0NiJ9.EzCuR485WtT3TUPHvT0al7cwuYJ4b5wwCHLTTCHMAH8' to get {'username': 'uname', 'password': '$2b$12$PpeJ5qe6e6KP6cBBNIriiOEUw7Ho114T0r3M7O5pSlX.N5VDvexue', 'timestamp': '2023-02-08 15:35:20.963846'}
2023-02-08 16:09:04,373 - INFO - Displaying transaction history of account 1
2023-02-08 16:09:50,242 - INFO - Decoded token b'eyJ0eXAiOiJKV1QiLCJhbGciOiJIUzI1NiJ9.eyJ1c2VybmFtZSI6InVuYW1lIiwicGFzc3dvcmQiOiIkMmIkMTIkUHBlSjVxZTZlNktQNmNCQk5JcmlpT0VVdzdIbzExNFQwcjNNN081cFNsWC5ONVZEdmV4dWUiLCJ0aW1lc3RhbXAiOiIyMDIzLTAyLTA4IDE1OjM1OjIwLjk2Mzg0NiJ9.EzCuR485WtT3TUPHvT0al7cwuYJ4b5wwCHLTTCHMAH8' to get {'username': 'uname', 'password': '$2b$12$PpeJ5qe6e6KP6cBBNIriiOEUw7Ho114T0r3M7O5pSlX.N5VDvexue', 'timestamp': '2023-02-08 15:35:20.963846'}
2023-02-08 16:09:50,277 - INFO - Displaying transaction history of account 1
2023-02-08 16:10:41,662 - INFO - Decoded token b'eyJ0eXAiOiJKV1QiLCJhbGciOiJIUzI1NiJ9.eyJ1c2VybmFtZSI6InVuYW1lIiwicGFzc3dvcmQiOiIkMmIkMTIkUHBlSjVxZTZlNktQNmNCQk5JcmlpT0VVdzdIbzExNFQwcjNNN081cFNsWC5ONVZEdmV4dWUiLCJ0aW1lc3RhbXAiOiIyMDIzLTAyLTA4IDE1OjM1OjIwLjk2Mzg0NiJ9.EzCuR485WtT3TUPHvT0al7cwuYJ4b5wwCHLTTCHMAH8' to get {'username': 'uname', 'password': '$2b$12$PpeJ5qe6e6KP6cBBNIriiOEUw7Ho114T0r3M7O5pSlX.N5VDvexue', 'timestamp': '2023-02-08 15:35:20.963846'}
2023-02-08 16:10:41,701 - INFO - Displaying transaction history of account 1
2023-02-08 16:51:57,519 - INFO - Clearing session variables for user uname
2023-02-08 16:51:57,520 - INFO - Session variables cleared
2023-02-08 16:52:10,173 - INFO - Customer Login info: Customer uname verified
2023-02-08 16:52:10,173 - INFO - Customer uname logged in with token eyJ0eXAiOiJKV1QiLCJhbGciOiJIUzI1NiJ9.eyJ1c2VybmFtZSI6InVuYW1lIiwicGFzc3dvcmQiOiIkMmIkMTIkUHBlSjVxZTZlNktQNmNCQk5JcmlpT0VVdzdIbzExNFQwcjNNN081cFNsWC5ONVZEdmV4dWUiLCJ0aW1lc3RhbXAiOiIyMDIzLTAyLTA4IDE2OjUyOjEwLjE3Mzc1NCJ9.ClKZq1dThcV5i8PHPaEVznLV6Hj1a9B2n2Zjxyq4eLg
2023-02-08 16:52:20,142 - INFO - Decoded token b'eyJ0eXAiOiJKV1QiLCJhbGciOiJIUzI1NiJ9.eyJ1c2VybmFtZSI6InVuYW1lIiwicGFzc3dvcmQiOiIkMmIkMTIkUHBlSjVxZTZlNktQNmNCQk5JcmlpT0VVdzdIbzExNFQwcjNNN081cFNsWC5ONVZEdmV4dWUiLCJ0aW1lc3RhbXAiOiIyMDIzLTAyLTA4IDE2OjUyOjEwLjE3Mzc1NCJ9.ClKZq1dThcV5i8PHPaEVznLV6Hj1a9B2n2Zjxyq4eLg' to get {'username': 'uname', 'password': '$2b$12$PpeJ5qe6e6KP6cBBNIriiOEUw7Ho114T0r3M7O5pSlX.N5VDvexue', 'timestamp': '2023-02-08 16:52:10.173754'}
2023-02-08 16:52:28,198 - INFO - Decoded token b'eyJ0eXAiOiJKV1QiLCJhbGciOiJIUzI1NiJ9.eyJ1c2VybmFtZSI6InVuYW1lIiwicGFzc3dvcmQiOiIkMmIkMTIkUHBlSjVxZTZlNktQNmNCQk5JcmlpT0VVdzdIbzExNFQwcjNNN081cFNsWC5ONVZEdmV4dWUiLCJ0aW1lc3RhbXAiOiIyMDIzLTAyLTA4IDE2OjUyOjEwLjE3Mzc1NCJ9.ClKZq1dThcV5i8PHPaEVznLV6Hj1a9B2n2Zjxyq4eLg' to get {'username': 'uname', 'password': '$2b$12$PpeJ5qe6e6KP6cBBNIriiOEUw7Ho114T0r3M7O5pSlX.N5VDvexue', 'timestamp': '2023-02-08 16:52:10.173754'}
2023-02-08 16:52:39,120 - INFO - Decoded token b'eyJ0eXAiOiJKV1QiLCJhbGciOiJIUzI1NiJ9.eyJ1c2VybmFtZSI6InVuYW1lIiwicGFzc3dvcmQiOiIkMmIkMTIkUHBlSjVxZTZlNktQNmNCQk5JcmlpT0VVdzdIbzExNFQwcjNNN081cFNsWC5ONVZEdmV4dWUiLCJ0aW1lc3RhbXAiOiIyMDIzLTAyLTA4IDE2OjUyOjEwLjE3Mzc1NCJ9.ClKZq1dThcV5i8PHPaEVznLV6Hj1a9B2n2Zjxyq4eLg' to get {'username': 'uname', 'password': '$2b$12$PpeJ5qe6e6KP6cBBNIriiOEUw7Ho114T0r3M7O5pSlX.N5VDvexue', 'timestamp': '2023-02-08 16:52:10.173754'}
2023-02-08 16:52:39,398 - INFO - Created new account for customer uname
2023-02-08 16:52:39,403 - INFO - Decoded token b'eyJ0eXAiOiJKV1QiLCJhbGciOiJIUzI1NiJ9.eyJ1c2VybmFtZSI6InVuYW1lIiwicGFzc3dvcmQiOiIkMmIkMTIkUHBlSjVxZTZlNktQNmNCQk5JcmlpT0VVdzdIbzExNFQwcjNNN081cFNsWC5ONVZEdmV4dWUiLCJ0aW1lc3RhbXAiOiIyMDIzLTAyLTA4IDE2OjUyOjEwLjE3Mzc1NCJ9.ClKZq1dThcV5i8PHPaEVznLV6Hj1a9B2n2Zjxyq4eLg' to get {'username': 'uname', 'password': '$2b$12$PpeJ5qe6e6KP6cBBNIriiOEUw7Ho114T0r3M7O5pSlX.N5VDvexue', 'timestamp': '2023-02-08 16:52:10.173754'}
2023-02-08 16:52:46,028 - INFO - Decoded token b'eyJ0eXAiOiJKV1QiLCJhbGciOiJIUzI1NiJ9.eyJ1c2VybmFtZSI6InVuYW1lIiwicGFzc3dvcmQiOiIkMmIkMTIkUHBlSjVxZTZlNktQNmNCQk5JcmlpT0VVdzdIbzExNFQwcjNNN081cFNsWC5ONVZEdmV4dWUiLCJ0aW1lc3RhbXAiOiIyMDIzLTAyLTA4IDE2OjUyOjEwLjE3Mzc1NCJ9.ClKZq1dThcV5i8PHPaEVznLV6Hj1a9B2n2Zjxyq4eLg' to get {'username': 'uname', 'password': '$2b$12$PpeJ5qe6e6KP6cBBNIriiOEUw7Ho114T0r3M7O5pSlX.N5VDvexue', 'timestamp': '2023-02-08 16:52:10.173754'}
2023-02-08 16:52:54,091 - INFO - Decoded token b'eyJ0eXAiOiJKV1QiLCJhbGciOiJIUzI1NiJ9.eyJ1c2VybmFtZSI6InVuYW1lIiwicGFzc3dvcmQiOiIkMmIkMTIkUHBlSjVxZTZlNktQNmNCQk5JcmlpT0VVdzdIbzExNFQwcjNNN081cFNsWC5ONVZEdmV4dWUiLCJ0aW1lc3RhbXAiOiIyMDIzLTAyLTA4IDE2OjUyOjEwLjE3Mzc1NCJ9.ClKZq1dThcV5i8PHPaEVznLV6Hj1a9B2n2Zjxyq4eLg' to get {'username': 'uname', 'password': '$2b$12$PpeJ5qe6e6KP6cBBNIriiOEUw7Ho114T0r3M7O5pSlX.N5VDvexue', 'timestamp': '2023-02-08 16:52:10.173754'}
2023-02-08 16:54:32,644 - INFO - Decoded token b'eyJ0eXAiOiJKV1QiLCJhbGciOiJIUzI1NiJ9.eyJ1c2VybmFtZSI6InVuYW1lIiwicGFzc3dvcmQiOiIkMmIkMTIkUHBlSjVxZTZlNktQNmNCQk5JcmlpT0VVdzdIbzExNFQwcjNNN081cFNsWC5ONVZEdmV4dWUiLCJ0aW1lc3RhbXAiOiIyMDIzLTAyLTA4IDE2OjUyOjEwLjE3Mzc1NCJ9.ClKZq1dThcV5i8PHPaEVznLV6Hj1a9B2n2Zjxyq4eLg' to get {'username': 'uname', 'password': '$2b$12$PpeJ5qe6e6KP6cBBNIriiOEUw7Ho114T0r3M7O5pSlX.N5VDvexue', 'timestamp': '2023-02-08 16:52:10.173754'}
2023-02-08 16:55:43,275 - INFO - Decoded token b'eyJ0eXAiOiJKV1QiLCJhbGciOiJIUzI1NiJ9.eyJ1c2VybmFtZSI6InVuYW1lIiwicGFzc3dvcmQiOiIkMmIkMTIkUHBlSjVxZTZlNktQNmNCQk5JcmlpT0VVdzdIbzExNFQwcjNNN081cFNsWC5ONVZEdmV4dWUiLCJ0aW1lc3RhbXAiOiIyMDIzLTAyLTA4IDE2OjUyOjEwLjE3Mzc1NCJ9.ClKZq1dThcV5i8PHPaEVznLV6Hj1a9B2n2Zjxyq4eLg' to get {'username': 'uname', 'password': '$2b$12$PpeJ5qe6e6KP6cBBNIriiOEUw7Ho114T0r3M7O5pSlX.N5VDvexue', 'timestamp': '2023-02-08 16:52:10.173754'}
2023-02-08 16:55:50,945 - INFO - Decoded token b'eyJ0eXAiOiJKV1QiLCJhbGciOiJIUzI1NiJ9.eyJ1c2VybmFtZSI6InVuYW1lIiwicGFzc3dvcmQiOiIkMmIkMTIkUHBlSjVxZTZlNktQNmNCQk5JcmlpT0VVdzdIbzExNFQwcjNNN081cFNsWC5ONVZEdmV4dWUiLCJ0aW1lc3RhbXAiOiIyMDIzLTAyLTA4IDE2OjUyOjEwLjE3Mzc1NCJ9.ClKZq1dThcV5i8PHPaEVznLV6Hj1a9B2n2Zjxyq4eLg' to get {'username': 'uname', 'password': '$2b$12$PpeJ5qe6e6KP6cBBNIriiOEUw7Ho114T0r3M7O5pSlX.N5VDvexue', 'timestamp': '2023-02-08 16:52:10.173754'}
2023-02-08 16:56:07,118 - INFO - Decoded token b'eyJ0eXAiOiJKV1QiLCJhbGciOiJIUzI1NiJ9.eyJ1c2VybmFtZSI6InVuYW1lIiwicGFzc3dvcmQiOiIkMmIkMTIkUHBlSjVxZTZlNktQNmNCQk5JcmlpT0VVdzdIbzExNFQwcjNNN081cFNsWC5ONVZEdmV4dWUiLCJ0aW1lc3RhbXAiOiIyMDIzLTAyLTA4IDE2OjUyOjEwLjE3Mzc1NCJ9.ClKZq1dThcV5i8PHPaEVznLV6Hj1a9B2n2Zjxyq4eLg' to get {'username': 'uname', 'password': '$2b$12$PpeJ5qe6e6KP6cBBNIriiOEUw7Ho114T0r3M7O5pSlX.N5VDvexue', 'timestamp': '2023-02-08 16:52:10.173754'}
2023-02-08 16:56:07,389 - ERROR - Deposit error: Failed to transfer 501 from account 2 into account 1
Traceback (most recent call last):
  File "/Users/dayeemparkar/Desktop/Training/BajajMarketsTrainingCaseStudy/helpers.py", line 328, in tryToMakeTransaction
    DBConnection.insertRow(TRANSACTION_TABLE, params=[from_account_no, to_account_no, f"{amount}", f"'{DBConnection.getTimeStamp()}'"])
  File "/Users/dayeemparkar/Desktop/Training/BajajMarketsTrainingCaseStudy/db_connector_class.py", line 129, in insertRow
    cls.cur.execute(cls.generateInsertQuery(table_name, params, TRANSACTION_TABLE_COLS[1:]))
  File "/Users/dayeemparkar/Desktop/Training/BajajMarketsTrainingCaseStudy/db_connector_class.py", line 50, in generateInsertQuery
    return query + " VALUES (" + ", ".join(params) + ");"
TypeError: sequence item 1: expected str instance, int found
2023-02-08 16:56:27,749 - INFO - Decoded token b'eyJ0eXAiOiJKV1QiLCJhbGciOiJIUzI1NiJ9.eyJ1c2VybmFtZSI6InVuYW1lIiwicGFzc3dvcmQiOiIkMmIkMTIkUHBlSjVxZTZlNktQNmNCQk5JcmlpT0VVdzdIbzExNFQwcjNNN081cFNsWC5ONVZEdmV4dWUiLCJ0aW1lc3RhbXAiOiIyMDIzLTAyLTA4IDE2OjUyOjEwLjE3Mzc1NCJ9.ClKZq1dThcV5i8PHPaEVznLV6Hj1a9B2n2Zjxyq4eLg' to get {'username': 'uname', 'password': '$2b$12$PpeJ5qe6e6KP6cBBNIriiOEUw7Ho114T0r3M7O5pSlX.N5VDvexue', 'timestamp': '2023-02-08 16:52:10.173754'}
2023-02-08 16:56:38,731 - INFO - Decoded token b'eyJ0eXAiOiJKV1QiLCJhbGciOiJIUzI1NiJ9.eyJ1c2VybmFtZSI6InVuYW1lIiwicGFzc3dvcmQiOiIkMmIkMTIkUHBlSjVxZTZlNktQNmNCQk5JcmlpT0VVdzdIbzExNFQwcjNNN081cFNsWC5ONVZEdmV4dWUiLCJ0aW1lc3RhbXAiOiIyMDIzLTAyLTA4IDE2OjUyOjEwLjE3Mzc1NCJ9.ClKZq1dThcV5i8PHPaEVznLV6Hj1a9B2n2Zjxyq4eLg' to get {'username': 'uname', 'password': '$2b$12$PpeJ5qe6e6KP6cBBNIriiOEUw7Ho114T0r3M7O5pSlX.N5VDvexue', 'timestamp': '2023-02-08 16:52:10.173754'}
2023-02-08 16:59:47,195 - INFO - Decoded token b'eyJ0eXAiOiJKV1QiLCJhbGciOiJIUzI1NiJ9.eyJ1c2VybmFtZSI6InVuYW1lIiwicGFzc3dvcmQiOiIkMmIkMTIkUHBlSjVxZTZlNktQNmNCQk5JcmlpT0VVdzdIbzExNFQwcjNNN081cFNsWC5ONVZEdmV4dWUiLCJ0aW1lc3RhbXAiOiIyMDIzLTAyLTA4IDE2OjUyOjEwLjE3Mzc1NCJ9.ClKZq1dThcV5i8PHPaEVznLV6Hj1a9B2n2Zjxyq4eLg' to get {'username': 'uname', 'password': '$2b$12$PpeJ5qe6e6KP6cBBNIriiOEUw7Ho114T0r3M7O5pSlX.N5VDvexue', 'timestamp': '2023-02-08 16:52:10.173754'}
2023-02-08 17:00:06,969 - INFO - Decoded token b'eyJ0eXAiOiJKV1QiLCJhbGciOiJIUzI1NiJ9.eyJ1c2VybmFtZSI6InVuYW1lIiwicGFzc3dvcmQiOiIkMmIkMTIkUHBlSjVxZTZlNktQNmNCQk5JcmlpT0VVdzdIbzExNFQwcjNNN081cFNsWC5ONVZEdmV4dWUiLCJ0aW1lc3RhbXAiOiIyMDIzLTAyLTA4IDE2OjUyOjEwLjE3Mzc1NCJ9.ClKZq1dThcV5i8PHPaEVznLV6Hj1a9B2n2Zjxyq4eLg' to get {'username': 'uname', 'password': '$2b$12$PpeJ5qe6e6KP6cBBNIriiOEUw7Ho114T0r3M7O5pSlX.N5VDvexue', 'timestamp': '2023-02-08 16:52:10.173754'}
2023-02-08 17:00:37,904 - INFO - Decoded token b'eyJ0eXAiOiJKV1QiLCJhbGciOiJIUzI1NiJ9.eyJ1c2VybmFtZSI6InVuYW1lIiwicGFzc3dvcmQiOiIkMmIkMTIkUHBlSjVxZTZlNktQNmNCQk5JcmlpT0VVdzdIbzExNFQwcjNNN081cFNsWC5ONVZEdmV4dWUiLCJ0aW1lc3RhbXAiOiIyMDIzLTAyLTA4IDE2OjUyOjEwLjE3Mzc1NCJ9.ClKZq1dThcV5i8PHPaEVznLV6Hj1a9B2n2Zjxyq4eLg' to get {'username': 'uname', 'password': '$2b$12$PpeJ5qe6e6KP6cBBNIriiOEUw7Ho114T0r3M7O5pSlX.N5VDvexue', 'timestamp': '2023-02-08 16:52:10.173754'}
2023-02-08 17:00:52,157 - INFO - Decoded token b'eyJ0eXAiOiJKV1QiLCJhbGciOiJIUzI1NiJ9.eyJ1c2VybmFtZSI6InVuYW1lIiwicGFzc3dvcmQiOiIkMmIkMTIkUHBlSjVxZTZlNktQNmNCQk5JcmlpT0VVdzdIbzExNFQwcjNNN081cFNsWC5ONVZEdmV4dWUiLCJ0aW1lc3RhbXAiOiIyMDIzLTAyLTA4IDE2OjUyOjEwLjE3Mzc1NCJ9.ClKZq1dThcV5i8PHPaEVznLV6Hj1a9B2n2Zjxyq4eLg' to get {'username': 'uname', 'password': '$2b$12$PpeJ5qe6e6KP6cBBNIriiOEUw7Ho114T0r3M7O5pSlX.N5VDvexue', 'timestamp': '2023-02-08 16:52:10.173754'}
2023-02-08 17:01:45,975 - INFO - Decoded token b'eyJ0eXAiOiJKV1QiLCJhbGciOiJIUzI1NiJ9.eyJ1c2VybmFtZSI6InVuYW1lIiwicGFzc3dvcmQiOiIkMmIkMTIkUHBlSjVxZTZlNktQNmNCQk5JcmlpT0VVdzdIbzExNFQwcjNNN081cFNsWC5ONVZEdmV4dWUiLCJ0aW1lc3RhbXAiOiIyMDIzLTAyLTA4IDE2OjUyOjEwLjE3Mzc1NCJ9.ClKZq1dThcV5i8PHPaEVznLV6Hj1a9B2n2Zjxyq4eLg' to get {'username': 'uname', 'password': '$2b$12$PpeJ5qe6e6KP6cBBNIriiOEUw7Ho114T0r3M7O5pSlX.N5VDvexue', 'timestamp': '2023-02-08 16:52:10.173754'}
2023-02-08 17:01:55,543 - INFO - Decoded token b'eyJ0eXAiOiJKV1QiLCJhbGciOiJIUzI1NiJ9.eyJ1c2VybmFtZSI6InVuYW1lIiwicGFzc3dvcmQiOiIkMmIkMTIkUHBlSjVxZTZlNktQNmNCQk5JcmlpT0VVdzdIbzExNFQwcjNNN081cFNsWC5ONVZEdmV4dWUiLCJ0aW1lc3RhbXAiOiIyMDIzLTAyLTA4IDE2OjUyOjEwLjE3Mzc1NCJ9.ClKZq1dThcV5i8PHPaEVznLV6Hj1a9B2n2Zjxyq4eLg' to get {'username': 'uname', 'password': '$2b$12$PpeJ5qe6e6KP6cBBNIriiOEUw7Ho114T0r3M7O5pSlX.N5VDvexue', 'timestamp': '2023-02-08 16:52:10.173754'}
2023-02-08 17:03:01,724 - INFO - Decoded token b'eyJ0eXAiOiJKV1QiLCJhbGciOiJIUzI1NiJ9.eyJ1c2VybmFtZSI6InVuYW1lIiwicGFzc3dvcmQiOiIkMmIkMTIkUHBlSjVxZTZlNktQNmNCQk5JcmlpT0VVdzdIbzExNFQwcjNNN081cFNsWC5ONVZEdmV4dWUiLCJ0aW1lc3RhbXAiOiIyMDIzLTAyLTA4IDE2OjUyOjEwLjE3Mzc1NCJ9.ClKZq1dThcV5i8PHPaEVznLV6Hj1a9B2n2Zjxyq4eLg' to get {'username': 'uname', 'password': '$2b$12$PpeJ5qe6e6KP6cBBNIriiOEUw7Ho114T0r3M7O5pSlX.N5VDvexue', 'timestamp': '2023-02-08 16:52:10.173754'}
2023-02-08 17:03:23,502 - INFO - Decoded token b'eyJ0eXAiOiJKV1QiLCJhbGciOiJIUzI1NiJ9.eyJ1c2VybmFtZSI6InVuYW1lIiwicGFzc3dvcmQiOiIkMmIkMTIkUHBlSjVxZTZlNktQNmNCQk5JcmlpT0VVdzdIbzExNFQwcjNNN081cFNsWC5ONVZEdmV4dWUiLCJ0aW1lc3RhbXAiOiIyMDIzLTAyLTA4IDE2OjUyOjEwLjE3Mzc1NCJ9.ClKZq1dThcV5i8PHPaEVznLV6Hj1a9B2n2Zjxyq4eLg' to get {'username': 'uname', 'password': '$2b$12$PpeJ5qe6e6KP6cBBNIriiOEUw7Ho114T0r3M7O5pSlX.N5VDvexue', 'timestamp': '2023-02-08 16:52:10.173754'}
2023-02-08 17:09:12,119 - INFO - Clearing session variables for user uname
2023-02-08 17:09:12,120 - INFO - Session variables cleared
2023-02-08 17:09:18,307 - INFO - Customer Login info: Customer uname verified
2023-02-08 17:09:18,307 - INFO - Customer uname logged in with token eyJ0eXAiOiJKV1QiLCJhbGciOiJIUzI1NiJ9.eyJ1c2VybmFtZSI6InVuYW1lIiwicGFzc3dvcmQiOiIkMmIkMTIkUHBlSjVxZTZlNktQNmNCQk5JcmlpT0VVdzdIbzExNFQwcjNNN081cFNsWC5ONVZEdmV4dWUiLCJ0aW1lc3RhbXAiOiIyMDIzLTAyLTA4IDE3OjA5OjE4LjMwNzU0MSJ9.X6ku_ie3rj-HQYJAGDjxLDfQ36UmumNCpRLFhak2P4E
2023-02-08 17:09:20,591 - INFO - Decoded token b'eyJ0eXAiOiJKV1QiLCJhbGciOiJIUzI1NiJ9.eyJ1c2VybmFtZSI6InVuYW1lIiwicGFzc3dvcmQiOiIkMmIkMTIkUHBlSjVxZTZlNktQNmNCQk5JcmlpT0VVdzdIbzExNFQwcjNNN081cFNsWC5ONVZEdmV4dWUiLCJ0aW1lc3RhbXAiOiIyMDIzLTAyLTA4IDE3OjA5OjE4LjMwNzU0MSJ9.X6ku_ie3rj-HQYJAGDjxLDfQ36UmumNCpRLFhak2P4E' to get {'username': 'uname', 'password': '$2b$12$PpeJ5qe6e6KP6cBBNIriiOEUw7Ho114T0r3M7O5pSlX.N5VDvexue', 'timestamp': '2023-02-08 17:09:18.307541'}
2023-02-08 17:09:49,495 - INFO - Decoded token b'eyJ0eXAiOiJKV1QiLCJhbGciOiJIUzI1NiJ9.eyJ1c2VybmFtZSI6InVuYW1lIiwicGFzc3dvcmQiOiIkMmIkMTIkUHBlSjVxZTZlNktQNmNCQk5JcmlpT0VVdzdIbzExNFQwcjNNN081cFNsWC5ONVZEdmV4dWUiLCJ0aW1lc3RhbXAiOiIyMDIzLTAyLTA4IDE3OjA5OjE4LjMwNzU0MSJ9.X6ku_ie3rj-HQYJAGDjxLDfQ36UmumNCpRLFhak2P4E' to get {'username': 'uname', 'password': '$2b$12$PpeJ5qe6e6KP6cBBNIriiOEUw7Ho114T0r3M7O5pSlX.N5VDvexue', 'timestamp': '2023-02-08 17:09:18.307541'}
2023-02-08 17:10:02,453 - INFO - Decoded token b'eyJ0eXAiOiJKV1QiLCJhbGciOiJIUzI1NiJ9.eyJ1c2VybmFtZSI6InVuYW1lIiwicGFzc3dvcmQiOiIkMmIkMTIkUHBlSjVxZTZlNktQNmNCQk5JcmlpT0VVdzdIbzExNFQwcjNNN081cFNsWC5ONVZEdmV4dWUiLCJ0aW1lc3RhbXAiOiIyMDIzLTAyLTA4IDE3OjA5OjE4LjMwNzU0MSJ9.X6ku_ie3rj-HQYJAGDjxLDfQ36UmumNCpRLFhak2P4E' to get {'username': 'uname', 'password': '$2b$12$PpeJ5qe6e6KP6cBBNIriiOEUw7Ho114T0r3M7O5pSlX.N5VDvexue', 'timestamp': '2023-02-08 17:09:18.307541'}
2023-02-08 17:10:10,397 - INFO - Decoded token b'eyJ0eXAiOiJKV1QiLCJhbGciOiJIUzI1NiJ9.eyJ1c2VybmFtZSI6InVuYW1lIiwicGFzc3dvcmQiOiIkMmIkMTIkUHBlSjVxZTZlNktQNmNCQk5JcmlpT0VVdzdIbzExNFQwcjNNN081cFNsWC5ONVZEdmV4dWUiLCJ0aW1lc3RhbXAiOiIyMDIzLTAyLTA4IDE3OjA5OjE4LjMwNzU0MSJ9.X6ku_ie3rj-HQYJAGDjxLDfQ36UmumNCpRLFhak2P4E' to get {'username': 'uname', 'password': '$2b$12$PpeJ5qe6e6KP6cBBNIriiOEUw7Ho114T0r3M7O5pSlX.N5VDvexue', 'timestamp': '2023-02-08 17:09:18.307541'}
2023-02-08 17:10:10,675 - ERROR - Deposit error: Failed to transfer 101 from account 2 into account 1
Traceback (most recent call last):
  File "/Users/dayeemparkar/Desktop/Training/BajajMarketsTrainingCaseStudy/helpers.py", line 328, in tryToMakeTransaction
    DBConnection.insertRow(TRANSACTION_TABLE, params=[from_account_no, to_account_no, f"{amount}", f"'{DBConnection.getTimeStamp()}'"])
  File "/Users/dayeemparkar/Desktop/Training/BajajMarketsTrainingCaseStudy/db_connector_class.py", line 129, in insertRow
    cls.cur.execute(cls.generateInsertQuery(table_name, params, TRANSACTION_TABLE_COLS[1:]))
  File "/Users/dayeemparkar/Desktop/Training/BajajMarketsTrainingCaseStudy/db_connector_class.py", line 50, in generateInsertQuery
    return query + " VALUES (" + ", ".join(params) + ");"
TypeError: sequence item 1: expected str instance, int found
2023-02-08 17:10:17,296 - INFO - Decoded token b'eyJ0eXAiOiJKV1QiLCJhbGciOiJIUzI1NiJ9.eyJ1c2VybmFtZSI6InVuYW1lIiwicGFzc3dvcmQiOiIkMmIkMTIkUHBlSjVxZTZlNktQNmNCQk5JcmlpT0VVdzdIbzExNFQwcjNNN081cFNsWC5ONVZEdmV4dWUiLCJ0aW1lc3RhbXAiOiIyMDIzLTAyLTA4IDE3OjA5OjE4LjMwNzU0MSJ9.X6ku_ie3rj-HQYJAGDjxLDfQ36UmumNCpRLFhak2P4E' to get {'username': 'uname', 'password': '$2b$12$PpeJ5qe6e6KP6cBBNIriiOEUw7Ho114T0r3M7O5pSlX.N5VDvexue', 'timestamp': '2023-02-08 17:09:18.307541'}
2023-02-08 17:10:22,522 - INFO - Decoded token b'eyJ0eXAiOiJKV1QiLCJhbGciOiJIUzI1NiJ9.eyJ1c2VybmFtZSI6InVuYW1lIiwicGFzc3dvcmQiOiIkMmIkMTIkUHBlSjVxZTZlNktQNmNCQk5JcmlpT0VVdzdIbzExNFQwcjNNN081cFNsWC5ONVZEdmV4dWUiLCJ0aW1lc3RhbXAiOiIyMDIzLTAyLTA4IDE3OjA5OjE4LjMwNzU0MSJ9.X6ku_ie3rj-HQYJAGDjxLDfQ36UmumNCpRLFhak2P4E' to get {'username': 'uname', 'password': '$2b$12$PpeJ5qe6e6KP6cBBNIriiOEUw7Ho114T0r3M7O5pSlX.N5VDvexue', 'timestamp': '2023-02-08 17:09:18.307541'}
2023-02-08 17:10:27,547 - INFO - Decoded token b'eyJ0eXAiOiJKV1QiLCJhbGciOiJIUzI1NiJ9.eyJ1c2VybmFtZSI6InVuYW1lIiwicGFzc3dvcmQiOiIkMmIkMTIkUHBlSjVxZTZlNktQNmNCQk5JcmlpT0VVdzdIbzExNFQwcjNNN081cFNsWC5ONVZEdmV4dWUiLCJ0aW1lc3RhbXAiOiIyMDIzLTAyLTA4IDE3OjA5OjE4LjMwNzU0MSJ9.X6ku_ie3rj-HQYJAGDjxLDfQ36UmumNCpRLFhak2P4E' to get {'username': 'uname', 'password': '$2b$12$PpeJ5qe6e6KP6cBBNIriiOEUw7Ho114T0r3M7O5pSlX.N5VDvexue', 'timestamp': '2023-02-08 17:09:18.307541'}
2023-02-08 17:10:27,550 - INFO - Displaying transaction history of account 2
2023-02-08 17:10:43,850 - INFO - Decoded token b'eyJ0eXAiOiJKV1QiLCJhbGciOiJIUzI1NiJ9.eyJ1c2VybmFtZSI6InVuYW1lIiwicGFzc3dvcmQiOiIkMmIkMTIkUHBlSjVxZTZlNktQNmNCQk5JcmlpT0VVdzdIbzExNFQwcjNNN081cFNsWC5ONVZEdmV4dWUiLCJ0aW1lc3RhbXAiOiIyMDIzLTAyLTA4IDE3OjA5OjE4LjMwNzU0MSJ9.X6ku_ie3rj-HQYJAGDjxLDfQ36UmumNCpRLFhak2P4E' to get {'username': 'uname', 'password': '$2b$12$PpeJ5qe6e6KP6cBBNIriiOEUw7Ho114T0r3M7O5pSlX.N5VDvexue', 'timestamp': '2023-02-08 17:09:18.307541'}
2023-02-08 17:10:45,681 - INFO - Decoded token b'eyJ0eXAiOiJKV1QiLCJhbGciOiJIUzI1NiJ9.eyJ1c2VybmFtZSI6InVuYW1lIiwicGFzc3dvcmQiOiIkMmIkMTIkUHBlSjVxZTZlNktQNmNCQk5JcmlpT0VVdzdIbzExNFQwcjNNN081cFNsWC5ONVZEdmV4dWUiLCJ0aW1lc3RhbXAiOiIyMDIzLTAyLTA4IDE3OjA5OjE4LjMwNzU0MSJ9.X6ku_ie3rj-HQYJAGDjxLDfQ36UmumNCpRLFhak2P4E' to get {'username': 'uname', 'password': '$2b$12$PpeJ5qe6e6KP6cBBNIriiOEUw7Ho114T0r3M7O5pSlX.N5VDvexue', 'timestamp': '2023-02-08 17:09:18.307541'}
2023-02-08 17:10:45,682 - INFO - Displaying transaction history of account 1
2023-02-08 17:11:09,469 - INFO - Clearing session variables for user uname
2023-02-08 17:11:09,470 - INFO - Session variables cleared
2023-02-08 17:11:14,995 - INFO - Customer Login info: Customer uname verified
2023-02-08 17:11:14,996 - INFO - Customer uname logged in with token eyJ0eXAiOiJKV1QiLCJhbGciOiJIUzI1NiJ9.eyJ1c2VybmFtZSI6InVuYW1lIiwicGFzc3dvcmQiOiIkMmIkMTIkUHBlSjVxZTZlNktQNmNCQk5JcmlpT0VVdzdIbzExNFQwcjNNN081cFNsWC5ONVZEdmV4dWUiLCJ0aW1lc3RhbXAiOiIyMDIzLTAyLTA4IDE3OjExOjE0Ljk5NjA1NiJ9.btcxRoKbv3ViTw2H5fUZKPsDIyrf-OKcy9d7UvkPS8U
2023-02-08 17:11:19,286 - INFO - Decoded token b'eyJ0eXAiOiJKV1QiLCJhbGciOiJIUzI1NiJ9.eyJ1c2VybmFtZSI6InVuYW1lIiwicGFzc3dvcmQiOiIkMmIkMTIkUHBlSjVxZTZlNktQNmNCQk5JcmlpT0VVdzdIbzExNFQwcjNNN081cFNsWC5ONVZEdmV4dWUiLCJ0aW1lc3RhbXAiOiIyMDIzLTAyLTA4IDE3OjExOjE0Ljk5NjA1NiJ9.btcxRoKbv3ViTw2H5fUZKPsDIyrf-OKcy9d7UvkPS8U' to get {'username': 'uname', 'password': '$2b$12$PpeJ5qe6e6KP6cBBNIriiOEUw7Ho114T0r3M7O5pSlX.N5VDvexue', 'timestamp': '2023-02-08 17:11:14.996056'}
2023-02-08 17:11:26,040 - INFO - Decoded token b'eyJ0eXAiOiJKV1QiLCJhbGciOiJIUzI1NiJ9.eyJ1c2VybmFtZSI6InVuYW1lIiwicGFzc3dvcmQiOiIkMmIkMTIkUHBlSjVxZTZlNktQNmNCQk5JcmlpT0VVdzdIbzExNFQwcjNNN081cFNsWC5ONVZEdmV4dWUiLCJ0aW1lc3RhbXAiOiIyMDIzLTAyLTA4IDE3OjExOjE0Ljk5NjA1NiJ9.btcxRoKbv3ViTw2H5fUZKPsDIyrf-OKcy9d7UvkPS8U' to get {'username': 'uname', 'password': '$2b$12$PpeJ5qe6e6KP6cBBNIriiOEUw7Ho114T0r3M7O5pSlX.N5VDvexue', 'timestamp': '2023-02-08 17:11:14.996056'}
2023-02-08 17:11:26,042 - INFO - Displaying transaction history of account 1
2023-02-08 17:11:30,156 - INFO - Decoded token b'eyJ0eXAiOiJKV1QiLCJhbGciOiJIUzI1NiJ9.eyJ1c2VybmFtZSI6InVuYW1lIiwicGFzc3dvcmQiOiIkMmIkMTIkUHBlSjVxZTZlNktQNmNCQk5JcmlpT0VVdzdIbzExNFQwcjNNN081cFNsWC5ONVZEdmV4dWUiLCJ0aW1lc3RhbXAiOiIyMDIzLTAyLTA4IDE3OjExOjE0Ljk5NjA1NiJ9.btcxRoKbv3ViTw2H5fUZKPsDIyrf-OKcy9d7UvkPS8U' to get {'username': 'uname', 'password': '$2b$12$PpeJ5qe6e6KP6cBBNIriiOEUw7Ho114T0r3M7O5pSlX.N5VDvexue', 'timestamp': '2023-02-08 17:11:14.996056'}
2023-02-08 17:11:31,466 - INFO - Decoded token b'eyJ0eXAiOiJKV1QiLCJhbGciOiJIUzI1NiJ9.eyJ1c2VybmFtZSI6InVuYW1lIiwicGFzc3dvcmQiOiIkMmIkMTIkUHBlSjVxZTZlNktQNmNCQk5JcmlpT0VVdzdIbzExNFQwcjNNN081cFNsWC5ONVZEdmV4dWUiLCJ0aW1lc3RhbXAiOiIyMDIzLTAyLTA4IDE3OjExOjE0Ljk5NjA1NiJ9.btcxRoKbv3ViTw2H5fUZKPsDIyrf-OKcy9d7UvkPS8U' to get {'username': 'uname', 'password': '$2b$12$PpeJ5qe6e6KP6cBBNIriiOEUw7Ho114T0r3M7O5pSlX.N5VDvexue', 'timestamp': '2023-02-08 17:11:14.996056'}
2023-02-08 17:11:31,468 - INFO - Displaying transaction history of account 2
2023-02-08 17:13:48,340 - INFO - Decoded token b'eyJ0eXAiOiJKV1QiLCJhbGciOiJIUzI1NiJ9.eyJ1c2VybmFtZSI6InVuYW1lIiwicGFzc3dvcmQiOiIkMmIkMTIkUHBlSjVxZTZlNktQNmNCQk5JcmlpT0VVdzdIbzExNFQwcjNNN081cFNsWC5ONVZEdmV4dWUiLCJ0aW1lc3RhbXAiOiIyMDIzLTAyLTA4IDE3OjExOjE0Ljk5NjA1NiJ9.btcxRoKbv3ViTw2H5fUZKPsDIyrf-OKcy9d7UvkPS8U' to get {'username': 'uname', 'password': '$2b$12$PpeJ5qe6e6KP6cBBNIriiOEUw7Ho114T0r3M7O5pSlX.N5VDvexue', 'timestamp': '2023-02-08 17:11:14.996056'}
2023-02-08 17:13:53,182 - INFO - Decoded token b'eyJ0eXAiOiJKV1QiLCJhbGciOiJIUzI1NiJ9.eyJ1c2VybmFtZSI6InVuYW1lIiwicGFzc3dvcmQiOiIkMmIkMTIkUHBlSjVxZTZlNktQNmNCQk5JcmlpT0VVdzdIbzExNFQwcjNNN081cFNsWC5ONVZEdmV4dWUiLCJ0aW1lc3RhbXAiOiIyMDIzLTAyLTA4IDE3OjExOjE0Ljk5NjA1NiJ9.btcxRoKbv3ViTw2H5fUZKPsDIyrf-OKcy9d7UvkPS8U' to get {'username': 'uname', 'password': '$2b$12$PpeJ5qe6e6KP6cBBNIriiOEUw7Ho114T0r3M7O5pSlX.N5VDvexue', 'timestamp': '2023-02-08 17:11:14.996056'}
2023-02-08 17:14:02,452 - INFO - Decoded token b'eyJ0eXAiOiJKV1QiLCJhbGciOiJIUzI1NiJ9.eyJ1c2VybmFtZSI6InVuYW1lIiwicGFzc3dvcmQiOiIkMmIkMTIkUHBlSjVxZTZlNktQNmNCQk5JcmlpT0VVdzdIbzExNFQwcjNNN081cFNsWC5ONVZEdmV4dWUiLCJ0aW1lc3RhbXAiOiIyMDIzLTAyLTA4IDE3OjExOjE0Ljk5NjA1NiJ9.btcxRoKbv3ViTw2H5fUZKPsDIyrf-OKcy9d7UvkPS8U' to get {'username': 'uname', 'password': '$2b$12$PpeJ5qe6e6KP6cBBNIriiOEUw7Ho114T0r3M7O5pSlX.N5VDvexue', 'timestamp': '2023-02-08 17:11:14.996056'}
2023-02-08 17:14:02,727 - INFO - Decoded token b'eyJ0eXAiOiJKV1QiLCJhbGciOiJIUzI1NiJ9.eyJ1c2VybmFtZSI6InVuYW1lIiwicGFzc3dvcmQiOiIkMmIkMTIkUHBlSjVxZTZlNktQNmNCQk5JcmlpT0VVdzdIbzExNFQwcjNNN081cFNsWC5ONVZEdmV4dWUiLCJ0aW1lc3RhbXAiOiIyMDIzLTAyLTA4IDE3OjExOjE0Ljk5NjA1NiJ9.btcxRoKbv3ViTw2H5fUZKPsDIyrf-OKcy9d7UvkPS8U' to get {'username': 'uname', 'password': '$2b$12$PpeJ5qe6e6KP6cBBNIriiOEUw7Ho114T0r3M7O5pSlX.N5VDvexue', 'timestamp': '2023-02-08 17:11:14.996056'}
2023-02-08 17:14:02,728 - INFO - Displaying transaction history of account 2
2023-02-08 17:29:03,177 - INFO - Clearing session variables for user uname
2023-02-08 17:29:03,178 - INFO - Session variables cleared
2023-02-08 17:29:09,241 - INFO - Customer Login info: Customer uname verified
2023-02-08 17:29:09,242 - INFO - Customer uname logged in with token eyJ0eXAiOiJKV1QiLCJhbGciOiJIUzI1NiJ9.eyJ1c2VybmFtZSI6InVuYW1lIiwicGFzc3dvcmQiOiIkMmIkMTIkUHBlSjVxZTZlNktQNmNCQk5JcmlpT0VVdzdIbzExNFQwcjNNN081cFNsWC5ONVZEdmV4dWUiLCJ0aW1lc3RhbXAiOiIyMDIzLTAyLTA4IDE3OjI5OjA5LjI0MTkyOSJ9.bN_Mm3zgdP0tRNTwVzuNdhsj2uqmwVQ_asYwAW3INMc
2023-02-08 17:29:16,440 - INFO - Decoded token b'eyJ0eXAiOiJKV1QiLCJhbGciOiJIUzI1NiJ9.eyJ1c2VybmFtZSI6InVuYW1lIiwicGFzc3dvcmQiOiIkMmIkMTIkUHBlSjVxZTZlNktQNmNCQk5JcmlpT0VVdzdIbzExNFQwcjNNN081cFNsWC5ONVZEdmV4dWUiLCJ0aW1lc3RhbXAiOiIyMDIzLTAyLTA4IDE3OjI5OjA5LjI0MTkyOSJ9.bN_Mm3zgdP0tRNTwVzuNdhsj2uqmwVQ_asYwAW3INMc' to get {'username': 'uname', 'password': '$2b$12$PpeJ5qe6e6KP6cBBNIriiOEUw7Ho114T0r3M7O5pSlX.N5VDvexue', 'timestamp': '2023-02-08 17:29:09.241929'}
2023-02-08 17:29:38,851 - INFO - Decoded token b'eyJ0eXAiOiJKV1QiLCJhbGciOiJIUzI1NiJ9.eyJ1c2VybmFtZSI6InVuYW1lIiwicGFzc3dvcmQiOiIkMmIkMTIkUHBlSjVxZTZlNktQNmNCQk5JcmlpT0VVdzdIbzExNFQwcjNNN081cFNsWC5ONVZEdmV4dWUiLCJ0aW1lc3RhbXAiOiIyMDIzLTAyLTA4IDE3OjI5OjA5LjI0MTkyOSJ9.bN_Mm3zgdP0tRNTwVzuNdhsj2uqmwVQ_asYwAW3INMc' to get {'username': 'uname', 'password': '$2b$12$PpeJ5qe6e6KP6cBBNIriiOEUw7Ho114T0r3M7O5pSlX.N5VDvexue', 'timestamp': '2023-02-08 17:29:09.241929'}
2023-02-08 17:29:45,904 - INFO - Decoded token b'eyJ0eXAiOiJKV1QiLCJhbGciOiJIUzI1NiJ9.eyJ1c2VybmFtZSI6InVuYW1lIiwicGFzc3dvcmQiOiIkMmIkMTIkUHBlSjVxZTZlNktQNmNCQk5JcmlpT0VVdzdIbzExNFQwcjNNN081cFNsWC5ONVZEdmV4dWUiLCJ0aW1lc3RhbXAiOiIyMDIzLTAyLTA4IDE3OjI5OjA5LjI0MTkyOSJ9.bN_Mm3zgdP0tRNTwVzuNdhsj2uqmwVQ_asYwAW3INMc' to get {'username': 'uname', 'password': '$2b$12$PpeJ5qe6e6KP6cBBNIriiOEUw7Ho114T0r3M7O5pSlX.N5VDvexue', 'timestamp': '2023-02-08 17:29:09.241929'}
2023-02-08 17:29:55,790 - INFO - Decoded token b'eyJ0eXAiOiJKV1QiLCJhbGciOiJIUzI1NiJ9.eyJ1c2VybmFtZSI6InVuYW1lIiwicGFzc3dvcmQiOiIkMmIkMTIkUHBlSjVxZTZlNktQNmNCQk5JcmlpT0VVdzdIbzExNFQwcjNNN081cFNsWC5ONVZEdmV4dWUiLCJ0aW1lc3RhbXAiOiIyMDIzLTAyLTA4IDE3OjI5OjA5LjI0MTkyOSJ9.bN_Mm3zgdP0tRNTwVzuNdhsj2uqmwVQ_asYwAW3INMc' to get {'username': 'uname', 'password': '$2b$12$PpeJ5qe6e6KP6cBBNIriiOEUw7Ho114T0r3M7O5pSlX.N5VDvexue', 'timestamp': '2023-02-08 17:29:09.241929'}
2023-02-08 17:29:56,074 - ERROR - Deposit error: Failed to transfer 101 from account 2 into account 1
Traceback (most recent call last):
  File "/Users/dayeemparkar/Desktop/Training/BajajMarketsTrainingCaseStudy/helpers.py", line 329, in tryToMakeTransaction
    DBConnection.insertRow(TRANSACTION_TABLE, params=[from_account_no, to_account_no, f"{amount}", f"'{DBConnection.getTimeStamp()}'"])
  File "/Users/dayeemparkar/Desktop/Training/BajajMarketsTrainingCaseStudy/db_connector_class.py", line 129, in insertRow
    cls.cur.execute(cls.generateInsertQuery(table_name, params, TRANSACTION_TABLE_COLS[1:]))
  File "/Users/dayeemparkar/Desktop/Training/BajajMarketsTrainingCaseStudy/db_connector_class.py", line 50, in generateInsertQuery
    return query + " VALUES (" + ", ".join(params) + ");"
TypeError: sequence item 1: expected str instance, int found
2023-02-08 17:33:57,523 - INFO - Decoded token b'eyJ0eXAiOiJKV1QiLCJhbGciOiJIUzI1NiJ9.eyJ1c2VybmFtZSI6InVuYW1lIiwicGFzc3dvcmQiOiIkMmIkMTIkUHBlSjVxZTZlNktQNmNCQk5JcmlpT0VVdzdIbzExNFQwcjNNN081cFNsWC5ONVZEdmV4dWUiLCJ0aW1lc3RhbXAiOiIyMDIzLTAyLTA4IDE3OjI5OjA5LjI0MTkyOSJ9.bN_Mm3zgdP0tRNTwVzuNdhsj2uqmwVQ_asYwAW3INMc' to get {'username': 'uname', 'password': '$2b$12$PpeJ5qe6e6KP6cBBNIriiOEUw7Ho114T0r3M7O5pSlX.N5VDvexue', 'timestamp': '2023-02-08 17:29:09.241929'}
2023-02-08 17:34:08,567 - INFO - Decoded token b'eyJ0eXAiOiJKV1QiLCJhbGciOiJIUzI1NiJ9.eyJ1c2VybmFtZSI6InVuYW1lIiwicGFzc3dvcmQiOiIkMmIkMTIkUHBlSjVxZTZlNktQNmNCQk5JcmlpT0VVdzdIbzExNFQwcjNNN081cFNsWC5ONVZEdmV4dWUiLCJ0aW1lc3RhbXAiOiIyMDIzLTAyLTA4IDE3OjI5OjA5LjI0MTkyOSJ9.bN_Mm3zgdP0tRNTwVzuNdhsj2uqmwVQ_asYwAW3INMc' to get {'username': 'uname', 'password': '$2b$12$PpeJ5qe6e6KP6cBBNIriiOEUw7Ho114T0r3M7O5pSlX.N5VDvexue', 'timestamp': '2023-02-08 17:29:09.241929'}
2023-02-08 17:34:08,859 - INFO - Decoded token b'eyJ0eXAiOiJKV1QiLCJhbGciOiJIUzI1NiJ9.eyJ1c2VybmFtZSI6InVuYW1lIiwicGFzc3dvcmQiOiIkMmIkMTIkUHBlSjVxZTZlNktQNmNCQk5JcmlpT0VVdzdIbzExNFQwcjNNN081cFNsWC5ONVZEdmV4dWUiLCJ0aW1lc3RhbXAiOiIyMDIzLTAyLTA4IDE3OjI5OjA5LjI0MTkyOSJ9.bN_Mm3zgdP0tRNTwVzuNdhsj2uqmwVQ_asYwAW3INMc' to get {'username': 'uname', 'password': '$2b$12$PpeJ5qe6e6KP6cBBNIriiOEUw7Ho114T0r3M7O5pSlX.N5VDvexue', 'timestamp': '2023-02-08 17:29:09.241929'}
2023-02-08 17:34:08,863 - INFO - Displaying transaction history of account 2
2023-02-08 17:34:23,101 - INFO - Decoded token b'eyJ0eXAiOiJKV1QiLCJhbGciOiJIUzI1NiJ9.eyJ1c2VybmFtZSI6InVuYW1lIiwicGFzc3dvcmQiOiIkMmIkMTIkUHBlSjVxZTZlNktQNmNCQk5JcmlpT0VVdzdIbzExNFQwcjNNN081cFNsWC5ONVZEdmV4dWUiLCJ0aW1lc3RhbXAiOiIyMDIzLTAyLTA4IDE3OjI5OjA5LjI0MTkyOSJ9.bN_Mm3zgdP0tRNTwVzuNdhsj2uqmwVQ_asYwAW3INMc' to get {'username': 'uname', 'password': '$2b$12$PpeJ5qe6e6KP6cBBNIriiOEUw7Ho114T0r3M7O5pSlX.N5VDvexue', 'timestamp': '2023-02-08 17:29:09.241929'}
2023-02-08 17:34:27,403 - INFO - Decoded token b'eyJ0eXAiOiJKV1QiLCJhbGciOiJIUzI1NiJ9.eyJ1c2VybmFtZSI6InVuYW1lIiwicGFzc3dvcmQiOiIkMmIkMTIkUHBlSjVxZTZlNktQNmNCQk5JcmlpT0VVdzdIbzExNFQwcjNNN081cFNsWC5ONVZEdmV4dWUiLCJ0aW1lc3RhbXAiOiIyMDIzLTAyLTA4IDE3OjI5OjA5LjI0MTkyOSJ9.bN_Mm3zgdP0tRNTwVzuNdhsj2uqmwVQ_asYwAW3INMc' to get {'username': 'uname', 'password': '$2b$12$PpeJ5qe6e6KP6cBBNIriiOEUw7Ho114T0r3M7O5pSlX.N5VDvexue', 'timestamp': '2023-02-08 17:29:09.241929'}
2023-02-08 17:34:27,405 - INFO - Displaying transaction history of account 1
2023-02-08 17:34:48,812 - INFO - Clearing session variables for user uname
2023-02-08 17:34:48,813 - INFO - Session variables cleared
2023-02-08 19:54:43,571 - ERROR - Could not verify session for user  with token 
Traceback (most recent call last):
  File "/Users/dayeemparkar/opt/anaconda3/lib/python3.9/site-packages/jwt/api_jws.py", line 143, in _load
    signing_input, crypto_segment = jwt.rsplit(b'.', 1)
ValueError: not enough values to unpack (expected 2, got 1)

During handling of the above exception, another exception occurred:

Traceback (most recent call last):
  File "/Users/dayeemparkar/Desktop/Training/BajajMarketsTrainingCaseStudy/helpers.py", line 78, in verifySession
    data = Token.checkApiToken(bytes(token, 'utf-8'), SECRET_KEY)
  File "/Users/dayeemparkar/Desktop/Training/BajajMarketsTrainingCaseStudy/token_class.py", line 34, in checkApiToken
    header = jwt.get_unverified_header(token)
  File "/Users/dayeemparkar/opt/anaconda3/lib/python3.9/site-packages/jwt/api_jws.py", line 129, in get_unverified_header
    headers = self._load(jwt)[2]
  File "/Users/dayeemparkar/opt/anaconda3/lib/python3.9/site-packages/jwt/api_jws.py", line 146, in _load
    raise DecodeError('Not enough segments')
jwt.exceptions.DecodeError: Not enough segments
2023-02-08 19:54:59,139 - ERROR - Could not verify session for user  with token 
Traceback (most recent call last):
  File "/Users/dayeemparkar/opt/anaconda3/lib/python3.9/site-packages/jwt/api_jws.py", line 143, in _load
    signing_input, crypto_segment = jwt.rsplit(b'.', 1)
ValueError: not enough values to unpack (expected 2, got 1)

During handling of the above exception, another exception occurred:

Traceback (most recent call last):
  File "/Users/dayeemparkar/Desktop/Training/BajajMarketsTrainingCaseStudy/helpers.py", line 78, in verifySession
    data = Token.checkApiToken(bytes(token, 'utf-8'), SECRET_KEY)
  File "/Users/dayeemparkar/Desktop/Training/BajajMarketsTrainingCaseStudy/token_class.py", line 34, in checkApiToken
    header = jwt.get_unverified_header(token)
  File "/Users/dayeemparkar/opt/anaconda3/lib/python3.9/site-packages/jwt/api_jws.py", line 129, in get_unverified_header
    headers = self._load(jwt)[2]
  File "/Users/dayeemparkar/opt/anaconda3/lib/python3.9/site-packages/jwt/api_jws.py", line 146, in _load
    raise DecodeError('Not enough segments')
jwt.exceptions.DecodeError: Not enough segments
2023-02-08 19:56:35,570 - ERROR - Could not verify session for user  with token 
Traceback (most recent call last):
  File "/Users/dayeemparkar/opt/anaconda3/lib/python3.9/site-packages/jwt/api_jws.py", line 143, in _load
    signing_input, crypto_segment = jwt.rsplit(b'.', 1)
ValueError: not enough values to unpack (expected 2, got 1)

During handling of the above exception, another exception occurred:

Traceback (most recent call last):
  File "/Users/dayeemparkar/Desktop/Training/BajajMarketsTrainingCaseStudy/helpers.py", line 78, in verifySession
    data = Token.checkApiToken(bytes(token, 'utf-8'), SECRET_KEY)
  File "/Users/dayeemparkar/Desktop/Training/BajajMarketsTrainingCaseStudy/token_class.py", line 34, in checkApiToken
    header = jwt.get_unverified_header(token)
  File "/Users/dayeemparkar/opt/anaconda3/lib/python3.9/site-packages/jwt/api_jws.py", line 129, in get_unverified_header
    headers = self._load(jwt)[2]
  File "/Users/dayeemparkar/opt/anaconda3/lib/python3.9/site-packages/jwt/api_jws.py", line 146, in _load
    raise DecodeError('Not enough segments')
jwt.exceptions.DecodeError: Not enough segments
2023-02-08 19:56:35,578 - ERROR - Error while clearing session
Traceback (most recent call last):
  File "/Users/dayeemparkar/Desktop/Training/BajajMarketsTrainingCaseStudy/app.py", line 225, in clearsession
    logger.info(f"Clearing session variables for user {session[USERNAME]}")
  File "/Users/dayeemparkar/opt/anaconda3/lib/python3.9/site-packages/flask/sessions.py", line 80, in __getitem__
    return super().__getitem__(key)
KeyError: 'username'
2023-02-08 19:56:42,895 - ERROR - Could not verify session for user  with token 
Traceback (most recent call last):
  File "/Users/dayeemparkar/opt/anaconda3/lib/python3.9/site-packages/jwt/api_jws.py", line 143, in _load
    signing_input, crypto_segment = jwt.rsplit(b'.', 1)
ValueError: not enough values to unpack (expected 2, got 1)

During handling of the above exception, another exception occurred:

Traceback (most recent call last):
  File "/Users/dayeemparkar/Desktop/Training/BajajMarketsTrainingCaseStudy/helpers.py", line 78, in verifySession
    data = Token.checkApiToken(bytes(token, 'utf-8'), SECRET_KEY)
  File "/Users/dayeemparkar/Desktop/Training/BajajMarketsTrainingCaseStudy/token_class.py", line 34, in checkApiToken
    header = jwt.get_unverified_header(token)
  File "/Users/dayeemparkar/opt/anaconda3/lib/python3.9/site-packages/jwt/api_jws.py", line 129, in get_unverified_header
    headers = self._load(jwt)[2]
  File "/Users/dayeemparkar/opt/anaconda3/lib/python3.9/site-packages/jwt/api_jws.py", line 146, in _load
    raise DecodeError('Not enough segments')
jwt.exceptions.DecodeError: Not enough segments
2023-02-08 19:56:42,900 - ERROR - Error while clearing session
Traceback (most recent call last):
  File "/Users/dayeemparkar/Desktop/Training/BajajMarketsTrainingCaseStudy/app.py", line 225, in clearsession
    logger.info(f"Clearing session variables for user {session[USERNAME]}")
  File "/Users/dayeemparkar/opt/anaconda3/lib/python3.9/site-packages/flask/sessions.py", line 80, in __getitem__
    return super().__getitem__(key)
KeyError: 'username'
2023-02-08 19:57:41,322 - ERROR - Could not verify session for user  with token 
Traceback (most recent call last):
  File "/Users/dayeemparkar/opt/anaconda3/lib/python3.9/site-packages/jwt/api_jws.py", line 143, in _load
    signing_input, crypto_segment = jwt.rsplit(b'.', 1)
ValueError: not enough values to unpack (expected 2, got 1)

During handling of the above exception, another exception occurred:

Traceback (most recent call last):
  File "/Users/dayeemparkar/Desktop/Training/BajajMarketsTrainingCaseStudy/helpers.py", line 78, in verifySession
    data = Token.checkApiToken(bytes(token, 'utf-8'), SECRET_KEY)
  File "/Users/dayeemparkar/Desktop/Training/BajajMarketsTrainingCaseStudy/token_class.py", line 34, in checkApiToken
    header = jwt.get_unverified_header(token)
  File "/Users/dayeemparkar/opt/anaconda3/lib/python3.9/site-packages/jwt/api_jws.py", line 129, in get_unverified_header
    headers = self._load(jwt)[2]
  File "/Users/dayeemparkar/opt/anaconda3/lib/python3.9/site-packages/jwt/api_jws.py", line 146, in _load
    raise DecodeError('Not enough segments')
jwt.exceptions.DecodeError: Not enough segments
2023-02-08 19:57:41,329 - INFO - Clearing session variables for user no user
2023-02-08 19:57:41,330 - INFO - Session variables cleared
2023-02-08 19:57:46,021 - ERROR - Could not verify session for user  with token 
Traceback (most recent call last):
  File "/Users/dayeemparkar/opt/anaconda3/lib/python3.9/site-packages/jwt/api_jws.py", line 143, in _load
    signing_input, crypto_segment = jwt.rsplit(b'.', 1)
ValueError: not enough values to unpack (expected 2, got 1)

During handling of the above exception, another exception occurred:

Traceback (most recent call last):
  File "/Users/dayeemparkar/Desktop/Training/BajajMarketsTrainingCaseStudy/helpers.py", line 78, in verifySession
    data = Token.checkApiToken(bytes(token, 'utf-8'), SECRET_KEY)
  File "/Users/dayeemparkar/Desktop/Training/BajajMarketsTrainingCaseStudy/token_class.py", line 34, in checkApiToken
    header = jwt.get_unverified_header(token)
  File "/Users/dayeemparkar/opt/anaconda3/lib/python3.9/site-packages/jwt/api_jws.py", line 129, in get_unverified_header
    headers = self._load(jwt)[2]
  File "/Users/dayeemparkar/opt/anaconda3/lib/python3.9/site-packages/jwt/api_jws.py", line 146, in _load
    raise DecodeError('Not enough segments')
jwt.exceptions.DecodeError: Not enough segments
2023-02-08 19:57:46,026 - INFO - Clearing session variables for user no user
2023-02-08 19:57:46,026 - INFO - Session variables cleared
2023-02-08 19:58:47,272 - ERROR - Could not verify session for user  with token 
Traceback (most recent call last):
  File "/Users/dayeemparkar/opt/anaconda3/lib/python3.9/site-packages/jwt/api_jws.py", line 143, in _load
    signing_input, crypto_segment = jwt.rsplit(b'.', 1)
ValueError: not enough values to unpack (expected 2, got 1)

During handling of the above exception, another exception occurred:

Traceback (most recent call last):
  File "/Users/dayeemparkar/Desktop/Training/BajajMarketsTrainingCaseStudy/helpers.py", line 78, in verifySession
    data = Token.checkApiToken(bytes(token, 'utf-8'), SECRET_KEY)
  File "/Users/dayeemparkar/Desktop/Training/BajajMarketsTrainingCaseStudy/token_class.py", line 34, in checkApiToken
    header = jwt.get_unverified_header(token)
  File "/Users/dayeemparkar/opt/anaconda3/lib/python3.9/site-packages/jwt/api_jws.py", line 129, in get_unverified_header
    headers = self._load(jwt)[2]
  File "/Users/dayeemparkar/opt/anaconda3/lib/python3.9/site-packages/jwt/api_jws.py", line 146, in _load
    raise DecodeError('Not enough segments')
jwt.exceptions.DecodeError: Not enough segments
2023-02-08 19:58:47,280 - INFO - Clearing session variables for user no user
2023-02-08 19:58:47,280 - INFO - Session variables cleared
2023-02-08 19:58:54,377 - ERROR - Could not verify session for user  with token 
Traceback (most recent call last):
  File "/Users/dayeemparkar/opt/anaconda3/lib/python3.9/site-packages/jwt/api_jws.py", line 143, in _load
    signing_input, crypto_segment = jwt.rsplit(b'.', 1)
ValueError: not enough values to unpack (expected 2, got 1)

During handling of the above exception, another exception occurred:

Traceback (most recent call last):
  File "/Users/dayeemparkar/Desktop/Training/BajajMarketsTrainingCaseStudy/helpers.py", line 78, in verifySession
    data = Token.checkApiToken(bytes(token, 'utf-8'), SECRET_KEY)
  File "/Users/dayeemparkar/Desktop/Training/BajajMarketsTrainingCaseStudy/token_class.py", line 34, in checkApiToken
    header = jwt.get_unverified_header(token)
  File "/Users/dayeemparkar/opt/anaconda3/lib/python3.9/site-packages/jwt/api_jws.py", line 129, in get_unverified_header
    headers = self._load(jwt)[2]
  File "/Users/dayeemparkar/opt/anaconda3/lib/python3.9/site-packages/jwt/api_jws.py", line 146, in _load
    raise DecodeError('Not enough segments')
jwt.exceptions.DecodeError: Not enough segments
2023-02-08 19:58:54,382 - INFO - Clearing session variables for user no user
2023-02-08 19:58:54,383 - INFO - Session variables cleared
2023-02-08 19:59:49,559 - ERROR - Could not verify session for user  with token 
Traceback (most recent call last):
  File "/Users/dayeemparkar/opt/anaconda3/lib/python3.9/site-packages/jwt/api_jws.py", line 143, in _load
    signing_input, crypto_segment = jwt.rsplit(b'.', 1)
ValueError: not enough values to unpack (expected 2, got 1)

During handling of the above exception, another exception occurred:

Traceback (most recent call last):
  File "/Users/dayeemparkar/Desktop/Training/BajajMarketsTrainingCaseStudy/helpers.py", line 78, in verifySession
    data = Token.checkApiToken(bytes(token, 'utf-8'), SECRET_KEY)
  File "/Users/dayeemparkar/Desktop/Training/BajajMarketsTrainingCaseStudy/token_class.py", line 34, in checkApiToken
    header = jwt.get_unverified_header(token)
  File "/Users/dayeemparkar/opt/anaconda3/lib/python3.9/site-packages/jwt/api_jws.py", line 129, in get_unverified_header
    headers = self._load(jwt)[2]
  File "/Users/dayeemparkar/opt/anaconda3/lib/python3.9/site-packages/jwt/api_jws.py", line 146, in _load
    raise DecodeError('Not enough segments')
jwt.exceptions.DecodeError: Not enough segments
2023-02-08 19:59:49,568 - INFO - Clearing session variables for user no user
2023-02-08 19:59:49,568 - INFO - Session variables cleared
2023-02-08 20:00:28,317 - ERROR - Could not verify session for user  with token 
Traceback (most recent call last):
  File "/Users/dayeemparkar/opt/anaconda3/lib/python3.9/site-packages/jwt/api_jws.py", line 143, in _load
    signing_input, crypto_segment = jwt.rsplit(b'.', 1)
ValueError: not enough values to unpack (expected 2, got 1)

During handling of the above exception, another exception occurred:

Traceback (most recent call last):
  File "/Users/dayeemparkar/Desktop/Training/BajajMarketsTrainingCaseStudy/helpers.py", line 78, in verifySession
    data = Token.checkApiToken(bytes(token, 'utf-8'), SECRET_KEY)
  File "/Users/dayeemparkar/Desktop/Training/BajajMarketsTrainingCaseStudy/token_class.py", line 34, in checkApiToken
    header = jwt.get_unverified_header(token)
  File "/Users/dayeemparkar/opt/anaconda3/lib/python3.9/site-packages/jwt/api_jws.py", line 129, in get_unverified_header
    headers = self._load(jwt)[2]
  File "/Users/dayeemparkar/opt/anaconda3/lib/python3.9/site-packages/jwt/api_jws.py", line 146, in _load
    raise DecodeError('Not enough segments')
jwt.exceptions.DecodeError: Not enough segments
2023-02-08 20:00:28,326 - INFO - Clearing session variables for user no user
2023-02-08 20:00:28,326 - INFO - Session variables cleared
2023-02-08 20:00:47,577 - ERROR - Could not verify session for user  with token 
Traceback (most recent call last):
  File "/Users/dayeemparkar/opt/anaconda3/lib/python3.9/site-packages/jwt/api_jws.py", line 143, in _load
    signing_input, crypto_segment = jwt.rsplit(b'.', 1)
ValueError: not enough values to unpack (expected 2, got 1)

During handling of the above exception, another exception occurred:

Traceback (most recent call last):
  File "/Users/dayeemparkar/Desktop/Training/BajajMarketsTrainingCaseStudy/helpers.py", line 78, in verifySession
    data = Token.checkApiToken(bytes(token, 'utf-8'), SECRET_KEY)
  File "/Users/dayeemparkar/Desktop/Training/BajajMarketsTrainingCaseStudy/token_class.py", line 34, in checkApiToken
    header = jwt.get_unverified_header(token)
  File "/Users/dayeemparkar/opt/anaconda3/lib/python3.9/site-packages/jwt/api_jws.py", line 129, in get_unverified_header
    headers = self._load(jwt)[2]
  File "/Users/dayeemparkar/opt/anaconda3/lib/python3.9/site-packages/jwt/api_jws.py", line 146, in _load
    raise DecodeError('Not enough segments')
jwt.exceptions.DecodeError: Not enough segments
2023-02-08 20:00:47,581 - INFO - Clearing session variables for user no user
2023-02-08 20:00:47,581 - INFO - Session variables cleared
2023-02-08 20:04:57,414 - ERROR - Could not verify session for user  with token 
Traceback (most recent call last):
  File "/Users/dayeemparkar/opt/anaconda3/lib/python3.9/site-packages/jwt/api_jws.py", line 143, in _load
    signing_input, crypto_segment = jwt.rsplit(b'.', 1)
ValueError: not enough values to unpack (expected 2, got 1)

During handling of the above exception, another exception occurred:

Traceback (most recent call last):
  File "/Users/dayeemparkar/Desktop/Training/BajajMarketsTrainingCaseStudy/helpers.py", line 78, in verifySession
    data = Token.checkApiToken(bytes(token, 'utf-8'), SECRET_KEY)
  File "/Users/dayeemparkar/Desktop/Training/BajajMarketsTrainingCaseStudy/token_class.py", line 34, in checkApiToken
    header = jwt.get_unverified_header(token)
  File "/Users/dayeemparkar/opt/anaconda3/lib/python3.9/site-packages/jwt/api_jws.py", line 129, in get_unverified_header
    headers = self._load(jwt)[2]
  File "/Users/dayeemparkar/opt/anaconda3/lib/python3.9/site-packages/jwt/api_jws.py", line 146, in _load
    raise DecodeError('Not enough segments')
jwt.exceptions.DecodeError: Not enough segments
2023-02-08 20:05:20,298 - INFO - Customer Login info: Customer uname verified
2023-02-08 20:05:20,299 - INFO - Customer uname logged in with token eyJ0eXAiOiJKV1QiLCJhbGciOiJIUzI1NiJ9.eyJ1c2VybmFtZSI6InVuYW1lIiwicGFzc3dvcmQiOiIkMmIkMTIkUHBlSjVxZTZlNktQNmNCQk5JcmlpT0VVdzdIbzExNFQwcjNNN081cFNsWC5ONVZEdmV4dWUiLCJ0aW1lc3RhbXAiOiIyMDIzLTAyLTA4IDIwOjA1OjIwLjI5OTAzMSJ9.8GKzHuVqn3yC8e6RpnS0NM2SasenbEqs3OI7aozAFbk
2023-02-08 20:05:30,037 - INFO - Decoded token b'eyJ0eXAiOiJKV1QiLCJhbGciOiJIUzI1NiJ9.eyJ1c2VybmFtZSI6InVuYW1lIiwicGFzc3dvcmQiOiIkMmIkMTIkUHBlSjVxZTZlNktQNmNCQk5JcmlpT0VVdzdIbzExNFQwcjNNN081cFNsWC5ONVZEdmV4dWUiLCJ0aW1lc3RhbXAiOiIyMDIzLTAyLTA4IDIwOjA1OjIwLjI5OTAzMSJ9.8GKzHuVqn3yC8e6RpnS0NM2SasenbEqs3OI7aozAFbk' to get {'username': 'uname', 'password': '$2b$12$PpeJ5qe6e6KP6cBBNIriiOEUw7Ho114T0r3M7O5pSlX.N5VDvexue', 'timestamp': '2023-02-08 20:05:20.299031'}
2023-02-08 20:05:30,043 - INFO - Clearing session variables for user uname
2023-02-08 20:05:30,043 - INFO - Session variables cleared
2023-02-08 20:05:35,620 - ERROR - Could not verify session for user  with token 
Traceback (most recent call last):
  File "/Users/dayeemparkar/opt/anaconda3/lib/python3.9/site-packages/jwt/api_jws.py", line 143, in _load
    signing_input, crypto_segment = jwt.rsplit(b'.', 1)
ValueError: not enough values to unpack (expected 2, got 1)

During handling of the above exception, another exception occurred:

Traceback (most recent call last):
  File "/Users/dayeemparkar/Desktop/Training/BajajMarketsTrainingCaseStudy/helpers.py", line 78, in verifySession
    data = Token.checkApiToken(bytes(token, 'utf-8'), SECRET_KEY)
  File "/Users/dayeemparkar/Desktop/Training/BajajMarketsTrainingCaseStudy/token_class.py", line 34, in checkApiToken
    header = jwt.get_unverified_header(token)
  File "/Users/dayeemparkar/opt/anaconda3/lib/python3.9/site-packages/jwt/api_jws.py", line 129, in get_unverified_header
    headers = self._load(jwt)[2]
  File "/Users/dayeemparkar/opt/anaconda3/lib/python3.9/site-packages/jwt/api_jws.py", line 146, in _load
    raise DecodeError('Not enough segments')
jwt.exceptions.DecodeError: Not enough segments
2023-02-08 22:12:49,255 - INFO - Customer Login info: Customer uname verified
2023-02-08 22:12:49,255 - INFO - Customer uname logged in with token eyJ0eXAiOiJKV1QiLCJhbGciOiJIUzI1NiJ9.eyJ1c2VybmFtZSI6InVuYW1lIiwicGFzc3dvcmQiOiIkMmIkMTIkUHBlSjVxZTZlNktQNmNCQk5JcmlpT0VVdzdIbzExNFQwcjNNN081cFNsWC5ONVZEdmV4dWUiLCJ0aW1lc3RhbXAiOiIyMDIzLTAyLTA4IDIyOjEyOjQ5LjI1NTY1NyJ9.hVN0OFrsAAYT6fbqb4mBxtWc53OBXDum9hOuUR-xlhQ
2023-02-08 23:25:49,983 - INFO - Clearing session variables for user uname
2023-02-08 23:25:49,984 - INFO - Session variables cleared
2023-02-08 23:26:19,189 - INFO - Customer Login info: Customer uname verified
2023-02-08 23:26:19,189 - INFO - Generated token eyJ0eXAiOiJKV1QiLCJhbGciOiJIUzI1NiJ9.eyJ1c2VybmFtZSI6InVuYW1lIiwicGFzc3dvcmQiOiJ1cGFzcyIsInRpbWVzdGFtcCI6IjIwMjMtMDItMDggMjM6MjY6MTkuMTg5MzA1In0.6jva9tA5Z7V5HQB3gkXZQwNn9qWsJtkZEDmxvYIMGzg for {'username': 'uname', 'password': 'upass', 'timestamp': '2023-02-08 23:26:19.189305'}
2023-02-08 23:27:04,758 - INFO - Decoded token b'eyJ0eXAiOiJKV1QiLCJhbGciOiJIUzI1NiJ9.eyJ1c2VybmFtZSI6InVuYW1lIiwicGFzc3dvcmQiOiJ1cGFzcyIsInRpbWVzdGFtcCI6IjIwMjMtMDItMDggMjM6MjY6MTkuMTg5MzA1In0.6jva9tA5Z7V5HQB3gkXZQwNn9qWsJtkZEDmxvYIMGzg' to get {'username': 'uname', 'password': 'upass', 'timestamp': '2023-02-08 23:26:19.189305'}
2023-02-08 23:27:05,021 - INFO - Customer Login info: Customer uname verified
2023-02-08 23:27:05,022 - INFO - Decoded token eyJ0eXAiOiJKV1QiLCJhbGciOiJIUzI1NiJ9.eyJ1c2VybmFtZSI6InVuYW1lIiwicGFzc3dvcmQiOiJ1cGFzcyIsInRpbWVzdGFtcCI6IjIwMjMtMDItMDggMjM6MjY6MTkuMTg5MzA1In0.6jva9tA5Z7V5HQB3gkXZQwNn9qWsJtkZEDmxvYIMGzg to get {'username': 'uname', 'password': 'upass', 'timestamp': '2023-02-08 23:26:19.189305'}
2023-02-08 23:27:05,276 - INFO - Created new account for api customer
2023-02-08 23:30:51,868 - ERROR - Could not authenticate token eyJ0eXAiOiJKV1QiLCJhbGciOiJIUzI1NIJ9.eyJ1c2VybmFtZSI6InVuYW1lIiwicGFzc3dvcmQiOiJ1cGFzcyIsInRpbWVzdGFtcCI6IjIwMjMtMDItMDggMjM6MjY6MTkuMTg5MzA1In0.6jva9tA5Z7V5HQB3gkXZQwNn9qWsJtkZEDmxvYIMGzg
Traceback (most recent call last):
  File "/Users/dayeemparkar/opt/anaconda3/lib/python3.9/site-packages/jwt/api_jws.py", line 154, in _load
    header = json.loads(header_data.decode('utf-8'))
UnicodeDecodeError: 'utf-8' codec can't decode byte 0x82 in position 25: invalid start byte

During handling of the above exception, another exception occurred:

Traceback (most recent call last):
  File "/Users/dayeemparkar/Desktop/Training/BajajMarketsTrainingCaseStudy/helpers.py", line 34, in decorated
    data = Token.checkApiToken(bytes(token, 'utf-8'), SECRET_KEY)
  File "/Users/dayeemparkar/Desktop/Training/BajajMarketsTrainingCaseStudy/token_class.py", line 34, in checkApiToken
    header = jwt.get_unverified_header(token)
  File "/Users/dayeemparkar/opt/anaconda3/lib/python3.9/site-packages/jwt/api_jws.py", line 129, in get_unverified_header
    headers = self._load(jwt)[2]
  File "/Users/dayeemparkar/opt/anaconda3/lib/python3.9/site-packages/jwt/api_jws.py", line 156, in _load
    raise DecodeError('Invalid header string: %s' % e)
jwt.exceptions.DecodeError: Invalid header string: 'utf-8' codec can't decode byte 0x82 in position 25: invalid start byte
2023-02-08 23:46:12,978 - INFO - Customer Login info: Customer uname verified
2023-02-08 23:46:12,978 - INFO - Generated token eyJ0eXAiOiJKV1QiLCJhbGciOiJIUzI1NiJ9.eyJ1c2VybmFtZSI6InVuYW1lIiwicGFzc3dvcmQiOiJ1cGFzcyIsInRpbWVzdGFtcCI6IjIwMjMtMDItMDggMjM6NDY6MTIuOTc4NTkyIn0.QZPpVjYSAShwgVYUCfjodkITXXnKB78mhVOnukIJVv0 for {'username': 'uname', 'password': 'upass', 'timestamp': '2023-02-08 23:46:12.978592'}
2023-02-08 23:46:30,239 - INFO - Decoded token b'eyJ0eXAiOiJKV1QiLCJhbGciOiJIUzI1NiJ9.eyJ1c2VybmFtZSI6InVuYW1lIiwicGFzc3dvcmQiOiJ1cGFzcyIsInRpbWVzdGFtcCI6IjIwMjMtMDItMDggMjM6NDY6MTIuOTc4NTkyIn0.QZPpVjYSAShwgVYUCfjodkITXXnKB78mhVOnukIJVv0' to get {'username': 'uname', 'password': 'upass', 'timestamp': '2023-02-08 23:46:12.978592'}
2023-02-08 23:46:30,502 - INFO - Customer Login info: Customer uname verified
2023-02-08 23:46:42,322 - INFO - Decoded token b'eyJ0eXAiOiJKV1QiLCJhbGciOiJIUzI1NiJ9.eyJ1c2VybmFtZSI6InVuYW1lIiwicGFzc3dvcmQiOiJ1cGFzcyIsInRpbWVzdGFtcCI6IjIwMjMtMDItMDggMjM6NDY6MTIuOTc4NTkyIn0.QZPpVjYSAShwgVYUCfjodkITXXnKB78mhVOnukIJVv0' to get {'username': 'uname', 'password': 'upass', 'timestamp': '2023-02-08 23:46:12.978592'}
2023-02-08 23:46:42,583 - INFO - Customer Login info: Customer uname verified
2023-02-08 23:46:42,583 - INFO - Decoded token eyJ0eXAiOiJKV1QiLCJhbGciOiJIUzI1NiJ9.eyJ1c2VybmFtZSI6InVuYW1lIiwicGFzc3dvcmQiOiJ1cGFzcyIsInRpbWVzdGFtcCI6IjIwMjMtMDItMDggMjM6NDY6MTIuOTc4NTkyIn0.QZPpVjYSAShwgVYUCfjodkITXXnKB78mhVOnukIJVv0 to get {'username': 'uname', 'password': 'upass', 'timestamp': '2023-02-08 23:46:12.978592'}
2023-02-08 23:46:42,601 - INFO - Showing accounts for api customer
2023-02-08 23:54:58,164 - INFO - Customer Login info: Customer uname verified
2023-02-08 23:54:58,165 - INFO - Generated token eyJ0eXAiOiJKV1QiLCJhbGciOiJIUzI1NiJ9.eyJ1c2VybmFtZSI6InVuYW1lIiwicGFzc3dvcmQiOiJ1cGFzcyIsInRpbWVzdGFtcCI6IjIwMjMtMDItMDggMjM6NTQ6NTguMTY1Mjg0In0.IA55zRBBa09zzLk-FK37ZgS67Q5Ip2rAfkt5VTqBIQg for {'username': 'uname', 'password': 'upass', 'timestamp': '2023-02-08 23:54:58.165284'}
2023-02-08 23:55:16,439 - INFO - Decoded token b'eyJ0eXAiOiJKV1QiLCJhbGciOiJIUzI1NiJ9.eyJ1c2VybmFtZSI6InVuYW1lIiwicGFzc3dvcmQiOiJ1cGFzcyIsInRpbWVzdGFtcCI6IjIwMjMtMDItMDggMjM6NTQ6NTguMTY1Mjg0In0.IA55zRBBa09zzLk-FK37ZgS67Q5Ip2rAfkt5VTqBIQg' to get {'username': 'uname', 'password': 'upass', 'timestamp': '2023-02-08 23:54:58.165284'}
2023-02-08 23:55:16,700 - INFO - Customer Login info: Customer uname verified
2023-02-08 23:55:16,701 - INFO - Decoded token eyJ0eXAiOiJKV1QiLCJhbGciOiJIUzI1NiJ9.eyJ1c2VybmFtZSI6InVuYW1lIiwicGFzc3dvcmQiOiJ1cGFzcyIsInRpbWVzdGFtcCI6IjIwMjMtMDItMDggMjM6NTQ6NTguMTY1Mjg0In0.IA55zRBBa09zzLk-FK37ZgS67Q5Ip2rAfkt5VTqBIQg to get {'username': 'uname', 'password': 'upass', 'timestamp': '2023-02-08 23:54:58.165284'}
2023-02-08 23:55:16,714 - INFO - Showing history to api customer
2023-02-08 23:55:45,835 - INFO - Decoded token b'eyJ0eXAiOiJKV1QiLCJhbGciOiJIUzI1NiJ9.eyJ1c2VybmFtZSI6InVuYW1lIiwicGFzc3dvcmQiOiJ1cGFzcyIsInRpbWVzdGFtcCI6IjIwMjMtMDItMDggMjM6NTQ6NTguMTY1Mjg0In0.IA55zRBBa09zzLk-FK37ZgS67Q5Ip2rAfkt5VTqBIQg' to get {'username': 'uname', 'password': 'upass', 'timestamp': '2023-02-08 23:54:58.165284'}
2023-02-08 23:55:46,098 - INFO - Customer Login info: Customer uname verified
2023-02-08 23:55:46,098 - INFO - Decoded token eyJ0eXAiOiJKV1QiLCJhbGciOiJIUzI1NiJ9.eyJ1c2VybmFtZSI6InVuYW1lIiwicGFzc3dvcmQiOiJ1cGFzcyIsInRpbWVzdGFtcCI6IjIwMjMtMDItMDggMjM6NTQ6NTguMTY1Mjg0In0.IA55zRBBa09zzLk-FK37ZgS67Q5Ip2rAfkt5VTqBIQg to get {'username': 'uname', 'password': 'upass', 'timestamp': '2023-02-08 23:54:58.165284'}
2023-02-08 23:55:46,102 - INFO - Showing history to api customer
2023-02-08 23:56:01,115 - INFO - Decoded token b'eyJ0eXAiOiJKV1QiLCJhbGciOiJIUzI1NiJ9.eyJ1c2VybmFtZSI6InVuYW1lIiwicGFzc3dvcmQiOiJ1cGFzcyIsInRpbWVzdGFtcCI6IjIwMjMtMDItMDggMjM6NTQ6NTguMTY1Mjg0In0.IA55zRBBa09zzLk-FK37ZgS67Q5Ip2rAfkt5VTqBIQg' to get {'username': 'uname', 'password': 'upass', 'timestamp': '2023-02-08 23:54:58.165284'}
2023-02-08 23:56:01,377 - INFO - Customer Login info: Customer uname verified
2023-02-08 23:56:01,377 - INFO - Decoded token eyJ0eXAiOiJKV1QiLCJhbGciOiJIUzI1NiJ9.eyJ1c2VybmFtZSI6InVuYW1lIiwicGFzc3dvcmQiOiJ1cGFzcyIsInRpbWVzdGFtcCI6IjIwMjMtMDItMDggMjM6NTQ6NTguMTY1Mjg0In0.IA55zRBBa09zzLk-FK37ZgS67Q5Ip2rAfkt5VTqBIQg to get {'username': 'uname', 'password': 'upass', 'timestamp': '2023-02-08 23:54:58.165284'}
2023-02-09 00:19:22,327 - INFO - Customer Login info: Customer uname verified
2023-02-09 00:19:22,328 - INFO - Generated token eyJ0eXAiOiJKV1QiLCJhbGciOiJIUzI1NiJ9.eyJ1c2VybmFtZSI6InVuYW1lIiwicGFzc3dvcmQiOiJ1cGFzcyIsInRpbWVzdGFtcCI6IjIwMjMtMDItMDkgMDA6MTk6MjIuMzI4MTAxIn0.z5w4JjyyKU3cBiSiO-D1ad9UrMV5Cxafho5B7UCRPH4 for {'username': 'uname', 'password': 'upass', 'timestamp': '2023-02-09 00:19:22.328101'}
2023-02-09 00:19:52,992 - INFO - Decoded token b'eyJ0eXAiOiJKV1QiLCJhbGciOiJIUzI1NiJ9.eyJ1c2VybmFtZSI6InVuYW1lIiwicGFzc3dvcmQiOiJ1cGFzcyIsInRpbWVzdGFtcCI6IjIwMjMtMDItMDkgMDA6MTk6MjIuMzI4MTAxIn0.z5w4JjyyKU3cBiSiO-D1ad9UrMV5Cxafho5B7UCRPH4' to get {'username': 'uname', 'password': 'upass', 'timestamp': '2023-02-09 00:19:22.328101'}
2023-02-09 00:19:53,253 - INFO - Customer Login info: Customer uname verified
2023-02-09 00:19:53,253 - INFO - Decoded token eyJ0eXAiOiJKV1QiLCJhbGciOiJIUzI1NiJ9.eyJ1c2VybmFtZSI6InVuYW1lIiwicGFzc3dvcmQiOiJ1cGFzcyIsInRpbWVzdGFtcCI6IjIwMjMtMDItMDkgMDA6MTk6MjIuMzI4MTAxIn0.z5w4JjyyKU3cBiSiO-D1ad9UrMV5Cxafho5B7UCRPH4 to get {'username': 'uname', 'password': 'upass', 'timestamp': '2023-02-09 00:19:22.328101'}
2023-02-09 00:20:04,744 - ERROR - Could not authenticate token eyJ0eXAiOiJKV1QiLCJhbGciOIJIUzI1NiJ9.eyJ1c2VybmFtZSI6InVuYW1lIiwicGFzc3dvcmQiOiJ1cGFzcyIsInRpbWVzdGFtcCI6IjIwMjMtMDItMDkgMDA6MTk6MjIuMzI4MTAxIn0.z5w4JjyyKU3cBiSiO-D1ad9UrMV5Cxafho5B7UCRPH4
Traceback (most recent call last):
  File "/Users/dayeemparkar/opt/anaconda3/lib/python3.9/site-packages/jwt/api_jws.py", line 154, in _load
    header = json.loads(header_data.decode('utf-8'))
UnicodeDecodeError: 'utf-8' codec can't decode byte 0x82 in position 19: invalid start byte

During handling of the above exception, another exception occurred:

Traceback (most recent call last):
  File "/Users/dayeemparkar/Desktop/Training/BajajMarketsTrainingCaseStudy/helpers.py", line 34, in decorated
    data = Token.checkApiToken(bytes(token, 'utf-8'), SECRET_KEY)
  File "/Users/dayeemparkar/Desktop/Training/BajajMarketsTrainingCaseStudy/token_class.py", line 34, in checkApiToken
    header = jwt.get_unverified_header(token)
  File "/Users/dayeemparkar/opt/anaconda3/lib/python3.9/site-packages/jwt/api_jws.py", line 129, in get_unverified_header
    headers = self._load(jwt)[2]
  File "/Users/dayeemparkar/opt/anaconda3/lib/python3.9/site-packages/jwt/api_jws.py", line 156, in _load
    raise DecodeError('Invalid header string: %s' % e)
jwt.exceptions.DecodeError: Invalid header string: 'utf-8' codec can't decode byte 0x82 in position 19: invalid start byte
2023-02-09 00:20:13,006 - ERROR - Could not authenticate token eyJ0eXAiOiJKV1QiLCJhbGciOIJIUzI1NiJ9.eyJ1c2VybmFtZSI6InVuYW1lIiwicGFzc3dvcmQiOiJ1cGFzcyIsInRpbWVzdGFtcCI6IjIwMjMtMDItMDkgMDA6MTk6MjIuMzI4MTAxIn0.z5w4JjyyKU3cBiSiO-D1ad9UrMV5Cxafho5B7UCRPH4
Traceback (most recent call last):
  File "/Users/dayeemparkar/opt/anaconda3/lib/python3.9/site-packages/jwt/api_jws.py", line 154, in _load
    header = json.loads(header_data.decode('utf-8'))
UnicodeDecodeError: 'utf-8' codec can't decode byte 0x82 in position 19: invalid start byte

During handling of the above exception, another exception occurred:

Traceback (most recent call last):
  File "/Users/dayeemparkar/Desktop/Training/BajajMarketsTrainingCaseStudy/helpers.py", line 34, in decorated
    data = Token.checkApiToken(bytes(token, 'utf-8'), SECRET_KEY)
  File "/Users/dayeemparkar/Desktop/Training/BajajMarketsTrainingCaseStudy/token_class.py", line 34, in checkApiToken
    header = jwt.get_unverified_header(token)
  File "/Users/dayeemparkar/opt/anaconda3/lib/python3.9/site-packages/jwt/api_jws.py", line 129, in get_unverified_header
    headers = self._load(jwt)[2]
  File "/Users/dayeemparkar/opt/anaconda3/lib/python3.9/site-packages/jwt/api_jws.py", line 156, in _load
    raise DecodeError('Invalid header string: %s' % e)
jwt.exceptions.DecodeError: Invalid header string: 'utf-8' codec can't decode byte 0x82 in position 19: invalid start byte
2023-02-09 00:20:43,732 - INFO - Decoded token b'eyJ0eXAiOiJKV1QiLCJhbGciOiJIUzI1NiJ9.eyJ1c2VybmFtZSI6InVuYW1lIiwicGFzc3dvcmQiOiJ1cGFzcyIsInRpbWVzdGFtcCI6IjIwMjMtMDItMDkgMDA6MTk6MjIuMzI4MTAxIn0.z5w4JjyyKU3cBiSiO-D1ad9UrMV5Cxafho5B7UCRPH4' to get {'username': 'uname', 'password': 'upass', 'timestamp': '2023-02-09 00:19:22.328101'}
2023-02-09 00:20:43,994 - INFO - Customer Login info: Customer uname verified
2023-02-09 00:20:43,994 - INFO - Decoded token eyJ0eXAiOiJKV1QiLCJhbGciOiJIUzI1NiJ9.eyJ1c2VybmFtZSI6InVuYW1lIiwicGFzc3dvcmQiOiJ1cGFzcyIsInRpbWVzdGFtcCI6IjIwMjMtMDItMDkgMDA6MTk6MjIuMzI4MTAxIn0.z5w4JjyyKU3cBiSiO-D1ad9UrMV5Cxafho5B7UCRPH4 to get {'username': 'uname', 'password': 'upass', 'timestamp': '2023-02-09 00:19:22.328101'}
2023-02-09 00:35:26,695 - INFO - Customer Login info: Customer uname verified
2023-02-09 00:35:26,695 - INFO - Generated token eyJ0eXAiOiJKV1QiLCJhbGciOiJIUzI1NiJ9.eyJ1c2VybmFtZSI6InVuYW1lIiwicGFzc3dvcmQiOiJ1cGFzcyIsInRpbWVzdGFtcCI6IjIwMjMtMDItMDkgMDA6MzU6MjYuNjk1MjcwIn0.HcXQdlPdbFhor0iseZpnZsLXZLpujy186mnSU6C9EgE for {'username': 'uname', 'password': 'upass', 'timestamp': '2023-02-09 00:35:26.695270'}
2023-02-09 00:36:04,581 - INFO - Decoded token b'eyJ0eXAiOiJKV1QiLCJhbGciOiJIUzI1NiJ9.eyJ1c2VybmFtZSI6InVuYW1lIiwicGFzc3dvcmQiOiJ1cGFzcyIsInRpbWVzdGFtcCI6IjIwMjMtMDItMDkgMDA6MzU6MjYuNjk1MjcwIn0.HcXQdlPdbFhor0iseZpnZsLXZLpujy186mnSU6C9EgE' to get {'username': 'uname', 'password': 'upass', 'timestamp': '2023-02-09 00:35:26.695270'}
2023-02-09 00:36:04,842 - INFO - Customer Login info: Customer uname verified
2023-02-09 00:36:04,843 - INFO - Decoded token eyJ0eXAiOiJKV1QiLCJhbGciOiJIUzI1NiJ9.eyJ1c2VybmFtZSI6InVuYW1lIiwicGFzc3dvcmQiOiJ1cGFzcyIsInRpbWVzdGFtcCI6IjIwMjMtMDItMDkgMDA6MzU6MjYuNjk1MjcwIn0.HcXQdlPdbFhor0iseZpnZsLXZLpujy186mnSU6C9EgE to get {'username': 'uname', 'password': 'upass', 'timestamp': '2023-02-09 00:35:26.695270'}
2023-02-09 00:36:04,851 - INFO - Showing accounts for api customer
2023-02-09 00:36:35,461 - INFO - Decoded token b'eyJ0eXAiOiJKV1QiLCJhbGciOiJIUzI1NiJ9.eyJ1c2VybmFtZSI6InVuYW1lIiwicGFzc3dvcmQiOiJ1cGFzcyIsInRpbWVzdGFtcCI6IjIwMjMtMDItMDkgMDA6MzU6MjYuNjk1MjcwIn0.HcXQdlPdbFhor0iseZpnZsLXZLpujy186mnSU6C9EgE' to get {'username': 'uname', 'password': 'upass', 'timestamp': '2023-02-09 00:35:26.695270'}
2023-02-09 00:36:35,724 - INFO - Customer Login info: Customer uname verified
2023-02-09 00:36:35,725 - INFO - Decoded token eyJ0eXAiOiJKV1QiLCJhbGciOiJIUzI1NiJ9.eyJ1c2VybmFtZSI6InVuYW1lIiwicGFzc3dvcmQiOiJ1cGFzcyIsInRpbWVzdGFtcCI6IjIwMjMtMDItMDkgMDA6MzU6MjYuNjk1MjcwIn0.HcXQdlPdbFhor0iseZpnZsLXZLpujy186mnSU6C9EgE to get {'username': 'uname', 'password': 'upass', 'timestamp': '2023-02-09 00:35:26.695270'}
2023-02-09 00:36:35,737 - ERROR - Deposit error: Failed to deposit 100 into 1
Traceback (most recent call last):
  File "/Users/dayeemparkar/Desktop/Training/BajajMarketsTrainingCaseStudy/helpers.py", line 286, in tryToMakeDeposit
    DBConnection.insertRow(TRANSACTION_TABLE, params=['NULL', account_no, f"{amount}", f"'{DBConnection.getTimeStamp()}'"])
  File "/Users/dayeemparkar/Desktop/Training/BajajMarketsTrainingCaseStudy/db_connector_class.py", line 129, in insertRow
    cls.cur.execute(cls.generateInsertQuery(table_name, params, TRANSACTION_TABLE_COLS[1:]))
  File "/Users/dayeemparkar/Desktop/Training/BajajMarketsTrainingCaseStudy/db_connector_class.py", line 50, in generateInsertQuery
    return query + " VALUES (" + ", ".join(params) + ");"
TypeError: sequence item 1: expected str instance, int found
2023-02-09 00:38:09,070 - INFO - Customer Login info: Customer uname verified
2023-02-09 00:38:09,071 - INFO - Generated token eyJ0eXAiOiJKV1QiLCJhbGciOiJIUzI1NiJ9.eyJ1c2VybmFtZSI6InVuYW1lIiwicGFzc3dvcmQiOiJ1cGFzcyIsInRpbWVzdGFtcCI6IjIwMjMtMDItMDkgMDA6Mzg6MDkuMDcxMDU1In0.lFHuc2zHudIu-M_0rL2vcAG65zyZgfIYmEMZhClwxII for {'username': 'uname', 'password': 'upass', 'timestamp': '2023-02-09 00:38:09.071055'}
2023-02-09 00:38:33,305 - INFO - Decoded token b'eyJ0eXAiOiJKV1QiLCJhbGciOiJIUzI1NiJ9.eyJ1c2VybmFtZSI6InVuYW1lIiwicGFzc3dvcmQiOiJ1cGFzcyIsInRpbWVzdGFtcCI6IjIwMjMtMDItMDkgMDA6Mzg6MDkuMDcxMDU1In0.lFHuc2zHudIu-M_0rL2vcAG65zyZgfIYmEMZhClwxII' to get {'username': 'uname', 'password': 'upass', 'timestamp': '2023-02-09 00:38:09.071055'}
2023-02-09 00:38:33,567 - INFO - Customer Login info: Customer uname verified
2023-02-09 00:38:33,568 - INFO - Decoded token eyJ0eXAiOiJKV1QiLCJhbGciOiJIUzI1NiJ9.eyJ1c2VybmFtZSI6InVuYW1lIiwicGFzc3dvcmQiOiJ1cGFzcyIsInRpbWVzdGFtcCI6IjIwMjMtMDItMDkgMDA6Mzg6MDkuMDcxMDU1In0.lFHuc2zHudIu-M_0rL2vcAG65zyZgfIYmEMZhClwxII to get {'username': 'uname', 'password': 'upass', 'timestamp': '2023-02-09 00:38:09.071055'}
2023-02-09 00:38:33,572 - ERROR - Deposit error: Failed to deposit 100 into 1
Traceback (most recent call last):
  File "/Users/dayeemparkar/Desktop/Training/BajajMarketsTrainingCaseStudy/helpers.py", line 284, in tryToMakeDeposit
    new_amount = balance + amount
2023-02-09 12:38:52,285 - INFO - Clearing session variables for user uname
2023-02-09 12:38:52,286 - INFO - Session variables cleared
2023-02-09 12:38:58,396 - INFO - Customer Login info: Customer uname verified
2023-02-09 12:38:58,397 - INFO - Customer uname logged in with token eyJ0eXAiOiJKV1QiLCJhbGciOiJIUzI1NiJ9.eyJ1c2VybmFtZSI6InVuYW1lIiwicGFzc3dvcmQiOiIkMmIkMTIkOTMxQi5Mb01ieXB5VkczV1A2Y1Y5T2l6OC54Ny5rTFBFUDZKejY4MC9Tb3Exa3htZ2hLTW0iLCJ0aW1lc3RhbXAiOiIyMDIzLTAyLTA5IDEyOjM4OjU4LjM5NzAxMCJ9.c-p567eGqFxV5soVqaMg-AiRGIm5QkTv1Tkoz0o8ZzA
2023-02-09 12:39:00,491 - INFO - Clearing session variables
2023-02-09 12:39:00,492 - INFO - Session variables cleared
2023-02-09 12:39:00,497 - ERROR - Could not verify session for user  with token 
Traceback (most recent call last):
  File "/Users/dayeemparkar/opt/anaconda3/lib/python3.9/site-packages/jwt/api_jws.py", line 143, in _load
    signing_input, crypto_segment = jwt.rsplit(b'.', 1)
ValueError: not enough values to unpack (expected 2, got 1)

During handling of the above exception, another exception occurred:

Traceback (most recent call last):
  File "/Users/dayeemparkar/Desktop/Training/BajajMarketsTrainingCaseStudy/helpers.py", line 78, in verifySession
    data = Token.checkApiToken(bytes(token, 'utf-8'), SECRET_KEY)
  File "/Users/dayeemparkar/Desktop/Training/BajajMarketsTrainingCaseStudy/token_class.py", line 34, in checkApiToken
    header = jwt.get_unverified_header(token)
  File "/Users/dayeemparkar/opt/anaconda3/lib/python3.9/site-packages/jwt/api_jws.py", line 129, in get_unverified_header
    headers = self._load(jwt)[2]
  File "/Users/dayeemparkar/opt/anaconda3/lib/python3.9/site-packages/jwt/api_jws.py", line 146, in _load
    raise DecodeError('Not enough segments')
jwt.exceptions.DecodeError: Not enough segments
2023-02-09 12:39:20,018 - ERROR - Could not verify session for user  with token 
Traceback (most recent call last):
  File "/Users/dayeemparkar/opt/anaconda3/lib/python3.9/site-packages/jwt/api_jws.py", line 143, in _load
    signing_input, crypto_segment = jwt.rsplit(b'.', 1)
ValueError: not enough values to unpack (expected 2, got 1)

During handling of the above exception, another exception occurred:

Traceback (most recent call last):
  File "/Users/dayeemparkar/Desktop/Training/BajajMarketsTrainingCaseStudy/helpers.py", line 78, in verifySession
    data = Token.checkApiToken(bytes(token, 'utf-8'), SECRET_KEY)
  File "/Users/dayeemparkar/Desktop/Training/BajajMarketsTrainingCaseStudy/token_class.py", line 34, in checkApiToken
    header = jwt.get_unverified_header(token)
  File "/Users/dayeemparkar/opt/anaconda3/lib/python3.9/site-packages/jwt/api_jws.py", line 129, in get_unverified_header
    headers = self._load(jwt)[2]
  File "/Users/dayeemparkar/opt/anaconda3/lib/python3.9/site-packages/jwt/api_jws.py", line 146, in _load
    raise DecodeError('Not enough segments')
jwt.exceptions.DecodeError: Not enough segments
2023-02-09 12:43:06,643 - INFO - Customer Login info: Customer uname verified
2023-02-09 12:43:06,644 - INFO - Customer uname logged in with token eyJ0eXAiOiJKV1QiLCJhbGciOiJIUzI1NiJ9.eyJ1c2VybmFtZSI6InVuYW1lIiwicGFzc3dvcmQiOiIkMmIkMTIkOTMxQi5Mb01ieXB5VkczV1A2Y1Y5T2l6OC54Ny5rTFBFUDZKejY4MC9Tb3Exa3htZ2hLTW0iLCJ0aW1lc3RhbXAiOiIyMDIzLTAyLTA5IDEyOjQzOjA2LjY0NDA4NiJ9.wKAVZmZ8OgPt675OFcIfcHkEALuQjAV8LCRg7JmevIA
2023-02-09 12:43:32,704 - INFO - Decoded token b'eyJ0eXAiOiJKV1QiLCJhbGciOiJIUzI1NiJ9.eyJ1c2VybmFtZSI6InVuYW1lIiwicGFzc3dvcmQiOiIkMmIkMTIkOTMxQi5Mb01ieXB5VkczV1A2Y1Y5T2l6OC54Ny5rTFBFUDZKejY4MC9Tb3Exa3htZ2hLTW0iLCJ0aW1lc3RhbXAiOiIyMDIzLTAyLTA5IDEyOjQzOjA2LjY0NDA4NiJ9.wKAVZmZ8OgPt675OFcIfcHkEALuQjAV8LCRg7JmevIA' to get {'username': 'uname', 'password': '$2b$12$931B.LoMbypyVG3WP6cV9Oiz8.x7.kLPEP6Jz680/Soq1kxmghKMm', 'timestamp': '2023-02-09 12:43:06.644086'}
2023-02-09 12:43:41,240 - INFO - Decoded token b'eyJ0eXAiOiJKV1QiLCJhbGciOiJIUzI1NiJ9.eyJ1c2VybmFtZSI6InVuYW1lIiwicGFzc3dvcmQiOiIkMmIkMTIkOTMxQi5Mb01ieXB5VkczV1A2Y1Y5T2l6OC54Ny5rTFBFUDZKejY4MC9Tb3Exa3htZ2hLTW0iLCJ0aW1lc3RhbXAiOiIyMDIzLTAyLTA5IDEyOjQzOjA2LjY0NDA4NiJ9.wKAVZmZ8OgPt675OFcIfcHkEALuQjAV8LCRg7JmevIA' to get {'username': 'uname', 'password': '$2b$12$931B.LoMbypyVG3WP6cV9Oiz8.x7.kLPEP6Jz680/Soq1kxmghKMm', 'timestamp': '2023-02-09 12:43:06.644086'}
2023-02-09 12:43:41,247 - INFO - Displaying transaction history of account 2
2023-02-09 12:44:43,305 - INFO - Clearing session variables for user uname
2023-02-09 12:44:43,305 - INFO - Session variables cleared
2023-02-09 12:46:01,846 - INFO - Clearing session variables
2023-02-09 12:46:01,846 - INFO - Session variables cleared
2023-02-09 12:46:01,851 - ERROR - Could not verify session for user  with token 
Traceback (most recent call last):
  File "/Users/dayeemparkar/opt/anaconda3/lib/python3.9/site-packages/jwt/api_jws.py", line 143, in _load
    signing_input, crypto_segment = jwt.rsplit(b'.', 1)
ValueError: not enough values to unpack (expected 2, got 1)

During handling of the above exception, another exception occurred:

Traceback (most recent call last):
  File "/Users/dayeemparkar/Desktop/Training/BajajMarketsTrainingCaseStudy/helpers.py", line 78, in verifySession
    data = Token.checkApiToken(bytes(token, 'utf-8'), SECRET_KEY)
  File "/Users/dayeemparkar/Desktop/Training/BajajMarketsTrainingCaseStudy/token_class.py", line 34, in checkApiToken
    header = jwt.get_unverified_header(token)
  File "/Users/dayeemparkar/opt/anaconda3/lib/python3.9/site-packages/jwt/api_jws.py", line 129, in get_unverified_header
    headers = self._load(jwt)[2]
  File "/Users/dayeemparkar/opt/anaconda3/lib/python3.9/site-packages/jwt/api_jws.py", line 146, in _load
    raise DecodeError('Not enough segments')
jwt.exceptions.DecodeError: Not enough segments
2023-02-09 12:53:46,715 - INFO - Trying to add a new customer dayeemparkar
2023-02-09 12:53:47,017 - INFO - Customer dayeemparkar created
2023-02-09 12:54:17,765 - INFO - Customer Login info: Customer dayeemparkar verified
2023-02-09 12:54:17,765 - INFO - Customer dayeemparkar logged in with token eyJ0eXAiOiJKV1QiLCJhbGciOiJIUzI1NiJ9.eyJ1c2VybmFtZSI6ImRheWVlbXBhcmthciIsInBhc3N3b3JkIjoiJDJiJDEyJDVmRnh2TC81Z2dqZGVaOEtoRmxra09rTDhIU3prNVRtczBsTms2anN2Rms4RGRTZzdtSXNLIiwidGltZXN0YW1wIjoiMjAyMy0wMi0wOSAxMjo1NDoxNy43NjUyOTQifQ.rh0JnYdMBJj6ubLElVz6vQd_OOUFRn-N___ztA-irNA
2023-02-09 12:54:29,024 - INFO - Decoded token b'eyJ0eXAiOiJKV1QiLCJhbGciOiJIUzI1NiJ9.eyJ1c2VybmFtZSI6ImRheWVlbXBhcmthciIsInBhc3N3b3JkIjoiJDJiJDEyJDVmRnh2TC81Z2dqZGVaOEtoRmxra09rTDhIU3prNVRtczBsTms2anN2Rms4RGRTZzdtSXNLIiwidGltZXN0YW1wIjoiMjAyMy0wMi0wOSAxMjo1NDoxNy43NjUyOTQifQ.rh0JnYdMBJj6ubLElVz6vQd_OOUFRn-N___ztA-irNA' to get {'username': 'dayeemparkar', 'password': '$2b$12$5fFxvL/5ggjdeZ8KhFlkkOkL8HSzk5Tms0lNk6jsvFk8DdSg7mIsK', 'timestamp': '2023-02-09 12:54:17.765294'}
2023-02-09 12:54:53,040 - INFO - Decoded token b'eyJ0eXAiOiJKV1QiLCJhbGciOiJIUzI1NiJ9.eyJ1c2VybmFtZSI6ImRheWVlbXBhcmthciIsInBhc3N3b3JkIjoiJDJiJDEyJDVmRnh2TC81Z2dqZGVaOEtoRmxra09rTDhIU3prNVRtczBsTms2anN2Rms4RGRTZzdtSXNLIiwidGltZXN0YW1wIjoiMjAyMy0wMi0wOSAxMjo1NDoxNy43NjUyOTQifQ.rh0JnYdMBJj6ubLElVz6vQd_OOUFRn-N___ztA-irNA' to get {'username': 'dayeemparkar', 'password': '$2b$12$5fFxvL/5ggjdeZ8KhFlkkOkL8HSzk5Tms0lNk6jsvFk8DdSg7mIsK', 'timestamp': '2023-02-09 12:54:17.765294'}
2023-02-09 12:54:53,311 - INFO - Created new account for customer dayeemparkar
2023-02-09 12:54:53,315 - INFO - Decoded token b'eyJ0eXAiOiJKV1QiLCJhbGciOiJIUzI1NiJ9.eyJ1c2VybmFtZSI6ImRheWVlbXBhcmthciIsInBhc3N3b3JkIjoiJDJiJDEyJDVmRnh2TC81Z2dqZGVaOEtoRmxra09rTDhIU3prNVRtczBsTms2anN2Rms4RGRTZzdtSXNLIiwidGltZXN0YW1wIjoiMjAyMy0wMi0wOSAxMjo1NDoxNy43NjUyOTQifQ.rh0JnYdMBJj6ubLElVz6vQd_OOUFRn-N___ztA-irNA' to get {'username': 'dayeemparkar', 'password': '$2b$12$5fFxvL/5ggjdeZ8KhFlkkOkL8HSzk5Tms0lNk6jsvFk8DdSg7mIsK', 'timestamp': '2023-02-09 12:54:17.765294'}
2023-02-09 12:54:58,166 - INFO - Decoded token b'eyJ0eXAiOiJKV1QiLCJhbGciOiJIUzI1NiJ9.eyJ1c2VybmFtZSI6ImRheWVlbXBhcmthciIsInBhc3N3b3JkIjoiJDJiJDEyJDVmRnh2TC81Z2dqZGVaOEtoRmxra09rTDhIU3prNVRtczBsTms2anN2Rms4RGRTZzdtSXNLIiwidGltZXN0YW1wIjoiMjAyMy0wMi0wOSAxMjo1NDoxNy43NjUyOTQifQ.rh0JnYdMBJj6ubLElVz6vQd_OOUFRn-N___ztA-irNA' to get {'username': 'dayeemparkar', 'password': '$2b$12$5fFxvL/5ggjdeZ8KhFlkkOkL8HSzk5Tms0lNk6jsvFk8DdSg7mIsK', 'timestamp': '2023-02-09 12:54:17.765294'}
2023-02-09 12:54:58,173 - INFO - Displaying transaction history of account 5
2023-02-09 12:55:09,906 - INFO - Decoded token b'eyJ0eXAiOiJKV1QiLCJhbGciOiJIUzI1NiJ9.eyJ1c2VybmFtZSI6ImRheWVlbXBhcmthciIsInBhc3N3b3JkIjoiJDJiJDEyJDVmRnh2TC81Z2dqZGVaOEtoRmxra09rTDhIU3prNVRtczBsTms2anN2Rms4RGRTZzdtSXNLIiwidGltZXN0YW1wIjoiMjAyMy0wMi0wOSAxMjo1NDoxNy43NjUyOTQifQ.rh0JnYdMBJj6ubLElVz6vQd_OOUFRn-N___ztA-irNA' to get {'username': 'dayeemparkar', 'password': '$2b$12$5fFxvL/5ggjdeZ8KhFlkkOkL8HSzk5Tms0lNk6jsvFk8DdSg7mIsK', 'timestamp': '2023-02-09 12:54:17.765294'}
2023-02-09 12:55:17,122 - INFO - Decoded token b'eyJ0eXAiOiJKV1QiLCJhbGciOiJIUzI1NiJ9.eyJ1c2VybmFtZSI6ImRheWVlbXBhcmthciIsInBhc3N3b3JkIjoiJDJiJDEyJDVmRnh2TC81Z2dqZGVaOEtoRmxra09rTDhIU3prNVRtczBsTms2anN2Rms4RGRTZzdtSXNLIiwidGltZXN0YW1wIjoiMjAyMy0wMi0wOSAxMjo1NDoxNy43NjUyOTQifQ.rh0JnYdMBJj6ubLElVz6vQd_OOUFRn-N___ztA-irNA' to get {'username': 'dayeemparkar', 'password': '$2b$12$5fFxvL/5ggjdeZ8KhFlkkOkL8HSzk5Tms0lNk6jsvFk8DdSg7mIsK', 'timestamp': '2023-02-09 12:54:17.765294'}
2023-02-09 12:55:26,296 - INFO - Decoded token b'eyJ0eXAiOiJKV1QiLCJhbGciOiJIUzI1NiJ9.eyJ1c2VybmFtZSI6ImRheWVlbXBhcmthciIsInBhc3N3b3JkIjoiJDJiJDEyJDVmRnh2TC81Z2dqZGVaOEtoRmxra09rTDhIU3prNVRtczBsTms2anN2Rms4RGRTZzdtSXNLIiwidGltZXN0YW1wIjoiMjAyMy0wMi0wOSAxMjo1NDoxNy43NjUyOTQifQ.rh0JnYdMBJj6ubLElVz6vQd_OOUFRn-N___ztA-irNA' to get {'username': 'dayeemparkar', 'password': '$2b$12$5fFxvL/5ggjdeZ8KhFlkkOkL8HSzk5Tms0lNk6jsvFk8DdSg7mIsK', 'timestamp': '2023-02-09 12:54:17.765294'}
2023-02-09 12:55:26,573 - INFO - Decoded token b'eyJ0eXAiOiJKV1QiLCJhbGciOiJIUzI1NiJ9.eyJ1c2VybmFtZSI6ImRheWVlbXBhcmthciIsInBhc3N3b3JkIjoiJDJiJDEyJDVmRnh2TC81Z2dqZGVaOEtoRmxra09rTDhIU3prNVRtczBsTms2anN2Rms4RGRTZzdtSXNLIiwidGltZXN0YW1wIjoiMjAyMy0wMi0wOSAxMjo1NDoxNy43NjUyOTQifQ.rh0JnYdMBJj6ubLElVz6vQd_OOUFRn-N___ztA-irNA' to get {'username': 'dayeemparkar', 'password': '$2b$12$5fFxvL/5ggjdeZ8KhFlkkOkL8HSzk5Tms0lNk6jsvFk8DdSg7mIsK', 'timestamp': '2023-02-09 12:54:17.765294'}
2023-02-09 12:55:26,576 - INFO - Displaying transaction history of account 5
2023-02-09 12:55:40,045 - INFO - Decoded token b'eyJ0eXAiOiJKV1QiLCJhbGciOiJIUzI1NiJ9.eyJ1c2VybmFtZSI6ImRheWVlbXBhcmthciIsInBhc3N3b3JkIjoiJDJiJDEyJDVmRnh2TC81Z2dqZGVaOEtoRmxra09rTDhIU3prNVRtczBsTms2anN2Rms4RGRTZzdtSXNLIiwidGltZXN0YW1wIjoiMjAyMy0wMi0wOSAxMjo1NDoxNy43NjUyOTQifQ.rh0JnYdMBJj6ubLElVz6vQd_OOUFRn-N___ztA-irNA' to get {'username': 'dayeemparkar', 'password': '$2b$12$5fFxvL/5ggjdeZ8KhFlkkOkL8HSzk5Tms0lNk6jsvFk8DdSg7mIsK', 'timestamp': '2023-02-09 12:54:17.765294'}
2023-02-09 12:55:47,269 - INFO - Decoded token b'eyJ0eXAiOiJKV1QiLCJhbGciOiJIUzI1NiJ9.eyJ1c2VybmFtZSI6ImRheWVlbXBhcmthciIsInBhc3N3b3JkIjoiJDJiJDEyJDVmRnh2TC81Z2dqZGVaOEtoRmxra09rTDhIU3prNVRtczBsTms2anN2Rms4RGRTZzdtSXNLIiwidGltZXN0YW1wIjoiMjAyMy0wMi0wOSAxMjo1NDoxNy43NjUyOTQifQ.rh0JnYdMBJj6ubLElVz6vQd_OOUFRn-N___ztA-irNA' to get {'username': 'dayeemparkar', 'password': '$2b$12$5fFxvL/5ggjdeZ8KhFlkkOkL8HSzk5Tms0lNk6jsvFk8DdSg7mIsK', 'timestamp': '2023-02-09 12:54:17.765294'}
2023-02-09 12:55:49,014 - INFO - Decoded token b'eyJ0eXAiOiJKV1QiLCJhbGciOiJIUzI1NiJ9.eyJ1c2VybmFtZSI6ImRheWVlbXBhcmthciIsInBhc3N3b3JkIjoiJDJiJDEyJDVmRnh2TC81Z2dqZGVaOEtoRmxra09rTDhIU3prNVRtczBsTms2anN2Rms4RGRTZzdtSXNLIiwidGltZXN0YW1wIjoiMjAyMy0wMi0wOSAxMjo1NDoxNy43NjUyOTQifQ.rh0JnYdMBJj6ubLElVz6vQd_OOUFRn-N___ztA-irNA' to get {'username': 'dayeemparkar', 'password': '$2b$12$5fFxvL/5ggjdeZ8KhFlkkOkL8HSzk5Tms0lNk6jsvFk8DdSg7mIsK', 'timestamp': '2023-02-09 12:54:17.765294'}
2023-02-09 12:56:01,078 - INFO - Decoded token b'eyJ0eXAiOiJKV1QiLCJhbGciOiJIUzI1NiJ9.eyJ1c2VybmFtZSI6ImRheWVlbXBhcmthciIsInBhc3N3b3JkIjoiJDJiJDEyJDVmRnh2TC81Z2dqZGVaOEtoRmxra09rTDhIU3prNVRtczBsTms2anN2Rms4RGRTZzdtSXNLIiwidGltZXN0YW1wIjoiMjAyMy0wMi0wOSAxMjo1NDoxNy43NjUyOTQifQ.rh0JnYdMBJj6ubLElVz6vQd_OOUFRn-N___ztA-irNA' to get {'username': 'dayeemparkar', 'password': '$2b$12$5fFxvL/5ggjdeZ8KhFlkkOkL8HSzk5Tms0lNk6jsvFk8DdSg7mIsK', 'timestamp': '2023-02-09 12:54:17.765294'}
2023-02-09 12:56:01,356 - INFO - Decoded token b'eyJ0eXAiOiJKV1QiLCJhbGciOiJIUzI1NiJ9.eyJ1c2VybmFtZSI6ImRheWVlbXBhcmthciIsInBhc3N3b3JkIjoiJDJiJDEyJDVmRnh2TC81Z2dqZGVaOEtoRmxra09rTDhIU3prNVRtczBsTms2anN2Rms4RGRTZzdtSXNLIiwidGltZXN0YW1wIjoiMjAyMy0wMi0wOSAxMjo1NDoxNy43NjUyOTQifQ.rh0JnYdMBJj6ubLElVz6vQd_OOUFRn-N___ztA-irNA' to get {'username': 'dayeemparkar', 'password': '$2b$12$5fFxvL/5ggjdeZ8KhFlkkOkL8HSzk5Tms0lNk6jsvFk8DdSg7mIsK', 'timestamp': '2023-02-09 12:54:17.765294'}
2023-02-09 12:56:01,359 - INFO - Displaying transaction history of account 5
2023-02-09 12:56:10,561 - INFO - Decoded token b'eyJ0eXAiOiJKV1QiLCJhbGciOiJIUzI1NiJ9.eyJ1c2VybmFtZSI6ImRheWVlbXBhcmthciIsInBhc3N3b3JkIjoiJDJiJDEyJDVmRnh2TC81Z2dqZGVaOEtoRmxra09rTDhIU3prNVRtczBsTms2anN2Rms4RGRTZzdtSXNLIiwidGltZXN0YW1wIjoiMjAyMy0wMi0wOSAxMjo1NDoxNy43NjUyOTQifQ.rh0JnYdMBJj6ubLElVz6vQd_OOUFRn-N___ztA-irNA' to get {'username': 'dayeemparkar', 'password': '$2b$12$5fFxvL/5ggjdeZ8KhFlkkOkL8HSzk5Tms0lNk6jsvFk8DdSg7mIsK', 'timestamp': '2023-02-09 12:54:17.765294'}
2023-02-09 12:56:58,141 - INFO - Decoded token b'eyJ0eXAiOiJKV1QiLCJhbGciOiJIUzI1NiJ9.eyJ1c2VybmFtZSI6ImRheWVlbXBhcmthciIsInBhc3N3b3JkIjoiJDJiJDEyJDVmRnh2TC81Z2dqZGVaOEtoRmxra09rTDhIU3prNVRtczBsTms2anN2Rms4RGRTZzdtSXNLIiwidGltZXN0YW1wIjoiMjAyMy0wMi0wOSAxMjo1NDoxNy43NjUyOTQifQ.rh0JnYdMBJj6ubLElVz6vQd_OOUFRn-N___ztA-irNA' to get {'username': 'dayeemparkar', 'password': '$2b$12$5fFxvL/5ggjdeZ8KhFlkkOkL8HSzk5Tms0lNk6jsvFk8DdSg7mIsK', 'timestamp': '2023-02-09 12:54:17.765294'}
2023-02-09 12:57:00,095 - INFO - Decoded token b'eyJ0eXAiOiJKV1QiLCJhbGciOiJIUzI1NiJ9.eyJ1c2VybmFtZSI6ImRheWVlbXBhcmthciIsInBhc3N3b3JkIjoiJDJiJDEyJDVmRnh2TC81Z2dqZGVaOEtoRmxra09rTDhIU3prNVRtczBsTms2anN2Rms4RGRTZzdtSXNLIiwidGltZXN0YW1wIjoiMjAyMy0wMi0wOSAxMjo1NDoxNy43NjUyOTQifQ.rh0JnYdMBJj6ubLElVz6vQd_OOUFRn-N___ztA-irNA' to get {'username': 'dayeemparkar', 'password': '$2b$12$5fFxvL/5ggjdeZ8KhFlkkOkL8HSzk5Tms0lNk6jsvFk8DdSg7mIsK', 'timestamp': '2023-02-09 12:54:17.765294'}
2023-02-09 12:57:10,580 - INFO - Decoded token b'eyJ0eXAiOiJKV1QiLCJhbGciOiJIUzI1NiJ9.eyJ1c2VybmFtZSI6ImRheWVlbXBhcmthciIsInBhc3N3b3JkIjoiJDJiJDEyJDVmRnh2TC81Z2dqZGVaOEtoRmxra09rTDhIU3prNVRtczBsTms2anN2Rms4RGRTZzdtSXNLIiwidGltZXN0YW1wIjoiMjAyMy0wMi0wOSAxMjo1NDoxNy43NjUyOTQifQ.rh0JnYdMBJj6ubLElVz6vQd_OOUFRn-N___ztA-irNA' to get {'username': 'dayeemparkar', 'password': '$2b$12$5fFxvL/5ggjdeZ8KhFlkkOkL8HSzk5Tms0lNk6jsvFk8DdSg7mIsK', 'timestamp': '2023-02-09 12:54:17.765294'}
2023-02-09 12:57:19,468 - INFO - Decoded token b'eyJ0eXAiOiJKV1QiLCJhbGciOiJIUzI1NiJ9.eyJ1c2VybmFtZSI6ImRheWVlbXBhcmthciIsInBhc3N3b3JkIjoiJDJiJDEyJDVmRnh2TC81Z2dqZGVaOEtoRmxra09rTDhIU3prNVRtczBsTms2anN2Rms4RGRTZzdtSXNLIiwidGltZXN0YW1wIjoiMjAyMy0wMi0wOSAxMjo1NDoxNy43NjUyOTQifQ.rh0JnYdMBJj6ubLElVz6vQd_OOUFRn-N___ztA-irNA' to get {'username': 'dayeemparkar', 'password': '$2b$12$5fFxvL/5ggjdeZ8KhFlkkOkL8HSzk5Tms0lNk6jsvFk8DdSg7mIsK', 'timestamp': '2023-02-09 12:54:17.765294'}
2023-02-09 12:57:34,035 - INFO - Clearing session variables
2023-02-09 12:57:34,036 - INFO - Session variables cleared
2023-02-09 12:57:53,179 - INFO - Customer Login info: Customer dayeemparkar verified
2023-02-09 12:57:53,180 - INFO - Generated token eyJ0eXAiOiJKV1QiLCJhbGciOiJIUzI1NiJ9.eyJ1c2VybmFtZSI6ImRheWVlbXBhcmthciIsInBhc3N3b3JkIjoiZGF5ZWVtIiwidGltZXN0YW1wIjoiMjAyMy0wMi0wOSAxMjo1Nzo1My4xNzk4OTYifQ.I04lLwRpoppB2IFFuKQQLno_y0TYay74o8XRtA-sa4k for {'username': 'dayeemparkar', 'password': 'dayeem', 'timestamp': '2023-02-09 12:57:53.179896'}
2023-02-09 12:58:08,305 - INFO - Decoded token b'eyJ0eXAiOiJKV1QiLCJhbGciOiJIUzI1NiJ9.eyJ1c2VybmFtZSI6ImRheWVlbXBhcmthciIsInBhc3N3b3JkIjoiZGF5ZWVtIiwidGltZXN0YW1wIjoiMjAyMy0wMi0wOSAxMjo1Nzo1My4xNzk4OTYifQ.I04lLwRpoppB2IFFuKQQLno_y0TYay74o8XRtA-sa4k' to get {'username': 'dayeemparkar', 'password': 'dayeem', 'timestamp': '2023-02-09 12:57:53.179896'}
2023-02-09 12:58:08,567 - INFO - Customer Login info: Customer dayeemparkar verified
2023-02-09 12:58:15,231 - ERROR - Could not authenticate token eyJ0eXAiOiJKV1QiLCJhbGciOiJIUZI1NiJ9.eyJ1c2VybmFtZSI6ImRheWVlbXBhcmthciIsInBhc3N3b3JkIjoiZGF5ZWVtIiwidGltZXN0YW1wIjoiMjAyMy0wMi0wOSAxMjo1Nzo1My4xNzk4OTYifQ.I04lLwRpoppB2IFFuKQQLno_y0TYay74o8XRtA-sa4k
Traceback (most recent call last):
  File "/Users/dayeemparkar/opt/anaconda3/lib/python3.9/site-packages/jwt/api_jws.py", line 154, in _load
    header = json.loads(header_data.decode('utf-8'))
UnicodeDecodeError: 'utf-8' codec can't decode byte 0x92 in position 22: invalid start byte

During handling of the above exception, another exception occurred:

Traceback (most recent call last):
  File "/Users/dayeemparkar/Desktop/Training/BajajMarketsTrainingCaseStudy/helpers.py", line 34, in decorated
    data = Token.checkApiToken(bytes(token, 'utf-8'), SECRET_KEY)
  File "/Users/dayeemparkar/Desktop/Training/BajajMarketsTrainingCaseStudy/token_class.py", line 34, in checkApiToken
    header = jwt.get_unverified_header(token)
  File "/Users/dayeemparkar/opt/anaconda3/lib/python3.9/site-packages/jwt/api_jws.py", line 129, in get_unverified_header
    headers = self._load(jwt)[2]
  File "/Users/dayeemparkar/opt/anaconda3/lib/python3.9/site-packages/jwt/api_jws.py", line 156, in _load
    raise DecodeError('Invalid header string: %s' % e)
jwt.exceptions.DecodeError: Invalid header string: 'utf-8' codec can't decode byte 0x92 in position 22: invalid start byte
2023-02-09 12:58:57,104 - INFO - Decoded token b'eyJ0eXAiOiJKV1QiLCJhbGciOiJIUzI1NiJ9.eyJ1c2VybmFtZSI6ImRheWVlbXBhcmthciIsInBhc3N3b3JkIjoiZGF5ZWVtIiwidGltZXN0YW1wIjoiMjAyMy0wMi0wOSAxMjo1Nzo1My4xNzk4OTYifQ.I04lLwRpoppB2IFFuKQQLno_y0TYay74o8XRtA-sa4k' to get {'username': 'dayeemparkar', 'password': 'dayeem', 'timestamp': '2023-02-09 12:57:53.179896'}
2023-02-09 12:58:57,365 - INFO - Customer Login info: Customer dayeemparkar verified
2023-02-09 12:58:57,365 - INFO - Decoded token eyJ0eXAiOiJKV1QiLCJhbGciOiJIUzI1NiJ9.eyJ1c2VybmFtZSI6ImRheWVlbXBhcmthciIsInBhc3N3b3JkIjoiZGF5ZWVtIiwidGltZXN0YW1wIjoiMjAyMy0wMi0wOSAxMjo1Nzo1My4xNzk4OTYifQ.I04lLwRpoppB2IFFuKQQLno_y0TYay74o8XRtA-sa4k to get {'username': 'dayeemparkar', 'password': 'dayeem', 'timestamp': '2023-02-09 12:57:53.179896'}
2023-02-09 12:58:57,594 - INFO - Created new account for api customer
2023-02-09 12:59:22,008 - INFO - Decoded token b'eyJ0eXAiOiJKV1QiLCJhbGciOiJIUzI1NiJ9.eyJ1c2VybmFtZSI6ImRheWVlbXBhcmthciIsInBhc3N3b3JkIjoiZGF5ZWVtIiwidGltZXN0YW1wIjoiMjAyMy0wMi0wOSAxMjo1Nzo1My4xNzk4OTYifQ.I04lLwRpoppB2IFFuKQQLno_y0TYay74o8XRtA-sa4k' to get {'username': 'dayeemparkar', 'password': 'dayeem', 'timestamp': '2023-02-09 12:57:53.179896'}
2023-02-09 12:59:22,267 - INFO - Customer Login info: Customer dayeemparkar verified
2023-02-09 12:59:22,267 - INFO - Decoded token eyJ0eXAiOiJKV1QiLCJhbGciOiJIUzI1NiJ9.eyJ1c2VybmFtZSI6ImRheWVlbXBhcmthciIsInBhc3N3b3JkIjoiZGF5ZWVtIiwidGltZXN0YW1wIjoiMjAyMy0wMi0wOSAxMjo1Nzo1My4xNzk4OTYifQ.I04lLwRpoppB2IFFuKQQLno_y0TYay74o8XRtA-sa4k to get {'username': 'dayeemparkar', 'password': 'dayeem', 'timestamp': '2023-02-09 12:57:53.179896'}
2023-02-09 12:59:22,269 - INFO - Showing accounts for api customer
2023-02-09 14:42:25,376 - INFO - Customer Login info: Customer uname verified
2023-02-09 14:42:25,376 - INFO - Customer uname logged in with token eyJ0eXAiOiJKV1QiLCJhbGciOiJIUzI1NiJ9.eyJ1c2VybmFtZSI6InVuYW1lIiwicGFzc3dvcmQiOiIkMmIkMTIkOTMxQi5Mb01ieXB5VkczV1A2Y1Y5T2l6OC54Ny5rTFBFUDZKejY4MC9Tb3Exa3htZ2hLTW0iLCJ0aW1lc3RhbXAiOiIyMDIzLTAyLTA5IDE0OjQyOjI1LjM3NjIxMyJ9.o8El-S2kg1aSScnLCaGb_35o-6XNsE43wTe-jMQKAnM
2023-02-09 14:42:25,381 - ERROR - Error while accessing home. User: uname
Traceback (most recent call last):
  File "/Users/dayeemparkar/Desktop/Training/BajajMarketsTrainingCaseStudy/app.py", line 31, in home
    customer = getCustomer(session[USERNAME, ''])
  File "/Users/dayeemparkar/opt/anaconda3/lib/python3.9/site-packages/flask/sessions.py", line 80, in __getitem__
    return super().__getitem__(key)
KeyError: ('username', '')
2023-02-09 15:04:12,910 - INFO - Clearing session variables for user uname
2023-02-09 15:04:12,910 - INFO - Session variables cleared
2023-02-09 15:04:18,554 - INFO - Customer Login info: Customer dayeemparkar verified
2023-02-09 15:04:18,554 - INFO - Customer dayeemparkar logged in with token eyJ0eXAiOiJKV1QiLCJhbGciOiJIUzI1NiJ9.eyJ1c2VybmFtZSI6ImRheWVlbXBhcmthciIsInBhc3N3b3JkIjoiJDJiJDEyJDVmRnh2TC81Z2dqZGVaOEtoRmxra09rTDhIU3prNVRtczBsTms2anN2Rms4RGRTZzdtSXNLIiwidGltZXN0YW1wIjoiMjAyMy0wMi0wOSAxNTowNDoxOC41NTQzMTUifQ.Mn01AOeWRNSv-NsckJ4pRibNxVmAoFYxcGrEq1N00qo
2023-02-09 15:04:56,117 - INFO - Decoded token b'eyJ0eXAiOiJKV1QiLCJhbGciOiJIUzI1NiJ9.eyJ1c2VybmFtZSI6ImRheWVlbXBhcmthciIsInBhc3N3b3JkIjoiJDJiJDEyJDVmRnh2TC81Z2dqZGVaOEtoRmxra09rTDhIU3prNVRtczBsTms2anN2Rms4RGRTZzdtSXNLIiwidGltZXN0YW1wIjoiMjAyMy0wMi0wOSAxNTowNDoxOC41NTQzMTUifQ.Mn01AOeWRNSv-NsckJ4pRibNxVmAoFYxcGrEq1N00qo' to get {'username': 'dayeemparkar', 'password': '$2b$12$5fFxvL/5ggjdeZ8KhFlkkOkL8HSzk5Tms0lNk6jsvFk8DdSg7mIsK', 'timestamp': '2023-02-09 15:04:18.554315'}
2023-02-09 15:05:02,289 - INFO - Decoded token b'eyJ0eXAiOiJKV1QiLCJhbGciOiJIUzI1NiJ9.eyJ1c2VybmFtZSI6ImRheWVlbXBhcmthciIsInBhc3N3b3JkIjoiJDJiJDEyJDVmRnh2TC81Z2dqZGVaOEtoRmxra09rTDhIU3prNVRtczBsTms2anN2Rms4RGRTZzdtSXNLIiwidGltZXN0YW1wIjoiMjAyMy0wMi0wOSAxNTowNDoxOC41NTQzMTUifQ.Mn01AOeWRNSv-NsckJ4pRibNxVmAoFYxcGrEq1N00qo' to get {'username': 'dayeemparkar', 'password': '$2b$12$5fFxvL/5ggjdeZ8KhFlkkOkL8HSzk5Tms0lNk6jsvFk8DdSg7mIsK', 'timestamp': '2023-02-09 15:04:18.554315'}
2023-02-09 15:05:02,294 - INFO - Displaying transaction history of account 6
2023-02-09 15:05:07,335 - INFO - Decoded token b'eyJ0eXAiOiJKV1QiLCJhbGciOiJIUzI1NiJ9.eyJ1c2VybmFtZSI6ImRheWVlbXBhcmthciIsInBhc3N3b3JkIjoiJDJiJDEyJDVmRnh2TC81Z2dqZGVaOEtoRmxra09rTDhIU3prNVRtczBsTms2anN2Rms4RGRTZzdtSXNLIiwidGltZXN0YW1wIjoiMjAyMy0wMi0wOSAxNTowNDoxOC41NTQzMTUifQ.Mn01AOeWRNSv-NsckJ4pRibNxVmAoFYxcGrEq1N00qo' to get {'username': 'dayeemparkar', 'password': '$2b$12$5fFxvL/5ggjdeZ8KhFlkkOkL8HSzk5Tms0lNk6jsvFk8DdSg7mIsK', 'timestamp': '2023-02-09 15:04:18.554315'}
2023-02-09 15:08:00,872 - INFO - Decoded token b'eyJ0eXAiOiJKV1QiLCJhbGciOiJIUzI1NiJ9.eyJ1c2VybmFtZSI6ImRheWVlbXBhcmthciIsInBhc3N3b3JkIjoiJDJiJDEyJDVmRnh2TC81Z2dqZGVaOEtoRmxra09rTDhIU3prNVRtczBsTms2anN2Rms4RGRTZzdtSXNLIiwidGltZXN0YW1wIjoiMjAyMy0wMi0wOSAxNTowNDoxOC41NTQzMTUifQ.Mn01AOeWRNSv-NsckJ4pRibNxVmAoFYxcGrEq1N00qo' to get {'username': 'dayeemparkar', 'password': '$2b$12$5fFxvL/5ggjdeZ8KhFlkkOkL8HSzk5Tms0lNk6jsvFk8DdSg7mIsK', 'timestamp': '2023-02-09 15:04:18.554315'}
2023-02-09 15:08:36,200 - INFO - Clearing session variables
2023-02-09 15:08:36,200 - INFO - Session variables cleared
2023-02-09 15:08:36,206 - ERROR - Could not verify session for user  with token 
Traceback (most recent call last):
  File "/Users/dayeemparkar/opt/anaconda3/lib/python3.9/site-packages/jwt/api_jws.py", line 143, in _load
    signing_input, crypto_segment = jwt.rsplit(b'.', 1)
ValueError: not enough values to unpack (expected 2, got 1)

During handling of the above exception, another exception occurred:

Traceback (most recent call last):
  File "/Users/dayeemparkar/Desktop/Training/BajajMarketsTrainingCaseStudy/helpers.py", line 78, in verifySession
    data = Token.checkApiToken(bytes(token, 'utf-8'), SECRET_KEY)
  File "/Users/dayeemparkar/Desktop/Training/BajajMarketsTrainingCaseStudy/token_class.py", line 34, in checkApiToken
    header = jwt.get_unverified_header(token)
  File "/Users/dayeemparkar/opt/anaconda3/lib/python3.9/site-packages/jwt/api_jws.py", line 129, in get_unverified_header
    headers = self._load(jwt)[2]
  File "/Users/dayeemparkar/opt/anaconda3/lib/python3.9/site-packages/jwt/api_jws.py", line 146, in _load
    raise DecodeError('Not enough segments')
jwt.exceptions.DecodeError: Not enough segments
2023-02-09 15:09:07,142 - INFO - Customer Login info: Customer dayeemparkar verified
2023-02-09 15:09:07,142 - INFO - Customer dayeemparkar logged in with token eyJ0eXAiOiJKV1QiLCJhbGciOiJIUzI1NiJ9.eyJ1c2VybmFtZSI6ImRheWVlbXBhcmthciIsInBhc3N3b3JkIjoiJDJiJDEyJDVmRnh2TC81Z2dqZGVaOEtoRmxra09rTDhIU3prNVRtczBsTms2anN2Rms4RGRTZzdtSXNLIiwidGltZXN0YW1wIjoiMjAyMy0wMi0wOSAxNTowOTowNy4xNDI1ODEifQ.O_c-P6E677aG_SONb4fXG8vpxW2BP9mCJJafQfDMCUs
2023-02-09 15:09:21,610 - INFO - Clearing session variables
2023-02-09 15:09:21,611 - INFO - Session variables cleared
2023-02-09 15:23:06,945 - INFO - Clearing session variables
2023-02-09 15:23:06,946 - INFO - Session variables cleared
2023-02-09 15:23:06,952 - ERROR - Could not verify session for user  with token 
Traceback (most recent call last):
  File "/Users/dayeemparkar/opt/anaconda3/lib/python3.9/site-packages/jwt/api_jws.py", line 143, in _load
    signing_input, crypto_segment = jwt.rsplit(b'.', 1)
ValueError: not enough values to unpack (expected 2, got 1)

During handling of the above exception, another exception occurred:

Traceback (most recent call last):
  File "/Users/dayeemparkar/Desktop/Training/BajajMarketsTrainingCaseStudy/helpers.py", line 78, in verifySession
    data = Token.checkApiToken(bytes(token, 'utf-8'), SECRET_KEY)
  File "/Users/dayeemparkar/Desktop/Training/BajajMarketsTrainingCaseStudy/token_class.py", line 34, in checkApiToken
    header = jwt.get_unverified_header(token)
  File "/Users/dayeemparkar/opt/anaconda3/lib/python3.9/site-packages/jwt/api_jws.py", line 129, in get_unverified_header
    headers = self._load(jwt)[2]
  File "/Users/dayeemparkar/opt/anaconda3/lib/python3.9/site-packages/jwt/api_jws.py", line 146, in _load
    raise DecodeError('Not enough segments')
jwt.exceptions.DecodeError: Not enough segments
2023-02-09 15:23:17,528 - ERROR - Could not verify session for user  with token 
Traceback (most recent call last):
  File "/Users/dayeemparkar/opt/anaconda3/lib/python3.9/site-packages/jwt/api_jws.py", line 143, in _load
    signing_input, crypto_segment = jwt.rsplit(b'.', 1)
ValueError: not enough values to unpack (expected 2, got 1)

During handling of the above exception, another exception occurred:

Traceback (most recent call last):
  File "/Users/dayeemparkar/Desktop/Training/BajajMarketsTrainingCaseStudy/helpers.py", line 78, in verifySession
    data = Token.checkApiToken(bytes(token, 'utf-8'), SECRET_KEY)
  File "/Users/dayeemparkar/Desktop/Training/BajajMarketsTrainingCaseStudy/token_class.py", line 34, in checkApiToken
    header = jwt.get_unverified_header(token)
  File "/Users/dayeemparkar/opt/anaconda3/lib/python3.9/site-packages/jwt/api_jws.py", line 129, in get_unverified_header
    headers = self._load(jwt)[2]
  File "/Users/dayeemparkar/opt/anaconda3/lib/python3.9/site-packages/jwt/api_jws.py", line 146, in _load
    raise DecodeError('Not enough segments')
jwt.exceptions.DecodeError: Not enough segments
2023-02-09 15:30:27,679 - INFO - Trying to add a new customer shivam
2023-02-09 15:30:27,951 - INFO - Customer shivam created
2023-02-09 15:30:47,522 - INFO - Clearing session variables
2023-02-09 15:30:47,523 - INFO - Session variables cleared
2023-02-09 15:30:47,526 - ERROR - Could not verify session for user  with token 
Traceback (most recent call last):
  File "/Users/dayeemparkar/opt/anaconda3/lib/python3.9/site-packages/jwt/api_jws.py", line 143, in _load
    signing_input, crypto_segment = jwt.rsplit(b'.', 1)
ValueError: not enough values to unpack (expected 2, got 1)

During handling of the above exception, another exception occurred:

Traceback (most recent call last):
  File "/Users/dayeemparkar/Desktop/Training/BajajMarketsTrainingCaseStudy/helpers.py", line 78, in verifySession
    data = Token.checkApiToken(bytes(token, 'utf-8'), SECRET_KEY)
  File "/Users/dayeemparkar/Desktop/Training/BajajMarketsTrainingCaseStudy/token_class.py", line 34, in checkApiToken
    header = jwt.get_unverified_header(token)
  File "/Users/dayeemparkar/opt/anaconda3/lib/python3.9/site-packages/jwt/api_jws.py", line 129, in get_unverified_header
    headers = self._load(jwt)[2]
  File "/Users/dayeemparkar/opt/anaconda3/lib/python3.9/site-packages/jwt/api_jws.py", line 146, in _load
    raise DecodeError('Not enough segments')
jwt.exceptions.DecodeError: Not enough segments
2023-02-09 15:30:48,067 - INFO - Clearing session variables
2023-02-09 15:30:48,067 - INFO - Session variables cleared
2023-02-09 15:30:54,651 - ERROR - Could not verify session for user  with token 
Traceback (most recent call last):
  File "/Users/dayeemparkar/opt/anaconda3/lib/python3.9/site-packages/jwt/api_jws.py", line 143, in _load
    signing_input, crypto_segment = jwt.rsplit(b'.', 1)
ValueError: not enough values to unpack (expected 2, got 1)

During handling of the above exception, another exception occurred:

Traceback (most recent call last):
  File "/Users/dayeemparkar/Desktop/Training/BajajMarketsTrainingCaseStudy/helpers.py", line 78, in verifySession
    data = Token.checkApiToken(bytes(token, 'utf-8'), SECRET_KEY)
  File "/Users/dayeemparkar/Desktop/Training/BajajMarketsTrainingCaseStudy/token_class.py", line 34, in checkApiToken
    header = jwt.get_unverified_header(token)
  File "/Users/dayeemparkar/opt/anaconda3/lib/python3.9/site-packages/jwt/api_jws.py", line 129, in get_unverified_header
    headers = self._load(jwt)[2]
  File "/Users/dayeemparkar/opt/anaconda3/lib/python3.9/site-packages/jwt/api_jws.py", line 146, in _load
    raise DecodeError('Not enough segments')
jwt.exceptions.DecodeError: Not enough segments
2023-02-09 15:30:59,204 - INFO - Deleted customer 4
2023-02-09 15:33:11,983 - INFO - Trying to add a new customer shivam
2023-02-09 15:33:12,270 - WARNING - Register customer warning: Username shivam, invalid mobile number 12345
